{"meta": {"format": 3, "version": "7.13.4", "timestamp": "2026-03-12T10:05:20.084083", "branch_coverage": false, "show_contexts": false}, "files": {"src\\ai\\__init__.py": {"executed_lines": [3, 4, 5, 6, 7, 9], "summary": {"covered_lines": 6, "num_statements": 6, "percent_covered": 100.0, "percent_covered_display": "100", "missing_lines": 0, "excluded_lines": 0, "percent_statements_covered": 100.0, "percent_statements_covered_display": "100"}, "missing_lines": [], "excluded_lines": [], "functions": {"": {"executed_lines": [3, 4, 5, 6, 7, 9], "summary": {"covered_lines": 6, "num_statements": 6, "percent_covered": 100.0, "percent_covered_display": "100", "missing_lines": 0, "excluded_lines": 0, "percent_statements_covered": 100.0, "percent_statements_covered_display": "100"}, "missing_lines": [], "excluded_lines": [], "start_line": 1}}, "classes": {"": {"executed_lines": [3, 4, 5, 6, 7, 9], "summary": {"covered_lines": 6, "num_statements": 6, "percent_covered": 100.0, "percent_covered_display": "100", "missing_lines": 0, "excluded_lines": 0, "percent_statements_covered": 100.0, "percent_statements_covered_display": "100"}, "missing_lines": [], "excluded_lines": [], "start_line": 1}}}, "src\\ai\\cache.py": {"executed_lines": [35, 37, 38, 39, 40, 41, 42, 44, 52, 53, 54, 55, 63, 82, 95, 124, 145, 157, 184, 185, 210], "summary": {"covered_lines": 21, "num_statements": 56, "percent_covered": 37.5, "percent_covered_display": "38", "missing_lines": 35, "excluded_lines": 0, "percent_statements_covered": 37.5, "percent_statements_covered_display": "38"}, "missing_lines": [83, 84, 85, 86, 87, 88, 89, 107, 108, 109, 110, 112, 113, 114, 115, 116, 119, 120, 121, 122, 134, 135, 136, 137, 139, 142, 143, 147, 148, 149, 150, 151, 170, 171, 201], "excluded_lines": [], "functions": {"StepCache.__init__": {"executed_lines": [], "summary": {"covered_lines": 0, "num_statements": 7, "percent_covered": 0.0, "percent_covered_display": "0", "missing_lines": 7, "excluded_lines": 0, "percent_statements_covered": 0.0, "percent_statements_covered_display": "0"}, "missing_lines": [83, 84, 85, 86, 87, 88, 89], "excluded_lines": [], "start_line": 82}, "StepCache.get": {"executed_lines": [], "summary": {"covered_lines": 0, "num_statements": 13, "percent_covered": 0.0, "percent_covered_display": "0", "missing_lines": 13, "excluded_lines": 0, "percent_statements_covered": 0.0, "percent_statements_covered_display": "0"}, "missing_lines": [107, 108, 109, 110, 112, 113, 114, 115, 116, 119, 120, 121, 122], "excluded_lines": [], "start_line": 95}, "StepCache.set": {"executed_lines": [], "summary": {"covered_lines": 0, "num_statements": 7, "percent_covered": 0.0, "percent_covered_display": "0", "missing_lines": 7, "excluded_lines": 0, "percent_statements_covered": 0.0, "percent_statements_covered_display": "0"}, "missing_lines": [134, 135, 136, 137, 139, 142, 143], "excluded_lines": [], "start_line": 124}, "StepCache.clear": {"executed_lines": [], "summary": {"covered_lines": 0, "num_statements": 5, "percent_covered": 0.0, "percent_covered_display": "0", "missing_lines": 5, "excluded_lines": 0, "percent_statements_covered": 0.0, "percent_statements_covered_display": "0"}, "missing_lines": [147, 148, 149, 150, 151], "excluded_lines": [], "start_line": 145}, "StepCache.get_stats": {"executed_lines": [], "summary": {"covered_lines": 0, "num_statements": 2, "percent_covered": 0.0, "percent_covered_display": "0", "missing_lines": 2, "excluded_lines": 0, "percent_statements_covered": 0.0, "percent_statements_covered_display": "0"}, "missing_lines": [170, 171], "excluded_lines": [], "start_line": 157}, "StepCache.hash_key": {"executed_lines": [], "summary": {"covered_lines": 0, "num_statements": 1, "percent_covered": 0.0, "percent_covered_display": "0", "missing_lines": 1, "excluded_lines": 0, "percent_statements_covered": 0.0, "percent_statements_covered_display": "0"}, "missing_lines": [201], "excluded_lines": [], "start_line": 185}, "": {"executed_lines": [35, 37, 38, 39, 40, 41, 42, 44, 52, 53, 54, 55, 63, 82, 95, 124, 145, 157, 184, 185, 210], "summary": {"covered_lines": 21, "num_statements": 21, "percent_covered": 100.0, "percent_covered_display": "100", "missing_lines": 0, "excluded_lines": 0, "percent_statements_covered": 100.0, "percent_statements_covered_display": "100"}, "missing_lines": [], "excluded_lines": [], "start_line": 1}}, "classes": {"_CacheItem": {"executed_lines": [], "summary": {"covered_lines": 0, "num_statements": 0, "percent_covered": 100.0, "percent_covered_display": "100", "missing_lines": 0, "excluded_lines": 0, "percent_statements_covered": 100.0, "percent_statements_covered_display": "100"}, "missing_lines": [], "excluded_lines": [], "start_line": 53}, "StepCache": {"executed_lines": [], "summary": {"covered_lines": 0, "num_statements": 35, "percent_covered": 0.0, "percent_covered_display": "0", "missing_lines": 35, "excluded_lines": 0, "percent_statements_covered": 0.0, "percent_statements_covered_display": "0"}, "missing_lines": [83, 84, 85, 86, 87, 88, 89, 107, 108, 109, 110, 112, 113, 114, 115, 116, 119, 120, 121, 122, 134, 135, 136, 137, 139, 142, 143, 147, 148, 149, 150, 151, 170, 171, 201], "excluded_lines": [], "start_line": 63}, "": {"executed_lines": [35, 37, 38, 39, 40, 41, 42, 44, 52, 53, 54, 55, 63, 82, 95, 124, 145, 157, 184, 185, 210], "summary": {"covered_lines": 21, "num_statements": 21, "percent_covered": 100.0, "percent_covered_display": "100", "missing_lines": 0, "excluded_lines": 0, "percent_statements_covered": 100.0, "percent_statements_covered_display": "100"}, "missing_lines": [], "excluded_lines": [], "start_line": 1}}}, "src\\ai\\ollama.py": {"executed_lines": [3, 5, 6, 7, 8, 10, 11, 13, 15, 16, 22, 62, 114, 160, 163, 187, 212, 241, 262, 278, 303, 335, 383, 426], "summary": {"covered_lines": 24, "num_statements": 126, "percent_covered": 19.047619047619047, "percent_covered_display": "19", "missing_lines": 102, "excluded_lines": 0, "percent_statements_covered": 19.047619047619047, "percent_statements_covered_display": "19"}, "missing_lines": [176, 177, 178, 179, 181, 193, 194, 195, 196, 197, 198, 199, 204, 205, 224, 230, 231, 232, 233, 234, 235, 236, 250, 251, 252, 253, 254, 255, 256, 268, 269, 270, 271, 272, 273, 274, 275, 276, 289, 290, 291, 292, 293, 294, 295, 296, 297, 298, 299, 300, 301, 314, 318, 322, 323, 324, 325, 326, 327, 328, 329, 330, 331, 332, 333, 350, 355, 360, 364, 365, 366, 367, 368, 369, 370, 371, 374, 375, 376, 377, 395, 401, 402, 403, 404, 405, 406, 407, 408, 409, 410, 411, 412, 416, 417, 418, 419, 420, 422, 437, 438, 439], "excluded_lines": [], "functions": {"OllamaClient.__init__": {"executed_lines": [], "summary": {"covered_lines": 0, "num_statements": 5, "percent_covered": 0.0, "percent_covered_display": "0", "missing_lines": 5, "excluded_lines": 0, "percent_statements_covered": 0.0, "percent_statements_covered_display": "0"}, "missing_lines": [176, 177, 178, 179, 181], "excluded_lines": [], "start_line": 163}, "OllamaClient.health": {"executed_lines": [], "summary": {"covered_lines": 0, "num_statements": 9, "percent_covered": 0.0, "percent_covered_display": "0", "missing_lines": 9, "excluded_lines": 0, "percent_statements_covered": 0.0, "percent_statements_covered_display": "0"}, "missing_lines": [193, 194, 195, 196, 197, 198, 199, 204, 205], "excluded_lines": [], "start_line": 187}, "OllamaClient.generate_json": {"executed_lines": [], "summary": {"covered_lines": 0, "num_statements": 8, "percent_covered": 0.0, "percent_covered_display": "0", "missing_lines": 8, "excluded_lines": 0, "percent_statements_covered": 0.0, "percent_statements_covered_display": "0"}, "missing_lines": [224, 230, 231, 232, 233, 234, 235, 236], "excluded_lines": [], "start_line": 212}, "OllamaClient.embed": {"executed_lines": [], "summary": {"covered_lines": 0, "num_statements": 7, "percent_covered": 0.0, "percent_covered_display": "0", "missing_lines": 7, "excluded_lines": 0, "percent_statements_covered": 0.0, "percent_statements_covered_display": "0"}, "missing_lines": [250, 251, 252, 253, 254, 255, 256], "excluded_lines": [], "start_line": 241}, "OllamaClient.is_available": {"executed_lines": [], "summary": {"covered_lines": 0, "num_statements": 9, "percent_covered": 0.0, "percent_covered_display": "0", "missing_lines": 9, "excluded_lines": 0, "percent_statements_covered": 0.0, "percent_statements_covered_display": "0"}, "missing_lines": [268, 269, 270, 271, 272, 273, 274, 275, 276], "excluded_lines": [], "start_line": 262}, "OllamaClient.extract_activities": {"executed_lines": [], "summary": {"covered_lines": 0, "num_statements": 13, "percent_covered": 0.0, "percent_covered_display": "0", "missing_lines": 13, "excluded_lines": 0, "percent_statements_covered": 0.0, "percent_statements_covered_display": "0"}, "missing_lines": [289, 290, 291, 292, 293, 294, 295, 296, 297, 298, 299, 300, 301], "excluded_lines": [], "start_line": 278}, "OllamaClient.assess_quality": {"executed_lines": [], "summary": {"covered_lines": 0, "num_statements": 14, "percent_covered": 0.0, "percent_covered_display": "0", "missing_lines": 14, "excluded_lines": 0, "percent_statements_covered": 0.0, "percent_statements_covered_display": "0"}, "missing_lines": [314, 318, 322, 323, 324, 325, 326, 327, 328, 329, 330, 331, 332, 333], "excluded_lines": [], "start_line": 303}, "OllamaClient.generate_insight": {"executed_lines": [], "summary": {"covered_lines": 0, "num_statements": 15, "percent_covered": 0.0, "percent_covered_display": "0", "missing_lines": 15, "excluded_lines": 0, "percent_statements_covered": 0.0, "percent_statements_covered_display": "0"}, "missing_lines": [350, 355, 360, 364, 365, 366, 367, 368, 369, 370, 371, 374, 375, 376, 377], "excluded_lines": [], "start_line": 335}, "OllamaClient._call_ollama": {"executed_lines": [], "summary": {"covered_lines": 0, "num_statements": 19, "percent_covered": 0.0, "percent_covered_display": "0", "missing_lines": 19, "excluded_lines": 0, "percent_statements_covered": 0.0, "percent_statements_covered_display": "0"}, "missing_lines": [395, 401, 402, 403, 404, 405, 406, 407, 408, 409, 410, 411, 412, 416, 417, 418, 419, 420, 422], "excluded_lines": [], "start_line": 383}, "OllamaClient._clean_json_response": {"executed_lines": [], "summary": {"covered_lines": 0, "num_statements": 3, "percent_covered": 0.0, "percent_covered_display": "0", "missing_lines": 3, "excluded_lines": 0, "percent_statements_covered": 0.0, "percent_statements_covered_display": "0"}, "missing_lines": [437, 438, 439], "excluded_lines": [], "start_line": 426}, "": {"executed_lines": [3, 5, 6, 7, 8, 10, 11, 13, 15, 16, 22, 62, 114, 160, 163, 187, 212, 241, 262, 278, 303, 335, 383, 426], "summary": {"covered_lines": 24, "num_statements": 24, "percent_covered": 100.0, "percent_covered_display": "100", "missing_lines": 0, "excluded_lines": 0, "percent_statements_covered": 100.0, "percent_statements_covered_display": "100"}, "missing_lines": [], "excluded_lines": [], "start_line": 1}}, "classes": {"OllamaClient": {"executed_lines": [], "summary": {"covered_lines": 0, "num_statements": 102, "percent_covered": 0.0, "percent_covered_display": "0", "missing_lines": 102, "excluded_lines": 0, "percent_statements_covered": 0.0, "percent_statements_covered_display": "0"}, "missing_lines": [176, 177, 178, 179, 181, 193, 194, 195, 196, 197, 198, 199, 204, 205, 224, 230, 231, 232, 233, 234, 235, 236, 250, 251, 252, 253, 254, 255, 256, 268, 269, 270, 271, 272, 273, 274, 275, 276, 289, 290, 291, 292, 293, 294, 295, 296, 297, 298, 299, 300, 301, 314, 318, 322, 323, 324, 325, 326, 327, 328, 329, 330, 331, 332, 333, 350, 355, 360, 364, 365, 366, 367, 368, 369, 370, 371, 374, 375, 376, 377, 395, 401, 402, 403, 404, 405, 406, 407, 408, 409, 410, 411, 412, 416, 417, 418, 419, 420, 422, 437, 438, 439], "excluded_lines": [], "start_line": 160}, "": {"executed_lines": [3, 5, 6, 7, 8, 10, 11, 13, 15, 16, 22, 62, 114, 160, 163, 187, 212, 241, 262, 278, 303, 335, 383, 426], "summary": {"covered_lines": 24, "num_statements": 24, "percent_covered": 100.0, "percent_covered_display": "100", "missing_lines": 0, "excluded_lines": 0, "percent_statements_covered": 100.0, "percent_statements_covered_display": "100"}, "missing_lines": [], "excluded_lines": [], "start_line": 1}}}, "src\\ai\\pipeline.py": {"executed_lines": [30, 32, 33, 34, 35, 36, 37, 38, 39, 40, 42, 44, 45, 46, 47, 50, 51, 52, 53, 54, 55, 56, 57, 58, 59, 60, 61, 62, 63, 65, 66, 67, 68, 69, 76, 78, 79, 87, 90, 101, 105, 113, 128, 163, 207, 227, 241, 242, 262, 366, 889, 902, 936, 950, 968, 979, 1039, 1064, 1109, 1122, 1171, 1213, 1267, 1268, 1350], "summary": {"covered_lines": 65, "num_statements": 301, "percent_covered": 21.59468438538206, "percent_covered_display": "22", "missing_lines": 236, "excluded_lines": 0, "percent_statements_covered": 21.59468438538206, "percent_statements_covered_display": "22"}, "missing_lines": [91, 92, 93, 102, 106, 119, 120, 136, 145, 146, 147, 149, 154, 156, 171, 173, 174, 175, 176, 177, 178, 179, 181, 182, 184, 189, 190, 191, 198, 199, 235, 236, 237, 238, 239, 243, 244, 245, 247, 248, 249, 251, 254, 256, 280, 281, 282, 284, 286, 287, 288, 294, 295, 296, 298, 299, 300, 302, 303, 308, 309, 310, 311, 312, 317, 318, 325, 326, 327, 328, 333, 334, 343, 346, 353, 360, 375, 376, 377, 379, 389, 390, 391, 397, 398, 399, 405, 406, 407, 408, 409, 410, 411, 418, 420, 421, 422, 423, 424, 433, 434, 435, 442, 454, 466, 474, 489, 512, 536, 560, 577, 591, 610, 633, 652, 669, 682, 698, 714, 730, 747, 773, 798, 813, 835, 847, 861, 862, 874, 892, 899, 900, 903, 911, 912, 914, 915, 924, 925, 926, 927, 928, 929, 939, 946, 947, 948, 958, 966, 969, 977, 990, 995, 996, 997, 998, 999, 1001, 1009, 1010, 1017, 1019, 1021, 1022, 1023, 1024, 1025, 1027, 1037, 1042, 1043, 1045, 1050, 1051, 1053, 1062, 1083, 1084, 1092, 1093, 1094, 1102, 1103, 1110, 1190, 1191, 1192, 1193, 1199, 1201, 1227, 1230, 1233, 1234, 1235, 1237, 1238, 1239, 1240, 1241, 1242, 1243, 1245, 1247, 1248, 1250, 1256, 1289, 1291, 1294, 1321, 1326, 1327, 1328, 1329, 1330, 1331, 1333, 1334, 1335, 1336, 1344, 1387, 1388, 1389, 1390, 1396, 1399, 1400, 1405, 1412, 1413, 1414, 1422, 1423, 1428], "excluded_lines": [], "functions": {"PipelineStepError.__init__": {"executed_lines": [], "summary": {"covered_lines": 0, "num_statements": 3, "percent_covered": 0.0, "percent_covered_display": "0", "missing_lines": 3, "excluded_lines": 0, "percent_statements_covered": 0.0, "percent_statements_covered_display": "0"}, "missing_lines": [91, 92, 93], "excluded_lines": [], "start_line": 90}, "_now_utc": {"executed_lines": [], "summary": {"covered_lines": 0, "num_statements": 1, "percent_covered": 0.0, "percent_covered_display": "0", "missing_lines": 1, "excluded_lines": 0, "percent_statements_covered": 0.0, "percent_statements_covered_display": "0"}, "missing_lines": [102], "excluded_lines": [], "start_line": 101}, "_iso8601z": {"executed_lines": [], "summary": {"covered_lines": 0, "num_statements": 1, "percent_covered": 0.0, "percent_covered_display": "0", "missing_lines": 1, "excluded_lines": 0, "percent_statements_covered": 0.0, "percent_statements_covered_display": "0"}, "missing_lines": [106], "excluded_lines": [], "start_line": 105}, "_derive_idempotency_key": {"executed_lines": [], "summary": {"covered_lines": 0, "num_statements": 2, "percent_covered": 0.0, "percent_covered_display": "0", "missing_lines": 2, "excluded_lines": 0, "percent_statements_covered": 0.0, "percent_statements_covered_display": "0"}, "missing_lines": [119, 120], "excluded_lines": [], "start_line": 113}, "_harmony_step": {"executed_lines": [], "summary": {"covered_lines": 0, "num_statements": 7, "percent_covered": 0.0, "percent_covered_display": "0", "missing_lines": 7, "excluded_lines": 0, "percent_statements_covered": 0.0, "percent_statements_covered_display": "0"}, "missing_lines": [136, 145, 146, 147, 149, 154, 156], "excluded_lines": [], "start_line": 128}, "_staleness_reset_step": {"executed_lines": [], "summary": {"covered_lines": 0, "num_statements": 16, "percent_covered": 0.0, "percent_covered_display": "0", "missing_lines": 16, "excluded_lines": 0, "percent_statements_covered": 0.0, "percent_statements_covered_display": "0"}, "missing_lines": [171, 173, 174, 175, 176, 177, 178, 179, 181, 182, 184, 189, 190, 191, 198, 199], "excluded_lines": [], "start_line": 163}, "PipelineProcessor.__init__": {"executed_lines": [], "summary": {"covered_lines": 0, "num_statements": 5, "percent_covered": 0.0, "percent_covered_display": "0", "missing_lines": 5, "excluded_lines": 0, "percent_statements_covered": 0.0, "percent_statements_covered_display": "0"}, "missing_lines": [235, 236, 237, 238, 239], "excluded_lines": [], "start_line": 227}, "PipelineProcessor._build_default_qdrant": {"executed_lines": [], "summary": {"covered_lines": 0, "num_statements": 9, "percent_covered": 0.0, "percent_covered_display": "0", "missing_lines": 9, "excluded_lines": 0, "percent_statements_covered": 0.0, "percent_statements_covered_display": "0"}, "missing_lines": [243, 244, 245, 247, 248, 249, 251, 254, 256], "excluded_lines": [], "start_line": 242}, "PipelineProcessor.process_entry": {"executed_lines": [], "summary": {"covered_lines": 0, "num_statements": 32, "percent_covered": 0.0, "percent_covered_display": "0", "missing_lines": 32, "excluded_lines": 0, "percent_statements_covered": 0.0, "percent_statements_covered_display": "0"}, "missing_lines": [280, 281, 282, 284, 286, 287, 288, 294, 295, 296, 298, 299, 300, 302, 303, 308, 309, 310, 311, 312, 317, 318, 325, 326, 327, 328, 333, 334, 343, 346, 353, 360], "excluded_lines": [], "start_line": 262}, "PipelineProcessor._run_steps": {"executed_lines": [], "summary": {"covered_lines": 0, "num_statements": 34, "percent_covered": 0.0, "percent_covered_display": "0", "missing_lines": 34, "excluded_lines": 0, "percent_statements_covered": 0.0, "percent_statements_covered_display": "0"}, "missing_lines": [375, 376, 377, 379, 433, 434, 435, 442, 454, 466, 474, 489, 512, 536, 560, 577, 591, 610, 633, 652, 669, 682, 698, 714, 730, 747, 773, 798, 813, 835, 847, 861, 862, 874], "excluded_lines": [], "start_line": 366}, "PipelineProcessor._run_steps.run_step": {"executed_lines": [], "summary": {"covered_lines": 0, "num_statements": 19, "percent_covered": 0.0, "percent_covered_display": "0", "missing_lines": 19, "excluded_lines": 0, "percent_statements_covered": 0.0, "percent_statements_covered_display": "0"}, "missing_lines": [389, 390, 391, 397, 398, 399, 405, 406, 407, 408, 409, 410, 411, 418, 420, 421, 422, 423, 424], "excluded_lines": [], "start_line": 379}, "PipelineProcessor._claim_idempotency": {"executed_lines": [], "summary": {"covered_lines": 0, "num_statements": 3, "percent_covered": 0.0, "percent_covered_display": "0", "missing_lines": 3, "excluded_lines": 0, "percent_statements_covered": 0.0, "percent_statements_covered_display": "0"}, "missing_lines": [892, 899, 900], "excluded_lines": [], "start_line": 889}, "PipelineProcessor._get_idempotent_replay": {"executed_lines": [], "summary": {"covered_lines": 0, "num_statements": 11, "percent_covered": 0.0, "percent_covered_display": "0", "missing_lines": 11, "excluded_lines": 0, "percent_statements_covered": 0.0, "percent_statements_covered_display": "0"}, "missing_lines": [903, 911, 912, 914, 915, 924, 925, 926, 927, 928, 929], "excluded_lines": [], "start_line": 902}, "PipelineProcessor._upsert_job": {"executed_lines": [], "summary": {"covered_lines": 0, "num_statements": 4, "percent_covered": 0.0, "percent_covered_display": "0", "missing_lines": 4, "excluded_lines": 0, "percent_statements_covered": 0.0, "percent_statements_covered_display": "0"}, "missing_lines": [939, 946, 947, 948], "excluded_lines": [], "start_line": 936}, "PipelineProcessor._create_attempt": {"executed_lines": [], "summary": {"covered_lines": 0, "num_statements": 2, "percent_covered": 0.0, "percent_covered_display": "0", "missing_lines": 2, "excluded_lines": 0, "percent_statements_covered": 0.0, "percent_statements_covered_display": "0"}, "missing_lines": [958, 966], "excluded_lines": [], "start_line": 950}, "PipelineProcessor._mark_claim_completed": {"executed_lines": [], "summary": {"covered_lines": 0, "num_statements": 2, "percent_covered": 0.0, "percent_covered_display": "0", "missing_lines": 2, "excluded_lines": 0, "percent_statements_covered": 0.0, "percent_statements_covered_display": "0"}, "missing_lines": [969, 977], "excluded_lines": [], "start_line": 968}, "PipelineProcessor._record_failure": {"executed_lines": [], "summary": {"covered_lines": 0, "num_statements": 18, "percent_covered": 0.0, "percent_covered_display": "0", "missing_lines": 18, "excluded_lines": 0, "percent_statements_covered": 0.0, "percent_statements_covered_display": "0"}, "missing_lines": [990, 995, 996, 997, 998, 999, 1001, 1009, 1010, 1017, 1019, 1021, 1022, 1023, 1024, 1025, 1027, 1037], "excluded_lines": [], "start_line": 979}, "PipelineProcessor._emit_outbox_event": {"executed_lines": [], "summary": {"covered_lines": 0, "num_statements": 7, "percent_covered": 0.0, "percent_covered_display": "0", "missing_lines": 7, "excluded_lines": 0, "percent_statements_covered": 0.0, "percent_statements_covered_display": "0"}, "missing_lines": [1042, 1043, 1045, 1050, 1051, 1053, 1062], "excluded_lines": [], "start_line": 1039}, "PipelineProcessor._save_to_recovery": {"executed_lines": [], "summary": {"covered_lines": 0, "num_statements": 7, "percent_covered": 0.0, "percent_covered_display": "0", "missing_lines": 7, "excluded_lines": 0, "percent_statements_covered": 0.0, "percent_statements_covered_display": "0"}, "missing_lines": [1083, 1084, 1092, 1093, 1094, 1102, 1103], "excluded_lines": [], "start_line": 1064}, "PipelineProcessor._get_entry": {"executed_lines": [], "summary": {"covered_lines": 0, "num_statements": 1, "percent_covered": 0.0, "percent_covered_display": "0", "missing_lines": 1, "excluded_lines": 0, "percent_statements_covered": 0.0, "percent_statements_covered_display": "0"}, "missing_lines": [1110], "excluded_lines": [], "start_line": 1109}, "JournalEntryPipeline.__init__": {"executed_lines": [], "summary": {"covered_lines": 0, "num_statements": 6, "percent_covered": 0.0, "percent_covered_display": "0", "missing_lines": 6, "excluded_lines": 0, "percent_statements_covered": 0.0, "percent_statements_covered_display": "0"}, "missing_lines": [1190, 1191, 1192, 1193, 1199, 1201], "excluded_lines": [], "start_line": 1171}, "JournalEntryPipeline.check_services_health": {"executed_lines": [], "summary": {"covered_lines": 0, "num_statements": 8, "percent_covered": 0.0, "percent_covered_display": "0", "missing_lines": 8, "excluded_lines": 0, "percent_statements_covered": 0.0, "percent_statements_covered_display": "0"}, "missing_lines": [1227, 1230, 1233, 1245, 1247, 1248, 1250, 1256], "excluded_lines": [], "start_line": 1213}, "JournalEntryPipeline.check_services_health._qdrant_probe": {"executed_lines": [], "summary": {"covered_lines": 0, "num_statements": 9, "percent_covered": 0.0, "percent_covered_display": "0", "missing_lines": 9, "excluded_lines": 0, "percent_statements_covered": 0.0, "percent_statements_covered_display": "0"}, "missing_lines": [1234, 1235, 1237, 1238, 1239, 1240, 1241, 1242, 1243], "excluded_lines": [], "start_line": 1233}, "JournalEntryPipeline._rule_based_activity_extraction": {"executed_lines": [], "summary": {"covered_lines": 0, "num_statements": 15, "percent_covered": 0.0, "percent_covered_display": "0", "missing_lines": 15, "excluded_lines": 0, "percent_statements_covered": 0.0, "percent_statements_covered_display": "0"}, "missing_lines": [1289, 1291, 1294, 1321, 1326, 1327, 1328, 1329, 1330, 1331, 1333, 1334, 1335, 1336, 1344], "excluded_lines": [], "start_line": 1268}, "JournalEntryPipeline.process_entry": {"executed_lines": [], "summary": {"covered_lines": 0, "num_statements": 14, "percent_covered": 0.0, "percent_covered_display": "0", "missing_lines": 14, "excluded_lines": 0, "percent_statements_covered": 0.0, "percent_statements_covered_display": "0"}, "missing_lines": [1387, 1388, 1389, 1390, 1396, 1399, 1400, 1405, 1412, 1413, 1414, 1422, 1423, 1428], "excluded_lines": [], "start_line": 1350}, "": {"executed_lines": [30, 32, 33, 34, 35, 36, 37, 38, 39, 40, 42, 44, 45, 46, 47, 50, 51, 52, 53, 54, 55, 56, 57, 58, 59, 60, 61, 62, 63, 65, 66, 67, 68, 69, 76, 78, 79, 87, 90, 101, 105, 113, 128, 163, 207, 227, 241, 242, 262, 366, 889, 902, 936, 950, 968, 979, 1039, 1064, 1109, 1122, 1171, 1213, 1267, 1268, 1350], "summary": {"covered_lines": 65, "num_statements": 65, "percent_covered": 100.0, "percent_covered_display": "100", "missing_lines": 0, "excluded_lines": 0, "percent_statements_covered": 100.0, "percent_statements_covered_display": "100"}, "missing_lines": [], "excluded_lines": [], "start_line": 1}}, "classes": {"PipelineStepError": {"executed_lines": [], "summary": {"covered_lines": 0, "num_statements": 3, "percent_covered": 0.0, "percent_covered_display": "0", "missing_lines": 3, "excluded_lines": 0, "percent_statements_covered": 0.0, "percent_statements_covered_display": "0"}, "missing_lines": [91, 92, 93], "excluded_lines": [], "start_line": 87}, "PipelineProcessor": {"executed_lines": [], "summary": {"covered_lines": 0, "num_statements": 154, "percent_covered": 0.0, "percent_covered_display": "0", "missing_lines": 154, "excluded_lines": 0, "percent_statements_covered": 0.0, "percent_statements_covered_display": "0"}, "missing_lines": [235, 236, 237, 238, 239, 243, 244, 245, 247, 248, 249, 251, 254, 256, 280, 281, 282, 284, 286, 287, 288, 294, 295, 296, 298, 299, 300, 302, 303, 308, 309, 310, 311, 312, 317, 318, 325, 326, 327, 328, 333, 334, 343, 346, 353, 360, 375, 376, 377, 379, 389, 390, 391, 397, 398, 399, 405, 406, 407, 408, 409, 410, 411, 418, 420, 421, 422, 423, 424, 433, 434, 435, 442, 454, 466, 474, 489, 512, 536, 560, 577, 591, 610, 633, 652, 669, 682, 698, 714, 730, 747, 773, 798, 813, 835, 847, 861, 862, 874, 892, 899, 900, 903, 911, 912, 914, 915, 924, 925, 926, 927, 928, 929, 939, 946, 947, 948, 958, 966, 969, 977, 990, 995, 996, 997, 998, 999, 1001, 1009, 1010, 1017, 1019, 1021, 1022, 1023, 1024, 1025, 1027, 1037, 1042, 1043, 1045, 1050, 1051, 1053, 1062, 1083, 1084, 1092, 1093, 1094, 1102, 1103, 1110], "excluded_lines": [], "start_line": 207}, "JournalEntryPipeline": {"executed_lines": [], "summary": {"covered_lines": 0, "num_statements": 52, "percent_covered": 0.0, "percent_covered_display": "0", "missing_lines": 52, "excluded_lines": 0, "percent_statements_covered": 0.0, "percent_statements_covered_display": "0"}, "missing_lines": [1190, 1191, 1192, 1193, 1199, 1201, 1227, 1230, 1233, 1234, 1235, 1237, 1238, 1239, 1240, 1241, 1242, 1243, 1245, 1247, 1248, 1250, 1256, 1289, 1291, 1294, 1321, 1326, 1327, 1328, 1329, 1330, 1331, 1333, 1334, 1335, 1336, 1344, 1387, 1388, 1389, 1390, 1396, 1399, 1400, 1405, 1412, 1413, 1414, 1422, 1423, 1428], "excluded_lines": [], "start_line": 1122}, "": {"executed_lines": [30, 32, 33, 34, 35, 36, 37, 38, 39, 40, 42, 44, 45, 46, 47, 50, 51, 52, 53, 54, 55, 56, 57, 58, 59, 60, 61, 62, 63, 65, 66, 67, 68, 69, 76, 78, 79, 87, 90, 101, 105, 113, 128, 163, 207, 227, 241, 242, 262, 366, 889, 902, 936, 950, 968, 979, 1039, 1064, 1109, 1122, 1171, 1213, 1267, 1268, 1350], "summary": {"covered_lines": 65, "num_statements": 92, "percent_covered": 70.65217391304348, "percent_covered_display": "71", "missing_lines": 27, "excluded_lines": 0, "percent_statements_covered": 70.65217391304348, "percent_statements_covered_display": "71"}, "missing_lines": [102, 106, 119, 120, 136, 145, 146, 147, 149, 154, 156, 171, 173, 174, 175, 176, 177, 178, 179, 181, 182, 184, 189, 190, 191, 198, 199], "excluded_lines": [], "start_line": 1}}}, "src\\ai\\qdrant.py": {"executed_lines": [3, 5, 6, 7, 9, 11, 13, 14, 15, 16, 18, 19, 20, 26, 27, 28, 29, 33, 36, 55, 56, 59, 60, 95, 106, 107, 121, 137, 151, 160, 246, 264, 278, 307, 397, 417], "summary": {"covered_lines": 36, "num_statements": 148, "percent_covered": 24.324324324324323, "percent_covered_display": "24", "missing_lines": 112, "excluded_lines": 13, "percent_statements_covered": 24.324324324324323, "percent_statements_covered_display": "24"}, "missing_lines": [43, 44, 45, 46, 48, 51, 69, 70, 73, 74, 75, 76, 77, 78, 81, 85, 86, 87, 88, 90, 91, 93, 96, 97, 98, 99, 108, 109, 111, 112, 113, 115, 116, 117, 119, 122, 133, 134, 135, 138, 141, 186, 194, 195, 196, 197, 199, 200, 209, 210, 212, 222, 223, 224, 225, 226, 232, 234, 254, 255, 256, 257, 258, 259, 262, 271, 272, 273, 274, 275, 276, 288, 289, 295, 300, 301, 334, 335, 336, 342, 343, 344, 345, 346, 348, 349, 353, 355, 356, 357, 359, 360, 361, 362, 363, 364, 376, 382, 384, 385, 387, 391, 404, 405, 406, 407, 408, 411, 428, 429, 430, 432], "excluded_lines": [30, 31, 49, 50, 215, 216, 220, 285, 286, 287, 338, 339, 340], "functions": {"_load_sentence_transformer_lib": {"executed_lines": [], "summary": {"covered_lines": 0, "num_statements": 6, "percent_covered": 0.0, "percent_covered_display": "0", "missing_lines": 6, "excluded_lines": 2, "percent_statements_covered": 0.0, "percent_statements_covered_display": "0"}, "missing_lines": [43, 44, 45, 46, 48, 51], "excluded_lines": [49, 50], "start_line": 36}, "QdrantClientAdapter.__init__": {"executed_lines": [], "summary": {"covered_lines": 0, "num_statements": 16, "percent_covered": 0.0, "percent_covered_display": "0", "missing_lines": 16, "excluded_lines": 0, "percent_statements_covered": 0.0, "percent_statements_covered_display": "0"}, "missing_lines": [69, 70, 73, 74, 75, 76, 77, 78, 81, 85, 86, 87, 88, 90, 91, 93], "excluded_lines": [], "start_line": 60}, "QdrantClientAdapter.ensure_collection": {"executed_lines": [], "summary": {"covered_lines": 0, "num_statements": 4, "percent_covered": 0.0, "percent_covered_display": "0", "missing_lines": 4, "excluded_lines": 0, "percent_statements_covered": 0.0, "percent_statements_covered_display": "0"}, "missing_lines": [96, 97, 98, 99], "excluded_lines": [], "start_line": 95}, "QdrantClientAdapter._normalize_point_id": {"executed_lines": [], "summary": {"covered_lines": 0, "num_statements": 9, "percent_covered": 0.0, "percent_covered_display": "0", "missing_lines": 9, "excluded_lines": 0, "percent_statements_covered": 0.0, "percent_statements_covered_display": "0"}, "missing_lines": [108, 109, 111, 112, 113, 115, 116, 117, 119], "excluded_lines": [], "start_line": 107}, "QdrantClientAdapter.upsert_documents": {"executed_lines": [], "summary": {"covered_lines": 0, "num_statements": 4, "percent_covered": 0.0, "percent_covered_display": "0", "missing_lines": 4, "excluded_lines": 0, "percent_statements_covered": 0.0, "percent_statements_covered_display": "0"}, "missing_lines": [122, 133, 134, 135], "excluded_lines": [], "start_line": 121}, "QdrantClientAdapter.search": {"executed_lines": [], "summary": {"covered_lines": 0, "num_statements": 2, "percent_covered": 0.0, "percent_covered_display": "0", "missing_lines": 2, "excluded_lines": 0, "percent_statements_covered": 0.0, "percent_statements_covered_display": "0"}, "missing_lines": [138, 141], "excluded_lines": [], "start_line": 137}, "QdrantClient.__init__": {"executed_lines": [], "summary": {"covered_lines": 0, "num_statements": 17, "percent_covered": 0.0, "percent_covered_display": "0", "missing_lines": 17, "excluded_lines": 3, "percent_statements_covered": 0.0, "percent_statements_covered_display": "0"}, "missing_lines": [186, 194, 195, 196, 197, 199, 200, 209, 210, 212, 222, 223, 224, 225, 226, 232, 234], "excluded_lines": [215, 216, 220], "start_line": 160}, "QdrantClient.is_available": {"executed_lines": [], "summary": {"covered_lines": 0, "num_statements": 7, "percent_covered": 0.0, "percent_covered_display": "0", "missing_lines": 7, "excluded_lines": 0, "percent_statements_covered": 0.0, "percent_statements_covered_display": "0"}, "missing_lines": [254, 255, 256, 257, 258, 259, 262], "excluded_lines": [], "start_line": 246}, "QdrantClient.collection_exists": {"executed_lines": [], "summary": {"covered_lines": 0, "num_statements": 6, "percent_covered": 0.0, "percent_covered_display": "0", "missing_lines": 6, "excluded_lines": 0, "percent_statements_covered": 0.0, "percent_statements_covered_display": "0"}, "missing_lines": [271, 272, 273, 274, 275, 276], "excluded_lines": [], "start_line": 264}, "QdrantClient.create_collection": {"executed_lines": [], "summary": {"covered_lines": 0, "num_statements": 5, "percent_covered": 0.0, "percent_covered_display": "0", "missing_lines": 5, "excluded_lines": 3, "percent_statements_covered": 0.0, "percent_statements_covered_display": "0"}, "missing_lines": [288, 289, 295, 300, 301], "excluded_lines": [285, 286, 287], "start_line": 278}, "QdrantClient.search": {"executed_lines": [], "summary": {"covered_lines": 0, "num_statements": 26, "percent_covered": 0.0, "percent_covered_display": "0", "missing_lines": 26, "excluded_lines": 3, "percent_statements_covered": 0.0, "percent_statements_covered_display": "0"}, "missing_lines": [334, 335, 336, 342, 343, 344, 345, 346, 348, 349, 353, 355, 356, 357, 359, 360, 361, 362, 363, 364, 376, 382, 384, 385, 387, 391], "excluded_lines": [338, 339, 340], "start_line": 307}, "QdrantClient.count_documents": {"executed_lines": [], "summary": {"covered_lines": 0, "num_statements": 6, "percent_covered": 0.0, "percent_covered_display": "0", "missing_lines": 6, "excluded_lines": 0, "percent_statements_covered": 0.0, "percent_statements_covered_display": "0"}, "missing_lines": [404, 405, 406, 407, 408, 411], "excluded_lines": [], "start_line": 397}, "QdrantClient._encode_query": {"executed_lines": [], "summary": {"covered_lines": 0, "num_statements": 4, "percent_covered": 0.0, "percent_covered_display": "0", "missing_lines": 4, "excluded_lines": 0, "percent_statements_covered": 0.0, "percent_statements_covered_display": "0"}, "missing_lines": [428, 429, 430, 432], "excluded_lines": [], "start_line": 417}, "": {"executed_lines": [3, 5, 6, 7, 9, 11, 13, 14, 15, 16, 18, 19, 20, 26, 27, 28, 29, 33, 36, 55, 56, 59, 60, 95, 106, 107, 121, 137, 151, 160, 246, 264, 278, 307, 397, 417], "summary": {"covered_lines": 36, "num_statements": 36, "percent_covered": 100.0, "percent_covered_display": "100", "missing_lines": 0, "excluded_lines": 2, "percent_statements_covered": 100.0, "percent_statements_covered_display": "100"}, "missing_lines": [], "excluded_lines": [30, 31], "start_line": 1}}, "classes": {"QdrantClientAdapter": {"executed_lines": [], "summary": {"covered_lines": 0, "num_statements": 35, "percent_covered": 0.0, "percent_covered_display": "0", "missing_lines": 35, "excluded_lines": 0, "percent_statements_covered": 0.0, "percent_statements_covered_display": "0"}, "missing_lines": [69, 70, 73, 74, 75, 76, 77, 78, 81, 85, 86, 87, 88, 90, 91, 93, 96, 97, 98, 99, 108, 109, 111, 112, 113, 115, 116, 117, 119, 122, 133, 134, 135, 138, 141], "excluded_lines": [], "start_line": 59}, "QdrantClient": {"executed_lines": [], "summary": {"covered_lines": 0, "num_statements": 71, "percent_covered": 0.0, "percent_covered_display": "0", "missing_lines": 71, "excluded_lines": 9, "percent_statements_covered": 0.0, "percent_statements_covered_display": "0"}, "missing_lines": [186, 194, 195, 196, 197, 199, 200, 209, 210, 212, 222, 223, 224, 225, 226, 232, 234, 254, 255, 256, 257, 258, 259, 262, 271, 272, 273, 274, 275, 276, 288, 289, 295, 300, 301, 334, 335, 336, 342, 343, 344, 345, 346, 348, 349, 353, 355, 356, 357, 359, 360, 361, 362, 363, 364, 376, 382, 384, 385, 387, 391, 404, 405, 406, 407, 408, 411, 428, 429, 430, 432], "excluded_lines": [215, 216, 220, 285, 286, 287, 338, 339, 340], "start_line": 151}, "": {"executed_lines": [3, 5, 6, 7, 9, 11, 13, 14, 15, 16, 18, 19, 20, 26, 27, 28, 29, 33, 36, 55, 56, 59, 60, 95, 106, 107, 121, 137, 151, 160, 246, 264, 278, 307, 397, 417], "summary": {"covered_lines": 36, "num_statements": 42, "percent_covered": 85.71428571428571, "percent_covered_display": "86", "missing_lines": 6, "excluded_lines": 4, "percent_statements_covered": 85.71428571428571, "percent_statements_covered_display": "86"}, "missing_lines": [43, 44, 45, 46, 48, 51], "excluded_lines": [30, 31, 49, 50], "start_line": 1}}}, "src\\ai\\readiness.py": {"executed_lines": [3, 5, 6, 7, 8, 9, 11, 13, 14, 15, 16, 20, 21, 22, 24, 36, 44, 48, 69, 80, 90, 104, 113, 135, 156, 185, 280, 288], "summary": {"covered_lines": 28, "num_statements": 125, "percent_covered": 22.4, "percent_covered_display": "22", "missing_lines": 97, "excluded_lines": 0, "percent_statements_covered": 22.4, "percent_statements_covered_display": "22"}, "missing_lines": [45, 49, 50, 70, 71, 72, 73, 74, 75, 76, 77, 81, 82, 83, 91, 92, 93, 94, 95, 96, 97, 105, 106, 114, 115, 116, 118, 119, 120, 124, 125, 127, 136, 137, 138, 139, 146, 147, 159, 160, 161, 163, 164, 173, 174, 186, 187, 188, 190, 191, 192, 193, 195, 196, 197, 200, 201, 202, 203, 204, 205, 206, 207, 208, 209, 216, 217, 218, 229, 230, 231, 232, 234, 248, 249, 250, 251, 255, 262, 281, 294, 295, 296, 297, 298, 299, 300, 302, 303, 304, 305, 306, 307, 309, 310, 312, 314], "excluded_lines": [], "functions": {"_repo_root": {"executed_lines": [], "summary": {"covered_lines": 0, "num_statements": 1, "percent_covered": 0.0, "percent_covered_display": "0", "missing_lines": 1, "excluded_lines": 0, "percent_statements_covered": 0.0, "percent_statements_covered_display": "0"}, "missing_lines": [45], "excluded_lines": [], "start_line": 44}, "_seed_paths": {"executed_lines": [], "summary": {"covered_lines": 0, "num_statements": 2, "percent_covered": 0.0, "percent_covered_display": "0", "missing_lines": 2, "excluded_lines": 0, "percent_statements_covered": 0.0, "percent_statements_covered_display": "0"}, "missing_lines": [49, 50], "excluded_lines": [], "start_line": 48}, "_sha256": {"executed_lines": [], "summary": {"covered_lines": 0, "num_statements": 8, "percent_covered": 0.0, "percent_covered_display": "0", "missing_lines": 8, "excluded_lines": 0, "percent_statements_covered": 0.0, "percent_statements_covered_display": "0"}, "missing_lines": [70, 71, 72, 73, 74, 75, 76, 77], "excluded_lines": [], "start_line": 69}, "check_python_version": {"executed_lines": [], "summary": {"covered_lines": 0, "num_statements": 3, "percent_covered": 0.0, "percent_covered_display": "0", "missing_lines": 3, "excluded_lines": 0, "percent_statements_covered": 0.0, "percent_statements_covered_display": "0"}, "missing_lines": [81, 82, 83], "excluded_lines": [], "start_line": 80}, "check_required_imports": {"executed_lines": [], "summary": {"covered_lines": 0, "num_statements": 7, "percent_covered": 0.0, "percent_covered_display": "0", "missing_lines": 7, "excluded_lines": 0, "percent_statements_covered": 0.0, "percent_statements_covered_display": "0"}, "missing_lines": [91, 92, 93, 94, 95, 96, 97], "excluded_lines": [], "start_line": 90}, "check_required_tools": {"executed_lines": [], "summary": {"covered_lines": 0, "num_statements": 2, "percent_covered": 0.0, "percent_covered_display": "0", "missing_lines": 2, "excluded_lines": 0, "percent_statements_covered": 0.0, "percent_statements_covered_display": "0"}, "missing_lines": [105, 106], "excluded_lines": [], "start_line": 104}, "check_database_readiness": {"executed_lines": [], "summary": {"covered_lines": 0, "num_statements": 9, "percent_covered": 0.0, "percent_covered_display": "0", "missing_lines": 9, "excluded_lines": 0, "percent_statements_covered": 0.0, "percent_statements_covered_display": "0"}, "missing_lines": [114, 115, 116, 118, 119, 120, 124, 125, 127], "excluded_lines": [], "start_line": 113}, "check_ollama_readiness": {"executed_lines": [], "summary": {"covered_lines": 0, "num_statements": 6, "percent_covered": 0.0, "percent_covered_display": "0", "missing_lines": 6, "excluded_lines": 0, "percent_statements_covered": 0.0, "percent_statements_covered_display": "0"}, "missing_lines": [136, 137, 138, 139, 146, 147], "excluded_lines": [], "start_line": 135}, "check_qdrant_readiness": {"executed_lines": [], "summary": {"covered_lines": 0, "num_statements": 7, "percent_covered": 0.0, "percent_covered_display": "0", "missing_lines": 7, "excluded_lines": 0, "percent_statements_covered": 0.0, "percent_statements_covered_display": "0"}, "missing_lines": [159, 160, 161, 163, 164, 173, 174], "excluded_lines": [], "start_line": 156}, "check_seed_contract": {"executed_lines": [], "summary": {"covered_lines": 0, "num_statements": 34, "percent_covered": 0.0, "percent_covered_display": "0", "missing_lines": 34, "excluded_lines": 0, "percent_statements_covered": 0.0, "percent_statements_covered_display": "0"}, "missing_lines": [186, 187, 188, 190, 191, 192, 193, 195, 196, 197, 200, 201, 202, 203, 204, 205, 206, 207, 208, 209, 216, 217, 218, 229, 230, 231, 232, 234, 248, 249, 250, 251, 255, 262], "excluded_lines": [], "start_line": 185}, "build_readiness_report": {"executed_lines": [], "summary": {"covered_lines": 0, "num_statements": 1, "percent_covered": 0.0, "percent_covered_display": "0", "missing_lines": 1, "excluded_lines": 0, "percent_statements_covered": 0.0, "percent_statements_covered_display": "0"}, "missing_lines": [281], "excluded_lines": [], "start_line": 280}, "build_readiness_report_v2": {"executed_lines": [], "summary": {"covered_lines": 0, "num_statements": 17, "percent_covered": 0.0, "percent_covered_display": "0", "missing_lines": 17, "excluded_lines": 0, "percent_statements_covered": 0.0, "percent_statements_covered_display": "0"}, "missing_lines": [294, 295, 296, 297, 298, 299, 300, 302, 303, 304, 305, 306, 307, 309, 310, 312, 314], "excluded_lines": [], "start_line": 288}, "": {"executed_lines": [3, 5, 6, 7, 8, 9, 11, 13, 14, 15, 16, 20, 21, 22, 24, 36, 44, 48, 69, 80, 90, 104, 113, 135, 156, 185, 280, 288], "summary": {"covered_lines": 28, "num_statements": 28, "percent_covered": 100.0, "percent_covered_display": "100", "missing_lines": 0, "excluded_lines": 0, "percent_statements_covered": 100.0, "percent_statements_covered_display": "100"}, "missing_lines": [], "excluded_lines": [], "start_line": 1}}, "classes": {"": {"executed_lines": [3, 5, 6, 7, 8, 9, 11, 13, 14, 15, 16, 20, 21, 22, 24, 36, 44, 48, 69, 80, 90, 104, 113, 135, 156, 185, 280, 288], "summary": {"covered_lines": 28, "num_statements": 125, "percent_covered": 22.4, "percent_covered_display": "22", "missing_lines": 97, "excluded_lines": 0, "percent_statements_covered": 22.4, "percent_statements_covered_display": "22"}, "missing_lines": [45, 49, 50, 70, 71, 72, 73, 74, 75, 76, 77, 81, 82, 83, 91, 92, 93, 94, 95, 96, 97, 105, 106, 114, 115, 116, 118, 119, 120, 124, 125, 127, 136, 137, 138, 139, 146, 147, 159, 160, 161, 163, 164, 173, 174, 186, 187, 188, 190, 191, 192, 193, 195, 196, 197, 200, 201, 202, 203, 204, 205, 206, 207, 208, 209, 216, 217, 218, 229, 230, 231, 232, 234, 248, 249, 250, 251, 255, 262, 281, 294, 295, 296, 297, 298, 299, 300, 302, 303, 304, 305, 306, 307, 309, 310, 312, 314], "excluded_lines": [], "start_line": 1}}}, "src\\ai\\recovery.py": {"executed_lines": [22, 24, 25, 26, 27, 28, 29, 31, 33, 36, 37, 38, 41, 68, 86, 153, 174, 192, 209, 236, 249, 274, 294], "summary": {"covered_lines": 23, "num_statements": 77, "percent_covered": 29.87012987012987, "percent_covered_display": "30", "missing_lines": 54, "excluded_lines": 0, "percent_statements_covered": 29.87012987012987, "percent_statements_covered_display": "30"}, "missing_lines": [78, 79, 80, 115, 116, 118, 134, 136, 137, 138, 140, 147, 161, 162, 163, 164, 165, 166, 167, 168, 171, 172, 187, 188, 189, 190, 199, 221, 222, 223, 224, 225, 226, 227, 228, 234, 242, 247, 256, 264, 281, 282, 283, 287, 288, 289, 290, 291, 292, 295, 296, 297, 298, 299], "excluded_lines": [], "functions": {"RecoveryQueue.__init__": {"executed_lines": [], "summary": {"covered_lines": 0, "num_statements": 3, "percent_covered": 0.0, "percent_covered_display": "0", "missing_lines": 3, "excluded_lines": 0, "percent_statements_covered": 0.0, "percent_statements_covered_display": "0"}, "missing_lines": [78, 79, 80], "excluded_lines": [], "start_line": 68}, "RecoveryQueue.save_failed_entry": {"executed_lines": [], "summary": {"covered_lines": 0, "num_statements": 9, "percent_covered": 0.0, "percent_covered_display": "0", "missing_lines": 9, "excluded_lines": 0, "percent_statements_covered": 0.0, "percent_statements_covered_display": "0"}, "missing_lines": [115, 116, 118, 134, 136, 137, 138, 140, 147], "excluded_lines": [], "start_line": 86}, "RecoveryQueue.list_pending": {"executed_lines": [], "summary": {"covered_lines": 0, "num_statements": 10, "percent_covered": 0.0, "percent_covered_display": "0", "missing_lines": 10, "excluded_lines": 0, "percent_statements_covered": 0.0, "percent_statements_covered_display": "0"}, "missing_lines": [161, 162, 163, 164, 165, 166, 167, 168, 171, 172], "excluded_lines": [], "start_line": 153}, "RecoveryQueue.load_entry": {"executed_lines": [], "summary": {"covered_lines": 0, "num_statements": 4, "percent_covered": 0.0, "percent_covered_display": "0", "missing_lines": 4, "excluded_lines": 0, "percent_statements_covered": 0.0, "percent_statements_covered_display": "0"}, "missing_lines": [187, 188, 189, 190], "excluded_lines": [], "start_line": 174}, "RecoveryQueue.pending_count": {"executed_lines": [], "summary": {"covered_lines": 0, "num_statements": 1, "percent_covered": 0.0, "percent_covered_display": "0", "missing_lines": 1, "excluded_lines": 0, "percent_statements_covered": 0.0, "percent_statements_covered_display": "0"}, "missing_lines": [199], "excluded_lines": [], "start_line": 192}, "RecoveryQueue.increment_retry": {"executed_lines": [], "summary": {"covered_lines": 0, "num_statements": 9, "percent_covered": 0.0, "percent_covered_display": "0", "missing_lines": 9, "excluded_lines": 0, "percent_statements_covered": 0.0, "percent_statements_covered_display": "0"}, "missing_lines": [221, 222, 223, 224, 225, 226, 227, 228, 234], "excluded_lines": [], "start_line": 209}, "RecoveryQueue.mark_recovered": {"executed_lines": [], "summary": {"covered_lines": 0, "num_statements": 2, "percent_covered": 0.0, "percent_covered_display": "0", "missing_lines": 2, "excluded_lines": 0, "percent_statements_covered": 0.0, "percent_statements_covered_display": "0"}, "missing_lines": [242, 247], "excluded_lines": [], "start_line": 236}, "RecoveryQueue.mark_failed_permanently": {"executed_lines": [], "summary": {"covered_lines": 0, "num_statements": 2, "percent_covered": 0.0, "percent_covered_display": "0", "missing_lines": 2, "excluded_lines": 0, "percent_statements_covered": 0.0, "percent_statements_covered_display": "0"}, "missing_lines": [256, 264], "excluded_lines": [], "start_line": 249}, "RecoveryQueue._update_status": {"executed_lines": [], "summary": {"covered_lines": 0, "num_statements": 9, "percent_covered": 0.0, "percent_covered_display": "0", "missing_lines": 9, "excluded_lines": 0, "percent_statements_covered": 0.0, "percent_statements_covered_display": "0"}, "missing_lines": [281, 282, 283, 287, 288, 289, 290, 291, 292], "excluded_lines": [], "start_line": 274}, "RecoveryQueue._read_status": {"executed_lines": [], "summary": {"covered_lines": 0, "num_statements": 5, "percent_covered": 0.0, "percent_covered_display": "0", "missing_lines": 5, "excluded_lines": 0, "percent_statements_covered": 0.0, "percent_statements_covered_display": "0"}, "missing_lines": [295, 296, 297, 298, 299], "excluded_lines": [], "start_line": 294}, "": {"executed_lines": [22, 24, 25, 26, 27, 28, 29, 31, 33, 36, 37, 38, 41, 68, 86, 153, 174, 192, 209, 236, 249, 274, 294], "summary": {"covered_lines": 23, "num_statements": 23, "percent_covered": 100.0, "percent_covered_display": "100", "missing_lines": 0, "excluded_lines": 0, "percent_statements_covered": 100.0, "percent_statements_covered_display": "100"}, "missing_lines": [], "excluded_lines": [], "start_line": 1}}, "classes": {"RecoveryQueue": {"executed_lines": [], "summary": {"covered_lines": 0, "num_statements": 54, "percent_covered": 0.0, "percent_covered_display": "0", "missing_lines": 54, "excluded_lines": 0, "percent_statements_covered": 0.0, "percent_statements_covered_display": "0"}, "missing_lines": [78, 79, 80, 115, 116, 118, 134, 136, 137, 138, 140, 147, 161, 162, 163, 164, 165, 166, 167, 168, 171, 172, 187, 188, 189, 190, 199, 221, 222, 223, 224, 225, 226, 227, 228, 234, 242, 247, 256, 264, 281, 282, 283, 287, 288, 289, 290, 291, 292, 295, 296, 297, 298, 299], "excluded_lines": [], "start_line": 41}, "": {"executed_lines": [22, 24, 25, 26, 27, 28, 29, 31, 33, 36, 37, 38, 41, 68, 86, 153, 174, 192, 209, 236, 249, 274, 294], "summary": {"covered_lines": 23, "num_statements": 23, "percent_covered": 100.0, "percent_covered_display": "100", "missing_lines": 0, "excluded_lines": 0, "percent_statements_covered": 100.0, "percent_statements_covered_display": "100"}, "missing_lines": [], "excluded_lines": [], "start_line": 1}}}, "src\\ai\\runtime_config.py": {"executed_lines": [3, 5, 6, 7, 8, 10, 11, 14, 18, 19, 45, 52, 59, 72], "summary": {"covered_lines": 14, "num_statements": 55, "percent_covered": 25.454545454545453, "percent_covered_display": "25", "missing_lines": 41, "excluded_lines": 0, "percent_statements_covered": 25.454545454545453, "percent_statements_covered_display": "25"}, "missing_lines": [15, 20, 21, 22, 24, 25, 26, 27, 29, 30, 31, 32, 33, 35, 36, 38, 39, 46, 47, 48, 49, 53, 54, 55, 56, 60, 61, 64, 65, 69, 73, 75, 76, 77, 80, 84, 86, 89, 90, 91, 93], "excluded_lines": [], "functions": {"_as_dict": {"executed_lines": [], "summary": {"covered_lines": 0, "num_statements": 1, "percent_covered": 0.0, "percent_covered_display": "0", "missing_lines": 1, "excluded_lines": 0, "percent_statements_covered": 0.0, "percent_statements_covered_display": "0"}, "missing_lines": [15], "excluded_lines": [], "start_line": 14}, "_load_ai_config": {"executed_lines": [], "summary": {"covered_lines": 0, "num_statements": 16, "percent_covered": 0.0, "percent_covered_display": "0", "missing_lines": 16, "excluded_lines": 0, "percent_statements_covered": 0.0, "percent_statements_covered_display": "0"}, "missing_lines": [20, 21, 22, 24, 25, 26, 27, 29, 30, 31, 32, 33, 35, 36, 38, 39], "excluded_lines": [], "start_line": 19}, "_int_or_default": {"executed_lines": [], "summary": {"covered_lines": 0, "num_statements": 4, "percent_covered": 0.0, "percent_covered_display": "0", "missing_lines": 4, "excluded_lines": 0, "percent_statements_covered": 0.0, "percent_statements_covered_display": "0"}, "missing_lines": [46, 47, 48, 49], "excluded_lines": [], "start_line": 45}, "_float_or_default": {"executed_lines": [], "summary": {"covered_lines": 0, "num_statements": 4, "percent_covered": 0.0, "percent_covered_display": "0", "missing_lines": 4, "excluded_lines": 0, "percent_statements_covered": 0.0, "percent_statements_covered_display": "0"}, "missing_lines": [53, 54, 55, 56], "excluded_lines": [], "start_line": 52}, "get_ollama_defaults": {"executed_lines": [], "summary": {"covered_lines": 0, "num_statements": 5, "percent_covered": 0.0, "percent_covered_display": "0", "missing_lines": 5, "excluded_lines": 0, "percent_statements_covered": 0.0, "percent_statements_covered_display": "0"}, "missing_lines": [60, 61, 64, 65, 69], "excluded_lines": [], "start_line": 59}, "get_qdrant_defaults": {"executed_lines": [], "summary": {"covered_lines": 0, "num_statements": 11, "percent_covered": 0.0, "percent_covered_display": "0", "missing_lines": 11, "excluded_lines": 0, "percent_statements_covered": 0.0, "percent_statements_covered_display": "0"}, "missing_lines": [73, 75, 76, 77, 80, 84, 86, 89, 90, 91, 93], "excluded_lines": [], "start_line": 72}, "": {"executed_lines": [3, 5, 6, 7, 8, 10, 11, 14, 18, 19, 45, 52, 59, 72], "summary": {"covered_lines": 14, "num_statements": 14, "percent_covered": 100.0, "percent_covered_display": "100", "missing_lines": 0, "excluded_lines": 0, "percent_statements_covered": 100.0, "percent_statements_covered_display": "100"}, "missing_lines": [], "excluded_lines": [], "start_line": 1}}, "classes": {"": {"executed_lines": [3, 5, 6, 7, 8, 10, 11, 14, 18, 19, 45, 52, 59, 72], "summary": {"covered_lines": 14, "num_statements": 55, "percent_covered": 25.454545454545453, "percent_covered_display": "25", "missing_lines": 41, "excluded_lines": 0, "percent_statements_covered": 25.454545454545453, "percent_statements_covered_display": "25"}, "missing_lines": [15, 20, 21, 22, 24, 25, 26, 27, 29, 30, 31, 32, 33, 35, 36, 38, 39, 46, 47, 48, 49, 53, 54, 55, 56, 60, 61, 64, 65, 69, 73, 75, 76, 77, 80, 84, 86, 89, 90, 91, 93], "excluded_lines": [], "start_line": 1}}}, "src\\ai\\steps\\__init__.py": {"executed_lines": [27, 44], "summary": {"covered_lines": 2, "num_statements": 2, "percent_covered": 100.0, "percent_covered_display": "100", "missing_lines": 0, "excluded_lines": 0, "percent_statements_covered": 100.0, "percent_statements_covered_display": "100"}, "missing_lines": [], "excluded_lines": [], "functions": {"": {"executed_lines": [27, 44], "summary": {"covered_lines": 2, "num_statements": 2, "percent_covered": 100.0, "percent_covered_display": "100", "missing_lines": 0, "excluded_lines": 0, "percent_statements_covered": 100.0, "percent_statements_covered_display": "100"}, "missing_lines": [], "excluded_lines": [], "start_line": 1}}, "classes": {"": {"executed_lines": [27, 44], "summary": {"covered_lines": 2, "num_statements": 2, "percent_covered": 100.0, "percent_covered_display": "100", "missing_lines": 0, "excluded_lines": 0, "percent_statements_covered": 100.0, "percent_statements_covered_display": "100"}, "missing_lines": [], "excluded_lines": [], "start_line": 1}}}, "src\\ai\\steps\\anomaly.py": {"executed_lines": [34, 36, 37, 38, 39, 41, 43, 44, 47, 56, 131, 161], "summary": {"covered_lines": 12, "num_statements": 44, "percent_covered": 27.272727272727273, "percent_covered_display": "27", "missing_lines": 32, "excluded_lines": 0, "percent_statements_covered": 27.272727272727273, "percent_statements_covered_display": "27"}, "missing_lines": [48, 80, 81, 82, 85, 95, 104, 105, 107, 108, 109, 111, 112, 113, 115, 116, 117, 119, 121, 123, 146, 148, 149, 150, 151, 152, 153, 191, 192, 198, 199, 200], "excluded_lines": [], "functions": {"_now_utc": {"executed_lines": [], "summary": {"covered_lines": 0, "num_statements": 1, "percent_covered": 0.0, "percent_covered_display": "0", "missing_lines": 1, "excluded_lines": 0, "percent_statements_covered": 0.0, "percent_statements_covered_display": "0"}, "missing_lines": [48], "excluded_lines": [], "start_line": 47}, "precheck": {"executed_lines": [], "summary": {"covered_lines": 0, "num_statements": 19, "percent_covered": 0.0, "percent_covered_display": "0", "missing_lines": 19, "excluded_lines": 0, "percent_statements_covered": 0.0, "percent_statements_covered_display": "0"}, "missing_lines": [80, 81, 82, 85, 95, 104, 105, 107, 108, 109, 111, 112, 113, 115, 116, 117, 119, 121, 123], "excluded_lines": [], "start_line": 56}, "_troll_multiplier_from_score": {"executed_lines": [], "summary": {"covered_lines": 0, "num_statements": 7, "percent_covered": 0.0, "percent_covered_display": "0", "missing_lines": 7, "excluded_lines": 0, "percent_statements_covered": 0.0, "percent_statements_covered_display": "0"}, "missing_lines": [146, 148, 149, 150, 151, 152, 153], "excluded_lines": [], "start_line": 131}, "record": {"executed_lines": [], "summary": {"covered_lines": 0, "num_statements": 5, "percent_covered": 0.0, "percent_covered_display": "0", "missing_lines": 5, "excluded_lines": 0, "percent_statements_covered": 0.0, "percent_statements_covered_display": "0"}, "missing_lines": [191, 192, 198, 199, 200], "excluded_lines": [], "start_line": 161}, "": {"executed_lines": [34, 36, 37, 38, 39, 41, 43, 44, 47, 56, 131, 161], "summary": {"covered_lines": 12, "num_statements": 12, "percent_covered": 100.0, "percent_covered_display": "100", "missing_lines": 0, "excluded_lines": 0, "percent_statements_covered": 100.0, "percent_statements_covered_display": "100"}, "missing_lines": [], "excluded_lines": [], "start_line": 1}}, "classes": {"": {"executed_lines": [34, 36, 37, 38, 39, 41, 43, 44, 47, 56, 131, 161], "summary": {"covered_lines": 12, "num_statements": 44, "percent_covered": 27.272727272727273, "percent_covered_display": "27", "missing_lines": 32, "excluded_lines": 0, "percent_statements_covered": 27.272727272727273, "percent_statements_covered_display": "27"}, "missing_lines": [48, 80, 81, 82, 85, 95, 104, 105, 107, 108, 109, 111, 112, 113, 115, 116, 117, 119, 121, 123, 146, 148, 149, 150, 151, 152, 153, 191, 192, 198, 199, 200], "excluded_lines": [], "start_line": 1}}}, "src\\ai\\steps\\embedding.py": {"executed_lines": [8, 10, 13], "summary": {"covered_lines": 3, "num_statements": 12, "percent_covered": 25.0, "percent_covered_display": "25", "missing_lines": 9, "excluded_lines": 0, "percent_statements_covered": 25.0, "percent_statements_covered_display": "25"}, "missing_lines": [40, 41, 42, 43, 45, 46, 48, 49, 50], "excluded_lines": [], "functions": {"run": {"executed_lines": [], "summary": {"covered_lines": 0, "num_statements": 9, "percent_covered": 0.0, "percent_covered_display": "0", "missing_lines": 9, "excluded_lines": 0, "percent_statements_covered": 0.0, "percent_statements_covered_display": "0"}, "missing_lines": [40, 41, 42, 43, 45, 46, 48, 49, 50], "excluded_lines": [], "start_line": 13}, "": {"executed_lines": [8, 10, 13], "summary": {"covered_lines": 3, "num_statements": 3, "percent_covered": 100.0, "percent_covered_display": "100", "missing_lines": 0, "excluded_lines": 0, "percent_statements_covered": 100.0, "percent_statements_covered_display": "100"}, "missing_lines": [], "excluded_lines": [], "start_line": 1}}, "classes": {"": {"executed_lines": [8, 10, 13], "summary": {"covered_lines": 3, "num_statements": 12, "percent_covered": 25.0, "percent_covered_display": "25", "missing_lines": 9, "excluded_lines": 0, "percent_statements_covered": 25.0, "percent_statements_covered_display": "25"}, "missing_lines": [40, 41, 42, 43, 45, 46, 48, 49, 50], "excluded_lines": [], "start_line": 1}}}, "src\\ai\\steps\\entry.py": {"executed_lines": [9, 11, 12, 14, 17, 21], "summary": {"covered_lines": 6, "num_statements": 13, "percent_covered": 46.15384615384615, "percent_covered_display": "46", "missing_lines": 7, "excluded_lines": 0, "percent_statements_covered": 46.15384615384615, "percent_statements_covered_display": "46"}, "missing_lines": [18, 40, 41, 42, 46, 47, 48], "excluded_lines": [], "functions": {"_now_utc": {"executed_lines": [], "summary": {"covered_lines": 0, "num_statements": 1, "percent_covered": 0.0, "percent_covered_display": "0", "missing_lines": 1, "excluded_lines": 0, "percent_statements_covered": 0.0, "percent_statements_covered_display": "0"}, "missing_lines": [18], "excluded_lines": [], "start_line": 17}, "mark_completed": {"executed_lines": [], "summary": {"covered_lines": 0, "num_statements": 6, "percent_covered": 0.0, "percent_covered_display": "0", "missing_lines": 6, "excluded_lines": 0, "percent_statements_covered": 0.0, "percent_statements_covered_display": "0"}, "missing_lines": [40, 41, 42, 46, 47, 48], "excluded_lines": [], "start_line": 21}, "": {"executed_lines": [9, 11, 12, 14, 17, 21], "summary": {"covered_lines": 6, "num_statements": 6, "percent_covered": 100.0, "percent_covered_display": "100", "missing_lines": 0, "excluded_lines": 0, "percent_statements_covered": 100.0, "percent_statements_covered_display": "100"}, "missing_lines": [], "excluded_lines": [], "start_line": 1}}, "classes": {"": {"executed_lines": [9, 11, 12, 14, 17, 21], "summary": {"covered_lines": 6, "num_statements": 13, "percent_covered": 46.15384615384615, "percent_covered_display": "46", "missing_lines": 7, "excluded_lines": 0, "percent_statements_covered": 46.15384615384615, "percent_statements_covered_display": "46"}, "missing_lines": [18, 40, 41, 42, 46, 47, 48], "excluded_lines": [], "start_line": 1}}}, "src\\ai\\steps\\insights.py": {"executed_lines": [35, 37, 38, 39, 40, 41, 43, 45, 47, 53, 59, 69, 89, 106, 240], "summary": {"covered_lines": 15, "num_statements": 70, "percent_covered": 21.428571428571427, "percent_covered_display": "21", "missing_lines": 55, "excluded_lines": 0, "percent_statements_covered": 21.428571428571427, "percent_statements_covered_display": "21"}, "missing_lines": [70, 75, 95, 96, 97, 98, 145, 146, 147, 148, 153, 159, 160, 161, 164, 165, 166, 167, 168, 169, 170, 171, 172, 177, 178, 179, 180, 182, 183, 184, 185, 186, 187, 188, 189, 190, 191, 192, 193, 194, 199, 202, 203, 204, 209, 217, 218, 220, 228, 230, 242, 243, 244, 245, 246], "excluded_lines": [], "functions": {"_build_prompt": {"executed_lines": [], "summary": {"covered_lines": 0, "num_statements": 2, "percent_covered": 0.0, "percent_covered_display": "0", "missing_lines": 2, "excluded_lines": 0, "percent_statements_covered": 0.0, "percent_statements_covered_display": "0"}, "missing_lines": [70, 75], "excluded_lines": [], "start_line": 69}, "_insight_cache_key": {"executed_lines": [], "summary": {"covered_lines": 0, "num_statements": 4, "percent_covered": 0.0, "percent_covered_display": "0", "missing_lines": 4, "excluded_lines": 0, "percent_statements_covered": 0.0, "percent_statements_covered_display": "0"}, "missing_lines": [95, 96, 97, 98], "excluded_lines": [], "start_line": 89}, "run": {"executed_lines": [], "summary": {"covered_lines": 0, "num_statements": 44, "percent_covered": 0.0, "percent_covered_display": "0", "missing_lines": 44, "excluded_lines": 0, "percent_statements_covered": 0.0, "percent_statements_covered_display": "0"}, "missing_lines": [145, 146, 147, 148, 153, 159, 160, 161, 164, 165, 166, 167, 168, 169, 170, 171, 172, 177, 178, 179, 180, 182, 183, 184, 185, 186, 187, 188, 189, 190, 191, 192, 193, 194, 199, 202, 203, 204, 209, 217, 218, 220, 228, 230], "excluded_lines": [], "start_line": 106}, "_build_title": {"executed_lines": [], "summary": {"covered_lines": 0, "num_statements": 5, "percent_covered": 0.0, "percent_covered_display": "0", "missing_lines": 5, "excluded_lines": 0, "percent_statements_covered": 0.0, "percent_statements_covered_display": "0"}, "missing_lines": [242, 243, 244, 245, 246], "excluded_lines": [], "start_line": 240}, "": {"executed_lines": [35, 37, 38, 39, 40, 41, 43, 45, 47, 53, 59, 69, 89, 106, 240], "summary": {"covered_lines": 15, "num_statements": 15, "percent_covered": 100.0, "percent_covered_display": "100", "missing_lines": 0, "excluded_lines": 0, "percent_statements_covered": 100.0, "percent_statements_covered_display": "100"}, "missing_lines": [], "excluded_lines": [], "start_line": 1}}, "classes": {"": {"executed_lines": [35, 37, 38, 39, 40, 41, 43, 45, 47, 53, 59, 69, 89, 106, 240], "summary": {"covered_lines": 15, "num_statements": 70, "percent_covered": 21.428571428571427, "percent_covered_display": "21", "missing_lines": 55, "excluded_lines": 0, "percent_statements_covered": 21.428571428571427, "percent_statements_covered_display": "21"}, "missing_lines": [70, 75, 95, 96, 97, 98, 145, 146, 147, 148, 153, 159, 160, 161, 164, 165, 166, 167, 168, 169, 170, 171, 172, 177, 178, 179, 180, 182, 183, 184, 185, 186, 187, 188, 189, 190, 191, 192, 193, 194, 199, 202, 203, 204, 209, 217, 218, 220, 228, 230, 242, 243, 244, 245, 246], "excluded_lines": [], "start_line": 1}}}, "src\\ai\\steps\\normalize.py": {"executed_lines": [8, 10, 13], "summary": {"covered_lines": 3, "num_statements": 5, "percent_covered": 60.0, "percent_covered_display": "60", "missing_lines": 2, "excluded_lines": 0, "percent_statements_covered": 60.0, "percent_statements_covered_display": "60"}, "missing_lines": [25, 26], "excluded_lines": [], "functions": {"run": {"executed_lines": [], "summary": {"covered_lines": 0, "num_statements": 2, "percent_covered": 0.0, "percent_covered_display": "0", "missing_lines": 2, "excluded_lines": 0, "percent_statements_covered": 0.0, "percent_statements_covered_display": "0"}, "missing_lines": [25, 26], "excluded_lines": [], "start_line": 13}, "": {"executed_lines": [8, 10, 13], "summary": {"covered_lines": 3, "num_statements": 3, "percent_covered": 100.0, "percent_covered_display": "100", "missing_lines": 0, "excluded_lines": 0, "percent_statements_covered": 100.0, "percent_statements_covered_display": "100"}, "missing_lines": [], "excluded_lines": [], "start_line": 1}}, "classes": {"": {"executed_lines": [8, 10, 13], "summary": {"covered_lines": 3, "num_statements": 5, "percent_covered": 60.0, "percent_covered_display": "60", "missing_lines": 2, "excluded_lines": 0, "percent_statements_covered": 60.0, "percent_statements_covered_display": "60"}, "missing_lines": [25, 26], "excluded_lines": [], "start_line": 1}}}, "src\\ai\\steps\\progression.py": {"executed_lines": [18, 20, 21, 23, 25, 26, 27, 30, 34, 42], "summary": {"covered_lines": 10, "num_statements": 66, "percent_covered": 15.151515151515152, "percent_covered_display": "15", "missing_lines": 56, "excluded_lines": 0, "percent_statements_covered": 15.151515151515152, "percent_statements_covered_display": "15"}, "missing_lines": [31, 36, 37, 38, 39, 70, 71, 72, 77, 78, 79, 81, 82, 84, 85, 86, 88, 91, 92, 94, 95, 96, 98, 103, 104, 105, 107, 111, 112, 120, 121, 122, 123, 124, 125, 131, 132, 133, 134, 135, 136, 137, 138, 143, 144, 145, 146, 149, 150, 151, 152, 153, 154, 156, 158, 162], "excluded_lines": [], "functions": {"_now_utc": {"executed_lines": [], "summary": {"covered_lines": 0, "num_statements": 1, "percent_covered": 0.0, "percent_covered_display": "0", "missing_lines": 1, "excluded_lines": 0, "percent_statements_covered": 0.0, "percent_statements_covered_display": "0"}, "missing_lines": [31], "excluded_lines": [], "start_line": 30}, "_direct_skill_update": {"executed_lines": [], "summary": {"covered_lines": 0, "num_statements": 4, "percent_covered": 0.0, "percent_covered_display": "0", "missing_lines": 4, "excluded_lines": 0, "percent_statements_covered": 0.0, "percent_statements_covered_display": "0"}, "missing_lines": [36, 37, 38, 39], "excluded_lines": [], "start_line": 34}, "update_counters": {"executed_lines": [], "summary": {"covered_lines": 0, "num_statements": 51, "percent_covered": 0.0, "percent_covered_display": "0", "missing_lines": 51, "excluded_lines": 0, "percent_statements_covered": 0.0, "percent_statements_covered_display": "0"}, "missing_lines": [70, 71, 72, 77, 78, 79, 81, 82, 84, 85, 86, 88, 91, 92, 94, 95, 96, 98, 103, 104, 105, 107, 111, 112, 120, 121, 122, 123, 124, 125, 131, 132, 133, 134, 135, 136, 137, 138, 143, 144, 145, 146, 149, 150, 151, 152, 153, 154, 156, 158, 162], "excluded_lines": [], "start_line": 42}, "": {"executed_lines": [18, 20, 21, 23, 25, 26, 27, 30, 34, 42], "summary": {"covered_lines": 10, "num_statements": 10, "percent_covered": 100.0, "percent_covered_display": "100", "missing_lines": 0, "excluded_lines": 0, "percent_statements_covered": 100.0, "percent_statements_covered_display": "100"}, "missing_lines": [], "excluded_lines": [], "start_line": 1}}, "classes": {"": {"executed_lines": [18, 20, 21, 23, 25, 26, 27, 30, 34, 42], "summary": {"covered_lines": 10, "num_statements": 66, "percent_covered": 15.151515151515152, "percent_covered_display": "15", "missing_lines": 56, "excluded_lines": 0, "percent_statements_covered": 15.151515151515152, "percent_statements_covered_display": "15"}, "missing_lines": [31, 36, 37, 38, 39, 70, 71, 72, 77, 78, 79, 81, 82, 84, 85, 86, 88, 91, 92, 94, 95, 96, 98, 103, 104, 105, 107, 111, 112, 120, 121, 122, 123, 124, 125, 131, 132, 133, 134, 135, 136, 137, 138, 143, 144, 145, 146, 149, 150, 151, 152, 153, 154, 156, 158, 162], "excluded_lines": [], "start_line": 1}}}, "src\\ai\\steps\\quests.py": {"executed_lines": [12, 14, 15, 17, 19, 20, 21, 24, 33, 71], "summary": {"covered_lines": 10, "num_statements": 41, "percent_covered": 24.390243902439025, "percent_covered_display": "24", "missing_lines": 31, "excluded_lines": 0, "percent_statements_covered": 24.390243902439025, "percent_statements_covered_display": "24"}, "missing_lines": [25, 56, 63, 106, 107, 113, 119, 120, 122, 123, 124, 125, 127, 128, 130, 138, 139, 140, 142, 143, 144, 145, 146, 148, 149, 150, 151, 152, 159, 161, 162], "excluded_lines": [], "functions": {"_now_utc": {"executed_lines": [], "summary": {"covered_lines": 0, "num_statements": 1, "percent_covered": 0.0, "percent_covered_display": "0", "missing_lines": 1, "excluded_lines": 0, "percent_statements_covered": 0.0, "percent_statements_covered_display": "0"}, "missing_lines": [25], "excluded_lines": [], "start_line": 24}, "match": {"executed_lines": [], "summary": {"covered_lines": 0, "num_statements": 2, "percent_covered": 0.0, "percent_covered_display": "0", "missing_lines": 2, "excluded_lines": 0, "percent_statements_covered": 0.0, "percent_statements_covered_display": "0"}, "missing_lines": [56, 63], "excluded_lines": [], "start_line": 33}, "update_progress": {"executed_lines": [], "summary": {"covered_lines": 0, "num_statements": 28, "percent_covered": 0.0, "percent_covered_display": "0", "missing_lines": 28, "excluded_lines": 0, "percent_statements_covered": 0.0, "percent_statements_covered_display": "0"}, "missing_lines": [106, 107, 113, 119, 120, 122, 123, 124, 125, 127, 128, 130, 138, 139, 140, 142, 143, 144, 145, 146, 148, 149, 150, 151, 152, 159, 161, 162], "excluded_lines": [], "start_line": 71}, "": {"executed_lines": [12, 14, 15, 17, 19, 20, 21, 24, 33, 71], "summary": {"covered_lines": 10, "num_statements": 10, "percent_covered": 100.0, "percent_covered_display": "100", "missing_lines": 0, "excluded_lines": 0, "percent_statements_covered": 100.0, "percent_statements_covered_display": "100"}, "missing_lines": [], "excluded_lines": [], "start_line": 1}}, "classes": {"": {"executed_lines": [12, 14, 15, 17, 19, 20, 21, 24, 33, 71], "summary": {"covered_lines": 10, "num_statements": 41, "percent_covered": 24.390243902439025, "percent_covered_display": "24", "missing_lines": 31, "excluded_lines": 0, "percent_statements_covered": 24.390243902439025, "percent_statements_covered_display": "24"}, "missing_lines": [25, 56, 63, 106, 107, 113, 119, 120, 122, 123, 124, 125, 127, 128, 130, 138, 139, 140, 142, 143, 144, 145, 146, 148, 149, 150, 151, 152, 159, 161, 162], "excluded_lines": [], "start_line": 1}}}, "src\\ai\\steps\\rag.py": {"executed_lines": [20, 22, 23, 25, 28], "summary": {"covered_lines": 5, "num_statements": 20, "percent_covered": 25.0, "percent_covered_display": "25", "missing_lines": 15, "excluded_lines": 0, "percent_statements_covered": 25.0, "percent_statements_covered_display": "25"}, "missing_lines": [57, 58, 61, 62, 63, 64, 65, 66, 69, 70, 71, 79, 81, 82, 84], "excluded_lines": [], "functions": {"run": {"executed_lines": [], "summary": {"covered_lines": 0, "num_statements": 15, "percent_covered": 0.0, "percent_covered_display": "0", "missing_lines": 15, "excluded_lines": 0, "percent_statements_covered": 0.0, "percent_statements_covered_display": "0"}, "missing_lines": [57, 58, 61, 62, 63, 64, 65, 66, 69, 70, 71, 79, 81, 82, 84], "excluded_lines": [], "start_line": 28}, "": {"executed_lines": [20, 22, 23, 25, 28], "summary": {"covered_lines": 5, "num_statements": 5, "percent_covered": 100.0, "percent_covered_display": "100", "missing_lines": 0, "excluded_lines": 0, "percent_statements_covered": 100.0, "percent_statements_covered_display": "100"}, "missing_lines": [], "excluded_lines": [], "start_line": 1}}, "classes": {"": {"executed_lines": [20, 22, 23, 25, 28], "summary": {"covered_lines": 5, "num_statements": 20, "percent_covered": 25.0, "percent_covered_display": "25", "missing_lines": 15, "excluded_lines": 0, "percent_statements_covered": 25.0, "percent_statements_covered_display": "25"}, "missing_lines": [57, 58, 61, 62, 63, 64, 65, 66, 69, 70, 71, 79, 81, 82, 84], "excluded_lines": [], "start_line": 1}}}, "src\\ai\\steps\\rewards.py": {"executed_lines": [14, 16, 18, 20, 26, 27, 28, 36, 90, 191], "summary": {"covered_lines": 10, "num_statements": 59, "percent_covered": 16.949152542372882, "percent_covered_display": "17", "missing_lines": 49, "excluded_lines": 0, "percent_statements_covered": 16.949152542372882, "percent_statements_covered_display": "17"}, "missing_lines": [65, 66, 67, 75, 82, 120, 122, 123, 132, 140, 141, 151, 153, 170, 171, 172, 183, 222, 224, 231, 232, 235, 236, 238, 239, 247, 249, 250, 251, 252, 253, 255, 256, 257, 258, 260, 261, 262, 264, 265, 276, 284, 285, 294, 296, 313, 314, 315, 325], "excluded_lines": [], "functions": {"compute_quest_rewards": {"executed_lines": [], "summary": {"covered_lines": 0, "num_statements": 5, "percent_covered": 0.0, "percent_covered_display": "0", "missing_lines": 5, "excluded_lines": 0, "percent_statements_covered": 0.0, "percent_statements_covered_display": "0"}, "missing_lines": [65, 66, 67, 75, 82], "excluded_lines": [], "start_line": 36}, "persist_skill_awards": {"executed_lines": [], "summary": {"covered_lines": 0, "num_statements": 12, "percent_covered": 0.0, "percent_covered_display": "0", "missing_lines": 12, "excluded_lines": 0, "percent_statements_covered": 0.0, "percent_statements_covered_display": "0"}, "missing_lines": [120, 122, 123, 132, 140, 141, 151, 153, 170, 171, 172, 183], "excluded_lines": [], "start_line": 90}, "persist_theme_awards": {"executed_lines": [], "summary": {"covered_lines": 0, "num_statements": 32, "percent_covered": 0.0, "percent_covered_display": "0", "missing_lines": 32, "excluded_lines": 0, "percent_statements_covered": 0.0, "percent_statements_covered_display": "0"}, "missing_lines": [222, 224, 231, 232, 235, 236, 238, 239, 247, 249, 250, 251, 252, 253, 255, 256, 257, 258, 260, 261, 262, 264, 265, 276, 284, 285, 294, 296, 313, 314, 315, 325], "excluded_lines": [], "start_line": 191}, "": {"executed_lines": [14, 16, 18, 20, 26, 27, 28, 36, 90, 191], "summary": {"covered_lines": 10, "num_statements": 10, "percent_covered": 100.0, "percent_covered_display": "100", "missing_lines": 0, "excluded_lines": 0, "percent_statements_covered": 100.0, "percent_statements_covered_display": "100"}, "missing_lines": [], "excluded_lines": [], "start_line": 1}}, "classes": {"": {"executed_lines": [14, 16, 18, 20, 26, 27, 28, 36, 90, 191], "summary": {"covered_lines": 10, "num_statements": 59, "percent_covered": 16.949152542372882, "percent_covered_display": "17", "missing_lines": 49, "excluded_lines": 0, "percent_statements_covered": 16.949152542372882, "percent_statements_covered_display": "17"}, "missing_lines": [65, 66, 67, 75, 82, 120, 122, 123, 132, 140, 141, 151, 153, 170, 171, 172, 183, 222, 224, 231, 232, 235, 236, 238, 239, 247, 249, 250, 251, 252, 253, 255, 256, 257, 258, 260, 261, 262, 264, 265, 276, 284, 285, 294, 296, 313, 314, 315, 325], "excluded_lines": [], "start_line": 1}}}, "src\\ai\\steps\\signals.py": {"executed_lines": [15, 17, 18, 20, 22, 28, 41, 50, 51, 52, 60, 70, 83], "summary": {"covered_lines": 13, "num_statements": 37, "percent_covered": 35.13513513513514, "percent_covered_display": "35", "missing_lines": 24, "excluded_lines": 0, "percent_statements_covered": 35.13513513513514, "percent_statements_covered_display": "35"}, "missing_lines": [61, 62, 63, 64, 65, 66, 67, 71, 72, 73, 74, 75, 103, 104, 107, 108, 109, 110, 111, 112, 114, 115, 116, 118], "excluded_lines": [], "functions": {"_classify_task_type": {"executed_lines": [], "summary": {"covered_lines": 0, "num_statements": 7, "percent_covered": 0.0, "percent_covered_display": "0", "missing_lines": 7, "excluded_lines": 0, "percent_statements_covered": 0.0, "percent_statements_covered_display": "0"}, "missing_lines": [61, 62, 63, 64, 65, 66, 67], "excluded_lines": [], "start_line": 60}, "_estimate_energy": {"executed_lines": [], "summary": {"covered_lines": 0, "num_statements": 5, "percent_covered": 0.0, "percent_covered_display": "0", "missing_lines": 5, "excluded_lines": 0, "percent_statements_covered": 0.0, "percent_statements_covered_display": "0"}, "missing_lines": [71, 72, 73, 74, 75], "excluded_lines": [], "start_line": 70}, "run": {"executed_lines": [], "summary": {"covered_lines": 0, "num_statements": 12, "percent_covered": 0.0, "percent_covered_display": "0", "missing_lines": 12, "excluded_lines": 0, "percent_statements_covered": 0.0, "percent_statements_covered_display": "0"}, "missing_lines": [103, 104, 107, 108, 109, 110, 111, 112, 114, 115, 116, 118], "excluded_lines": [], "start_line": 83}, "": {"executed_lines": [15, 17, 18, 20, 22, 28, 41, 50, 51, 52, 60, 70, 83], "summary": {"covered_lines": 13, "num_statements": 13, "percent_covered": 100.0, "percent_covered_display": "100", "missing_lines": 0, "excluded_lines": 0, "percent_statements_covered": 100.0, "percent_statements_covered_display": "100"}, "missing_lines": [], "excluded_lines": [], "start_line": 1}}, "classes": {"": {"executed_lines": [15, 17, 18, 20, 22, 28, 41, 50, 51, 52, 60, 70, 83], "summary": {"covered_lines": 13, "num_statements": 37, "percent_covered": 35.13513513513514, "percent_covered_display": "35", "missing_lines": 24, "excluded_lines": 0, "percent_statements_covered": 35.13513513513514, "percent_statements_covered_display": "35"}, "missing_lines": [61, 62, 63, 64, 65, 66, 67, 71, 72, 73, 74, 75, 103, 104, 107, 108, 109, 110, 111, 112, 114, 115, 116, 118], "excluded_lines": [], "start_line": 1}}}, "src\\ai\\steps\\strategy.py": {"executed_lines": [11, 12, 13, 14, 15, 16, 17, 18, 19, 20, 21, 22, 24, 26, 29, 38, 53, 70, 83, 86, 95, 99, 112, 126, 133, 184, 198, 203, 231, 267, 302, 350, 455, 464], "summary": {"covered_lines": 34, "num_statements": 161, "percent_covered": 21.11801242236025, "percent_covered_display": "21", "missing_lines": 127, "excluded_lines": 0, "percent_statements_covered": 21.11801242236025, "percent_statements_covered_display": "21"}, "missing_lines": [87, 88, 89, 90, 91, 92, 96, 100, 119, 120, 121, 122, 123, 127, 128, 142, 158, 171, 172, 173, 174, 175, 176, 177, 178, 179, 180, 181, 188, 189, 190, 191, 200, 209, 210, 211, 212, 222, 227, 228, 240, 241, 242, 244, 245, 246, 247, 249, 250, 258, 259, 285, 286, 287, 288, 290, 291, 292, 293, 294, 295, 297, 298, 299, 313, 314, 316, 317, 318, 320, 321, 322, 323, 325, 326, 329, 330, 332, 333, 334, 335, 336, 337, 338, 343, 345, 381, 382, 383, 388, 393, 396, 397, 399, 421, 422, 423, 424, 425, 426, 427, 430, 433, 436, 438, 439, 442, 445, 447, 456, 458, 459, 460, 461, 470, 471, 472, 473, 475, 476, 481, 482, 483, 484, 495, 496, 497], "excluded_lines": [], "functions": {"_coerce_int": {"executed_lines": [], "summary": {"covered_lines": 0, "num_statements": 6, "percent_covered": 0.0, "percent_covered_display": "0", "missing_lines": 6, "excluded_lines": 0, "percent_statements_covered": 0.0, "percent_statements_covered_display": "0"}, "missing_lines": [87, 88, 89, 90, 91, 92], "excluded_lines": [], "start_line": 86}, "_now_utc": {"executed_lines": [], "summary": {"covered_lines": 0, "num_statements": 1, "percent_covered": 0.0, "percent_covered_display": "0", "missing_lines": 1, "excluded_lines": 0, "percent_statements_covered": 0.0, "percent_statements_covered_display": "0"}, "missing_lines": [96], "excluded_lines": [], "start_line": 95}, "_has_solo_preference": {"executed_lines": [], "summary": {"covered_lines": 0, "num_statements": 1, "percent_covered": 0.0, "percent_covered_display": "0", "missing_lines": 1, "excluded_lines": 0, "percent_statements_covered": 0.0, "percent_statements_covered_display": "0"}, "missing_lines": [100], "excluded_lines": [], "start_line": 99}, "_is_social_risk": {"executed_lines": [], "summary": {"covered_lines": 0, "num_statements": 5, "percent_covered": 0.0, "percent_covered_display": "0", "missing_lines": 5, "excluded_lines": 0, "percent_statements_covered": 0.0, "percent_statements_covered_display": "0"}, "missing_lines": [119, 120, 121, 122, 123], "excluded_lines": [], "start_line": 112}, "_is_learning_candidate": {"executed_lines": [], "summary": {"covered_lines": 0, "num_statements": 2, "percent_covered": 0.0, "percent_covered_display": "0", "missing_lines": 2, "excluded_lines": 0, "percent_statements_covered": 0.0, "percent_statements_covered_display": "0"}, "missing_lines": [127, 128], "excluded_lines": [], "start_line": 126}
[...]
, 150, 151, 152, 156, 158], "summary": {"covered_lines": 6, "num_statements": 8, "percent_covered": 75.0, "percent_covered_display": "75", "missing_lines": 2, "excluded_lines": 0, "percent_statements_covered": 75.0, "percent_statements_covered_display": "75"}, "missing_lines": [157, 161], "excluded_lines": [], "start_line": 131}, "get_db": {"executed_lines": [], "summary": {"covered_lines": 0, "num_statements": 8, "percent_covered": 0.0, "percent_covered_display": "0", "missing_lines": 8, "excluded_lines": 0, "percent_statements_covered": 0.0, "percent_statements_covered_display": "0"}, "missing_lines": [193, 194, 195, 196, 197, 198, 199, 201], "excluded_lines": [], "start_line": 180}, "db_session": {"executed_lines": [], "summary": {"covered_lines": 0, "num_statements": 8, "percent_covered": 0.0, "percent_covered_display": "0", "missing_lines": 8, "excluded_lines": 0, "percent_statements_covered": 0.0, "percent_statements_covered_display": "0"}, "missing_lines": [220, 221, 222, 223, 224, 225, 226, 228], "excluded_lines": [], "start_line": 208}, "init_db": {"executed_lines": [], "summary": {"covered_lines": 0, "num_statements": 3, "percent_covered": 0.0, "percent_covered_display": "0", "missing_lines": 3, "excluded_lines": 0, "percent_statements_covered": 0.0, "percent_statements_covered_display": "0"}, "missing_lines": [243, 245, 246], "excluded_lines": [], "start_line": 234}, "_ensure_sqlite_users_compat_columns": {"executed_lines": [], "summary": {"covered_lines": 0, "num_statements": 9, "percent_covered": 0.0, "percent_covered_display": "0", "missing_lines": 9, "excluded_lines": 0, "percent_statements_covered": 0.0, "percent_statements_covered_display": "0"}, "missing_lines": [251, 252, 254, 260, 261, 266, 267, 274, 275], "excluded_lines": [], "start_line": 249}, "_create_sqlite_tenant_integrity_triggers": {"executed_lines": [], "summary": {"covered_lines": 0, "num_statements": 6, "percent_covered": 0.0, "percent_covered_display": "0", "missing_lines": 6, "excluded_lines": 0, "percent_statements_covered": 0.0, "percent_statements_covered_display": "0"}, "missing_lines": [286, 287, 289, 314, 315, 316], "excluded_lines": [], "start_line": 284}, "drop_db": {"executed_lines": [], "summary": {"covered_lines": 0, "num_statements": 1, "percent_covered": 0.0, "percent_covered_display": "0", "missing_lines": 1, "excluded_lines": 0, "percent_statements_covered": 0.0, "percent_statements_covered_display": "0"}, "missing_lines": [325], "excluded_lines": [], "start_line": 319}, "check_connection": {"executed_lines": [], "summary": {"covered_lines": 0, "num_statements": 6, "percent_covered": 0.0, "percent_covered_display": "0", "missing_lines": 6, "excluded_lines": 0, "percent_statements_covered": 0.0, "percent_statements_covered_display": "0"}, "missing_lines": [333, 334, 335, 336, 337, 338], "excluded_lines": [], "start_line": 328}, "get_database_url": {"executed_lines": [], "summary": {"covered_lines": 0, "num_statements": 1, "percent_covered": 0.0, "percent_covered_display": "0", "missing_lines": 1, "excluded_lines": 0, "percent_statements_covered": 0.0, "percent_statements_covered_display": "0"}, "missing_lines": [343], "excluded_lines": [], "start_line": 341}, "get_head_schema_revision": {"executed_lines": [], "summary": {"covered_lines": 0, "num_statements": 11, "percent_covered": 0.0, "percent_covered_display": "0", "missing_lines": 11, "excluded_lines": 0, "percent_statements_covered": 0.0, "percent_statements_covered_display": "0"}, "missing_lines": [348, 349, 350, 351, 352, 354, 355, 356, 357, 358, 359], "excluded_lines": [], "start_line": 346}, "get_current_schema_revision": {"executed_lines": [], "summary": {"covered_lines": 0, "num_statements": 10, "percent_covered": 0.0, "percent_covered_display": "0", "missing_lines": 10, "excluded_lines": 0, "percent_statements_covered": 0.0, "percent_statements_covered_display": "0"}, "missing_lines": [364, 365, 366, 367, 368, 370, 371, 376, 377, 378], "excluded_lines": [], "start_line": 362}, "schema_status": {"executed_lines": [], "summary": {"covered_lines": 0, "num_statements": 4, "percent_covered": 0.0, "percent_covered_display": "0", "missing_lines": 4, "excluded_lines": 0, "percent_statements_covered": 0.0, "percent_statements_covered_display": "0"}, "missing_lines": [383, 384, 385, 386], "excluded_lines": [], "start_line": 381}, "assert_schema_ready": {"executed_lines": [], "summary": {"covered_lines": 0, "num_statements": 11, "percent_covered": 0.0, "percent_covered_display": "0", "missing_lines": 11, "excluded_lines": 0, "percent_statements_covered": 0.0, "percent_statements_covered_display": "0"}, "missing_lines": [406, 407, 408, 410, 411, 413, 414, 419, 420, 422, 423], "excluded_lines": [], "start_line": 399}, "": {"executed_lines": [29, 30, 31, 32, 34, 35, 36, 38, 43, 44, 45, 48, 62, 109, 110, 116, 117, 131, 164, 169, 180, 207, 208, 234, 249, 284, 319, 328, 341, 346, 362, 381, 399], "summary": {"covered_lines": 33, "num_statements": 33, "percent_covered": 100.0, "percent_covered_display": "100", "missing_lines": 0, "excluded_lines": 0, "percent_statements_covered": 100.0, "percent_statements_covered_display": "100"}, "missing_lines": [], "excluded_lines": [], "start_line": 1}}, "classes": {"": {"executed_lines": [29, 30, 31, 32, 34, 35, 36, 38, 43, 44, 45, 48, 50, 52, 55, 56, 62, 68, 69, 73, 74, 75, 76, 78, 79, 81, 82, 84, 94, 95, 97, 98, 99, 100, 109, 110, 116, 117, 120, 121, 122, 123, 131, 148, 150, 151, 152, 156, 158, 164, 169, 180, 207, 208, 234, 249, 284, 319, 328, 341, 346, 362, 381, 399], "summary": {"covered_lines": 64, "num_statements": 159, "percent_covered": 40.25157232704402, "percent_covered_display": "40", "missing_lines": 95, "excluded_lines": 0, "percent_statements_covered": 40.25157232704402, "percent_statements_covered_display": "40"}, "missing_lines": [51, 53, 70, 85, 86, 87, 88, 89, 90, 91, 102, 103, 106, 124, 125, 157, 161, 193, 194, 195, 196, 197, 198, 199, 201, 220, 221, 222, 223, 224, 225, 226, 228, 243, 245, 246, 251, 252, 254, 260, 261, 266, 267, 274, 275, 286, 287, 289, 314, 315, 316, 325, 333, 334, 335, 336, 337, 338, 343, 348, 349, 350, 351, 352, 354, 355, 356, 357, 358, 359, 364, 365, 366, 367, 368, 370, 371, 376, 377, 378, 383, 384, 385, 386, 406, 407, 408, 410, 411, 413, 414, 419, 420, 422, 423], "excluded_lines": [], "start_line": 1}}}, "src\\demo_profiles.py": {"executed_lines": [9, 11, 12, 13, 14, 15, 17, 19, 21, 22, 25, 26, 27, 29, 32, 33, 34, 37, 38, 41, 42, 50, 73, 80, 81, 82, 84], "summary": {"covered_lines": 27, "num_statements": 40, "percent_covered": 67.5, "percent_covered_display": "68", "missing_lines": 13, "excluded_lines": 0, "percent_statements_covered": 67.5, "percent_statements_covered_display": "68"}, "missing_lines": [28, 51, 52, 53, 55, 56, 57, 63, 74, 75, 76, 77, 83], "excluded_lines": [], "functions": {"_load_seed": {"executed_lines": [27, 29], "summary": {"covered_lines": 2, "num_statements": 3, "percent_covered": 66.66666666666667, "percent_covered_display": "67", "missing_lines": 1, "excluded_lines": 0, "percent_statements_covered": 66.66666666666667, "percent_statements_covered_display": "67"}, "missing_lines": [28], "excluded_lines": [], "start_line": 26}, "get_demo_profile": {"executed_lines": [33, 34], "summary": {"covered_lines": 2, "num_statements": 2, "percent_covered": 100.0, "percent_covered_display": "100", "missing_lines": 0, "excluded_lines": 0, "percent_statements_covered": 100.0, "percent_statements_covered_display": "100"}, "missing_lines": [], "excluded_lines": [], "start_line": 32}, "has_demo_profile": {"executed_lines": [38], "summary": {"covered_lines": 1, "num_statements": 1, "percent_covered": 100.0, "percent_covered_display": "100", "missing_lines": 0, "excluded_lines": 0, "percent_statements_covered": 100.0, "percent_statements_covered_display": "100"}, "missing_lines": [], "excluded_lines": [], "start_line": 37}, "has_live_profile_activity": {"executed_lines": [42], "summary": {"covered_lines": 1, "num_statements": 1, "percent_covered": 100.0, "percent_covered_display": "100", "missing_lines": 0, "excluded_lines": 0, "percent_statements_covered": 100.0, "percent_statements_covered_display": "100"}, "missing_lines": [], "excluded_lines": [], "start_line": 41}, "demo_harmony_payload": {"executed_lines": [], "summary": {"covered_lines": 0, "num_statements": 7, "percent_covered": 0.0, "percent_covered_display": "0", "missing_lines": 7, "excluded_lines": 0, "percent_statements_covered": 0.0, "percent_statements_covered_display": "0"}, "missing_lines": [51, 52, 53, 55, 56, 57, 63], "excluded_lines": [], "start_line": 50}, "demo_variety_payload": {"executed_lines": [], "summary": {"covered_lines": 0, "num_statements": 4, "percent_covered": 0.0, "percent_covered_display": "0", "missing_lines": 4, "excluded_lines": 0, "percent_statements_covered": 0.0, "percent_statements_covered_display": "0"}, "missing_lines": [74, 75, 76, 77], "excluded_lines": [], "start_line": 73}, "demo_stats_payload": {"executed_lines": [81, 82, 84], "summary": {"covered_lines": 3, "num_statements": 4, "percent_covered": 75.0, "percent_covered_display": "75", "missing_lines": 1, "excluded_lines": 0, "percent_statements_covered": 75.0, "percent_statements_covered_display": "75"}, "missing_lines": [83], "excluded_lines": [], "start_line": 80}, "": {"executed_lines": [9, 11, 12, 13, 14, 15, 17, 19, 21, 22, 25, 26, 32, 37, 41, 50, 73, 80], "summary": {"covered_lines": 18, "num_statements": 18, "percent_covered": 100.0, "percent_covered_display": "100", "missing_lines": 0, "excluded_lines": 0, "percent_statements_covered": 100.0, "percent_statements_covered_display": "100"}, "missing_lines": [], "excluded_lines": [], "start_line": 1}}, "classes": {"": {"executed_lines": [9, 11, 12, 13, 14, 15, 17, 19, 21, 22, 25, 26, 27, 29, 32, 33, 34, 37, 38, 41, 42, 50, 73, 80, 81, 82, 84], "summary": {"covered_lines": 27, "num_statements": 40, "percent_covered": 67.5, "percent_covered_display": "68", "missing_lines": 13, "excluded_lines": 0, "percent_statements_covered": 67.5, "percent_statements_covered_display": "68"}, "missing_lines": [28, 51, 52, 53, 55, 56, 57, 63, 74, 75, 76, 77, 83], "excluded_lines": [], "start_line": 1}}}, "src\\jobs\\__init__.py": {"executed_lines": [], "summary": {"covered_lines": 0, "num_statements": 0, "percent_covered": 100.0, "percent_covered_display": "100", "missing_lines": 0, "excluded_lines": 0, "percent_statements_covered": 100.0, "percent_statements_covered_display": "100"}, "missing_lines": [], "excluded_lines": [], "functions": {"": {"executed_lines": [], "summary": {"covered_lines": 0, "num_statements": 0, "percent_covered": 100.0, "percent_covered_display": "100", "missing_lines": 0, "excluded_lines": 0, "percent_statements_covered": 100.0, "percent_statements_covered_display": "100"}, "missing_lines": [], "excluded_lines": [], "start_line": 1}}, "classes": {"": {"executed_lines": [], "summary": {"covered_lines": 0, "num_statements": 0, "percent_covered": 100.0, "percent_covered_display": "100", "missing_lines": 0, "excluded_lines": 0, "percent_statements_covered": 100.0, "percent_statements_covered_display": "100"}, "missing_lines": [], "excluded_lines": [], "start_line": 1}}}, "src\\jobs\\daily_decay_job.py": {"executed_lines": [6, 8, 9, 10, 11, 13, 15, 16, 17, 18, 19, 20, 21, 22, 24, 25, 26, 29, 32, 38, 39, 46, 47, 53, 62, 98, 116, 209, 275, 316], "summary": {"covered_lines": 30, "num_statements": 124, "percent_covered": 24.193548387096776, "percent_covered_display": "24", "missing_lines": 94, "excluded_lines": 0, "percent_statements_covered": 24.193548387096776, "percent_statements_covered_display": "24"}, "missing_lines": [33, 34, 35, 36, 40, 41, 42, 43, 44, 48, 49, 50, 51, 58, 59, 60, 69, 78, 87, 96, 103, 106, 107, 108, 113, 114, 126, 128, 130, 140, 142, 143, 144, 151, 152, 153, 160, 161, 162, 163, 168, 169, 173, 180, 185, 189, 190, 195, 202, 203, 204, 205, 207, 219, 220, 222, 223, 233, 234, 235, 236, 237, 245, 247, 248, 249, 250, 251, 252, 253, 254, 255, 256, 257, 266, 273, 284, 286, 288, 290, 298, 299, 300, 301, 302, 303, 304, 305, 306, 308, 313, 318, 319, 320], "excluded_lines": [], "functions": {"DailyDecayJob.__init__": {"executed_lines": [], "summary": {"covered_lines": 0, "num_statements": 4, "percent_covered": 0.0, "percent_covered_display": "0", "missing_lines": 4, "excluded_lines": 0, "percent_statements_covered": 0.0, "percent_statements_covered_display": "0"}, "missing_lines": [33, 34, 35, 36], "excluded_lines": [], "start_line": 32}, "DailyDecayJob._normalize_now": {"executed_lines": [], "summary": {"covered_lines": 0, "num_statements": 5, "percent_covered": 0.0, "percent_covered_display": "0", "missing_lines": 5, "excluded_lines": 0, "percent_statements_covered": 0.0, "percent_statements_covered_display": "0"}, "missing_lines": [40, 41, 42, 43, 44], "excluded_lines": [], "start_line": 39}, "DailyDecayJob._user_tz": {"executed_lines": [], "summary": {"covered_lines": 0, "num_statements": 4, "percent_covered": 0.0, "percent_covered_display": "0", "missing_lines": 4, "excluded_lines": 0, "percent_statements_covered": 0.0, "percent_statements_covered_display": "0"}, "missing_lines": [48, 49, 50, 51], "excluded_lines": [], "start_line": 47}, "DailyDecayJob._local_dates_for_user": {"executed_lines": [], "summary": {"covered_lines": 0, "num_statements": 3, "percent_covered": 0.0, "percent_covered_display": "0", "missing_lines": 3, "excluded_lines": 0, "percent_statements_covered": 0.0, "percent_statements_covered_display": "0"}, "missing_lines": [58, 59, 60], "excluded_lines": [], "start_line": 53}, "DailyDecayJob._maintenance_completed_for_local_day": {"executed_lines": [], "summary": {"covered_lines": 0, "num_statements": 4, "percent_covered": 0.0, "percent_covered_display": "0", "missing_lines": 4, "excluded_lines": 0, "percent_statements_covered": 0.0, "percent_statements_covered_display": "0"}, "missing_lines": [69, 78, 87, 96], "excluded_lines": [], "start_line": 62}, "DailyDecayJob._due_status_for_user": {"executed_lines": [], "summary": {"covered_lines": 0, "num_statements": 6, "percent_covered": 0.0, "percent_covered_display": "0", "missing_lines": 6, "excluded_lines": 0, "percent_statements_covered": 0.0, "percent_statements_covered_display": "0"}, "missing_lines": [103, 106, 107, 108, 113, 114], "excluded_lines": [], "start_line": 98}, "DailyDecayJob.run_for_user": {"executed_lines": [], "summary": {"covered_lines": 0, "num_statements": 27, "percent_covered": 0.0, "percent_covered_display": "0", "missing_lines": 27, "excluded_lines": 0, "percent_statements_covered": 0.0, "percent_statements_covered_display": "0"}, "missing_lines": [126, 128, 130, 140, 142, 143, 144, 151, 152, 153, 160, 161, 162, 163, 168, 169, 173, 180, 185, 189, 190, 195, 202, 203, 204, 205, 207], "excluded_lines": [], "start_line": 116}, "DailyDecayJob.run_for_due_users": {"executed_lines": [], "summary": {"covered_lines": 0, "num_statements": 23, "percent_covered": 0.0, "percent_covered_display": "0", "missing_lines": 23, "excluded_lines": 0, "percent_statements_covered": 0.0, "percent_statements_covered_display": "0"}, "missing_lines": [219, 220, 222, 223, 233, 234, 235, 236, 237, 245, 247, 248, 249, 250, 251, 252, 253, 254, 255, 256, 257, 266, 273], "excluded_lines": [], "start_line": 209}, "DailyDecayJob.run_for_all_users": {"executed_lines": [], "summary": {"covered_lines": 0, "num_statements": 15, "percent_covered": 0.0, "percent_covered_display": "0", "missing_lines": 15, "excluded_lines": 0, "percent_statements_covered": 0.0, "percent_statements_covered_display": "0"}, "missing_lines": [284, 286, 288, 290, 298, 299, 300, 301, 302, 303, 304, 305, 306, 308, 313], "excluded_lines": [], "start_line": 275}, "run_daily_decay_job": {"executed_lines": [], "summary": {"covered_lines": 0, "num_statements": 3, "percent_covered": 0.0, "percent_covered_display": "0", "missing_lines": 3, "excluded_lines": 0, "percent_statements_covered": 0.0, "percent_statements_covered_display": "0"}, "missing_lines": [318, 319, 320], "excluded_lines": [], "start_line": 316}, "": {"executed_lines": [6, 8, 9, 10, 11, 13, 15, 16, 17, 18, 19, 20, 21, 22, 24, 25, 26, 29, 32, 38, 39, 46, 47, 53, 62, 98, 116, 209, 275, 316], "summary": {"covered_lines": 30, "num_statements": 30, "percent_covered": 100.0, "percent_covered_display": "100", "missing_lines": 0, "excluded_lines": 0, "percent_statements_covered": 100.0, "percent_statements_covered_display": "100"}, "missing_lines": [], "excluded_lines": [], "start_line": 1}}, "classes": {"DailyDecayJob": {"executed_lines": [], "summary": {"covered_lines": 0, "num_statements": 91, "percent_covered": 0.0, "percent_covered_display": "0", "missing_lines": 91, "excluded_lines": 0, "percent_statements_covered": 0.0, "percent_statements_covered_display": "0"}, "missing_lines": [33, 34, 35, 36, 40, 41, 42, 43, 44, 48, 49, 50, 51, 58, 59, 60, 69, 78, 87, 96, 103, 106, 107, 108, 113, 114, 126, 128, 130, 140, 142, 143, 144, 151, 152, 153, 160, 161, 162, 163, 168, 169, 173, 180, 185, 189, 190, 195, 202, 203, 204, 205, 207, 219, 220, 222, 223, 233, 234, 235, 236, 237, 245, 247, 248, 249, 250, 251, 252, 253, 254, 255, 256, 257, 266, 273, 284, 286, 288, 290, 298, 299, 300, 301, 302, 303, 304, 305, 306, 308, 313], "excluded_lines": [], "start_line": 29}, "": {"executed_lines": [6, 8, 9, 10, 11, 13, 15, 16, 17, 18, 19, 20, 21, 22, 24, 25, 26, 29, 32, 38, 39, 46, 47, 53, 62, 98, 116, 209, 275, 316], "summary": {"covered_lines": 30, "num_statements": 33, "percent_covered": 90.9090909090909, "percent_covered_display": "91", "missing_lines": 3, "excluded_lines": 0, "percent_statements_covered": 90.9090909090909, "percent_statements_covered_display": "91"}, "missing_lines": [318, 319, 320], "excluded_lines": [], "start_line": 1}}}, "src\\jobs\\scheduler.py": {"executed_lines": [6, 8, 10, 11, 13, 15, 17, 18, 19, 20, 23, 47], "summary": {"covered_lines": 12, "num_statements": 24, "percent_covered": 50.0, "percent_covered_display": "50", "missing_lines": 12, "excluded_lines": 0, "percent_statements_covered": 50.0, "percent_statements_covered_display": "50"}, "missing_lines": [25, 26, 27, 31, 39, 40, 41, 43, 44, 49, 50, 51], "excluded_lines": [], "functions": {"init_scheduler": {"executed_lines": [], "summary": {"covered_lines": 0, "num_statements": 9, "percent_covered": 0.0, "percent_covered_display": "0", "missing_lines": 9, "excluded_lines": 0, "percent_statements_covered": 0.0, "percent_statements_covered_display": "0"}, "missing_lines": [25, 26, 27, 31, 39, 40, 41, 43, 44], "excluded_lines": [], "start_line": 23}, "shutdown_scheduler": {"executed_lines": [], "summary": {"covered_lines": 0, "num_statements": 3, "percent_covered": 0.0, "percent_covered_display": "0", "missing_lines": 3, "excluded_lines": 0, "percent_statements_covered": 0.0, "percent_statements_covered_display": "0"}, "missing_lines": [49, 50, 51], "excluded_lines": [], "start_line": 47}, "": {"executed_lines": [6, 8, 10, 11, 13, 15, 17, 18, 19, 20, 23, 47], "summary": {"covered_lines": 12, "num_statements": 12, "percent_covered": 100.0, "percent_covered_display": "100", "missing_lines": 0, "excluded_lines": 0, "percent_statements_covered": 100.0, "percent_statements_covered_display": "100"}, "missing_lines": [], "excluded_lines": [], "start_line": 1}}, "classes": {"": {"executed_lines": [6, 8, 10, 11, 13, 15, 17, 18, 19, 20, 23, 47], "summary": {"covered_lines": 12, "num_statements": 24, "percent_covered": 50.0, "percent_covered_display": "50", "missing_lines": 12, "excluded_lines": 0, "percent_statements_covered": 50.0, "percent_statements_covered_display": "50"}, "missing_lines": [25, 26, 27, 31, 39, 40, 41, 43, 44, 49, 50, 51], "excluded_lines": [], "start_line": 1}}}}, "totals": {"covered_lines": 2777, "num_statements": 5437, "percent_covered": 51.075961007908774, "percent_covered_display": "51", "missing_lines": 2660, "excluded_lines": 41, "percent_statements_covered": 51.075961007908774, "percent_statements_covered_display": "51"}}