{"meta": {"format": 3, "version": "7.13.4", "timestamp": "2026-03-11T01:32:24.269728", "branch_coverage": false, "show_contexts": false}, "files": {"src/ai/__init__.py": {"executed_lines": [3, 4, 5, 6, 7, 9], "summary": {"covered_lines": 6, "num_statements": 6, "percent_covered": 100.0, "percent_covered_display": "100", "missing_lines": 0, "excluded_lines": 0, "percent_statements_covered": 100.0, "percent_statements_covered_display": "100"}, "missing_lines": [], "excluded_lines": [], "functions": {"": {"executed_lines": [3, 4, 5, 6, 7, 9], "summary": {"covered_lines": 6, "num_statements": 6, "percent_covered": 100.0, "percent_covered_display": "100", "missing_lines": 0, "excluded_lines": 0, "percent_statements_covered": 100.0, "percent_statements_covered_display": "100"}, "missing_lines": [], "excluded_lines": [], "start_line": 1}}, "classes": {"": {"executed_lines": [3, 4, 5, 6, 7, 9], "summary": {"covered_lines": 6, "num_statements": 6, "percent_covered": 100.0, "percent_covered_display": "100", "missing_lines": 0, "excluded_lines": 0, "percent_statements_covered": 100.0, "percent_statements_covered_display": "100"}, "missing_lines": [], "excluded_lines": [], "start_line": 1}}}, "src/ai/cache.py": {"executed_lines": [35, 37, 38, 39, 40, 41, 42, 44, 52, 53, 54, 55, 63, 82, 95, 124, 145, 157, 184, 185, 210], "summary": {"covered_lines": 21, "num_statements": 56, "percent_covered": 37.5, "percent_covered_display": "38", "missing_lines": 35, "excluded_lines": 0, "percent_statements_covered": 37.5, "percent_statements_covered_display": "38"}, "missing_lines": [83, 84, 85, 86, 87, 88, 89, 107, 108, 109, 110, 112, 113, 114, 115, 116, 119, 120, 121, 122, 134, 135, 136, 137, 139, 142, 143, 147, 148, 149, 150, 151, 170, 171, 201], "excluded_lines": [], "functions": {"StepCache.__init__": {"executed_lines": [], "summary": {"covered_lines": 0, "num_statements": 7, "percent_covered": 0.0, "percent_covered_display": "0", "missing_lines": 7, "excluded_lines": 0, "percent_statements_covered": 0.0, "percent_statements_covered_display": "0"}, "missing_lines": [83, 84, 85, 86, 87, 88, 89], "excluded_lines": [], "start_line": 82}, "StepCache.get": {"executed_lines": [], "summary": {"covered_lines": 0, "num_statements": 13, "percent_covered": 0.0, "percent_covered_display": "0", "missing_lines": 13, "excluded_lines": 0, "percent_statements_covered": 0.0, "percent_statements_covered_display": "0"}, "missing_lines": [107, 108, 109, 110, 112, 113, 114, 115, 116, 119, 120, 121, 122], "excluded_lines": [], "start_line": 95}, "StepCache.set": {"executed_lines": [], "summary": {"covered_lines": 0, "num_statements": 7, "percent_covered": 0.0, "percent_covered_display": "0", "missing_lines": 7, "excluded_lines": 0, "percent_statements_covered": 0.0, "percent_statements_covered_display": "0"}, "missing_lines": [134, 135, 136, 137, 139, 142, 143], "excluded_lines": [], "start_line": 124}, "StepCache.clear": {"executed_lines": [], "summary": {"covered_lines": 0, "num_statements": 5, "percent_covered": 0.0, "percent_covered_display": "0", "missing_lines": 5, "excluded_lines": 0, "percent_statements_covered": 0.0, "percent_statements_covered_display": "0"}, "missing_lines": [147, 148, 149, 150, 151], "excluded_lines": [], "start_line": 145}, "StepCache.get_stats": {"executed_lines": [], "summary": {"covered_lines": 0, "num_statements": 2, "percent_covered": 0.0, "percent_covered_display": "0", "missing_lines": 2, "excluded_lines": 0, "percent_statements_covered": 0.0, "percent_statements_covered_display": "0"}, "missing_lines": [170, 171], "excluded_lines": [], "start_line": 157}, "StepCache.hash_key": {"executed_lines": [], "summary": {"covered_lines": 0, "num_statements": 1, "percent_covered": 0.0, "percent_covered_display": "0", "missing_lines": 1, "excluded_lines": 0, "percent_statements_covered": 0.0, "percent_statements_covered_display": "0"}, "missing_lines": [201], "excluded_lines": [], "start_line": 185}, "": {"executed_lines": [35, 37, 38, 39, 40, 41, 42, 44, 52, 53, 54, 55, 63, 82, 95, 124, 145, 157, 184, 185, 210], "summary": {"covered_lines": 21, "num_statements": 21, "percent_covered": 100.0, "percent_covered_display": "100", "missing_lines": 0, "excluded_lines": 0, "percent_statements_covered": 100.0, "percent_statements_covered_display": "100"}, "missing_lines": [], "excluded_lines": [], "start_line": 1}}, "classes": {"_CacheItem": {"executed_lines": [], "summary": {"covered_lines": 0, "num_statements": 0, "percent_covered": 100.0, "percent_covered_display": "100", "missing_lines": 0, "excluded_lines": 0, "percent_statements_covered": 100.0, "percent_statements_covered_display": "100"}, "missing_lines": [], "excluded_lines": [], "start_line": 53}, "StepCache": {"executed_lines": [], "summary": {"covered_lines": 0, "num_statements": 35, "percent_covered": 0.0, "percent_covered_display": "0", "missing_lines": 35, "excluded_lines": 0, "percent_statements_covered": 0.0, "percent_statements_covered_display": "0"}, "missing_lines": [83, 84, 85, 86, 87, 88, 89, 107, 108, 109, 110, 112, 113, 114, 115, 116, 119, 120, 121, 122, 134, 135, 136, 137, 139, 142, 143, 147, 148, 149, 150, 151, 170, 171, 201], "excluded_lines": [], "start_line": 63}, "": {"executed_lines": [35, 37, 38, 39, 40, 41, 42, 44, 52, 53, 54, 55, 63, 82, 95, 124, 145, 157, 184, 185, 210], "summary": {"covered_lines": 21, "num_statements": 21, "percent_covered": 100.0, "percent_covered_display": "100", "missing_lines": 0, "excluded_lines": 0, "percent_statements_covered": 100.0, "percent_statements_covered_display": "100"}, "missing_lines": [], "excluded_lines": [], "start_line": 1}}}, "src/ai/ollama.py": {"executed_lines": [3, 5, 6, 7, 8, 10, 11, 13, 15, 16, 22, 62, 114, 160, 163, 187, 212, 241, 262, 278, 303, 335, 383, 426], "summary": {"covered_lines": 24, "num_statements": 126, "percent_covered": 19.047619047619047, "percent_covered_display": "19", "missing_lines": 102, "excluded_lines": 0, "percent_statements_covered": 19.047619047619047, "percent_statements_covered_display": "19"}, "missing_lines": [176, 177, 178, 179, 181, 193, 194, 195, 196, 197, 198, 199, 204, 205, 224, 230, 231, 232, 233, 234, 235, 236, 250, 251, 252, 253, 254, 255, 256, 268, 269, 270, 271, 272, 273, 274, 275, 276, 289, 290, 291, 292, 293, 294, 295, 296, 297, 298, 299, 300, 301, 314, 318, 322, 323, 324, 325, 326, 327, 328, 329, 330, 331, 332, 333, 350, 355, 360, 364, 365, 366, 367, 368, 369, 370, 371, 374, 375, 376, 377, 395, 401, 402, 403, 404, 405, 406, 407, 408, 409, 410, 411, 412, 416, 417, 418, 419, 420, 422, 437, 438, 439], "excluded_lines": [], "functions": {"OllamaClient.__init__": {"executed_lines": [], "summary": {"covered_lines": 0, "num_statements": 5, "percent_covered": 0.0, "percent_covered_display": "0", "missing_lines": 5, "excluded_lines": 0, "percent_statements_covered": 0.0, "percent_statements_covered_display": "0"}, "missing_lines": [176, 177, 178, 179, 181], "excluded_lines": [], "start_line": 163}, "OllamaClient.health": {"executed_lines": [], "summary": {"covered_lines": 0, "num_statements": 9, "percent_covered": 0.0, "percent_covered_display": "0", "missing_lines": 9, "excluded_lines": 0, "percent_statements_covered": 0.0, "percent_statements_covered_display": "0"}, "missing_lines": [193, 194, 195, 196, 197, 198, 199, 204, 205], "excluded_lines": [], "start_line": 187}, "OllamaClient.generate_json": {"executed_lines": [], "summary": {"covered_lines": 0, "num_statements": 8, "percent_covered": 0.0, "percent_covered_display": "0", "missing_lines": 8, "excluded_lines": 0, "percent_statements_covered": 0.0, "percent_statements_covered_display": "0"}, "missing_lines": [224, 230, 231, 232, 233, 234, 235, 236], "excluded_lines": [], "start_line": 212}, "OllamaClient.embed": {"executed_lines": [], "summary": {"covered_lines": 0, "num_statements": 7, "percent_covered": 0.0, "percent_covered_display": "0", "missing_lines": 7, "excluded_lines": 0, "percent_statements_covered": 0.0, "percent_statements_covered_display": "0"}, "missing_lines": [250, 251, 252, 253, 254, 255, 256], "excluded_lines": [], "start_line": 241}, "OllamaClient.is_available": {"executed_lines": [], "summary": {"covered_lines": 0, "num_statements": 9, "percent_covered": 0.0, "percent_covered_display": "0", "missing_lines": 9, "excluded_lines": 0, "percent_statements_covered": 0.0, "percent_statements_covered_display": "0"}, "missing_lines": [268, 269, 270, 271, 272, 273, 274, 275, 276], "excluded_lines": [], "start_line": 262}, "OllamaClient.extract_activities": {"executed_lines": [], "summary": {"covered_lines": 0, "num_statements": 13, "percent_covered": 0.0, "percent_covered_display": "0", "missing_lines": 13, "excluded_lines": 0, "percent_statements_covered": 0.0, "percent_statements_covered_display": "0"}, "missing_lines": [289, 290, 291, 292, 293, 294, 295, 296, 297, 298, 299, 300, 301], "excluded_lines": [], "start_line": 278}, "OllamaClient.assess_quality": {"executed_lines": [], "summary": {"covered_lines": 0, "num_statements": 14, "percent_covered": 0.0, "percent_covered_display": "0", "missing_lines": 14, "excluded_lines": 0, "percent_statements_covered": 0.0, "percent_statements_covered_display": "0"}, "missing_lines": [314, 318, 322, 323, 324, 325, 326, 327, 328, 329, 330, 331, 332, 333], "excluded_lines": [], "start_line": 303}, "OllamaClient.generate_insight": {"executed_lines": [], "summary": {"covered_lines": 0, "num_statements": 15, "percent_covered": 0.0, "percent_covered_display": "0", "missing_lines": 15, "excluded_lines": 0, "percent_statements_covered": 0.0, "percent_statements_covered_display": "0"}, "missing_lines": [350, 355, 360, 364, 365, 366, 367, 368, 369, 370, 371, 374, 375, 376, 377], "excluded_lines": [], "start_line": 335}, "OllamaClient._call_ollama": {"executed_lines": [], "summary": {"covered_lines": 0, "num_statements": 19, "percent_covered": 0.0, "percent_covered_display": "0", "missing_lines": 19, "excluded_lines": 0, "percent_statements_covered": 0.0, "percent_statements_covered_display": "0"}, "missing_lines": [395, 401, 402, 403, 404, 405, 406, 407, 408, 409, 410, 411, 412, 416, 417, 418, 419, 420, 422], "excluded_lines": [], "start_line": 383}, "OllamaClient._clean_json_response": {"executed_lines": [], "summary": {"covered_lines": 0, "num_statements": 3, "percent_covered": 0.0, "percent_covered_display": "0", "missing_lines": 3, "excluded_lines": 0, "percent_statements_covered": 0.0, "percent_statements_covered_display": "0"}, "missing_lines": [437, 438, 439], "excluded_lines": [], "start_line": 426}, "": {"executed_lines": [3, 5, 6, 7, 8, 10, 11, 13, 15, 16, 22, 62, 114, 160, 163, 187, 212, 241, 262, 278, 303, 335, 383, 426], "summary": {"covered_lines": 24, "num_statements": 24, "percent_covered": 100.0, "percent_covered_display": "100", "missing_lines": 0, "excluded_lines": 0, "percent_statements_covered": 100.0, "percent_statements_covered_display": "100"}, "missing_lines": [], "excluded_lines": [], "start_line": 1}}, "classes": {"OllamaClient": {"executed_lines": [], "summary": {"covered_lines": 0, "num_statements": 102, "percent_covered": 0.0, "percent_covered_display": "0", "missing_lines": 102, "excluded_lines": 0, "percent_statements_covered": 0.0, "percent_statements_covered_display": "0"}, "missing_lines": [176, 177, 178, 179, 181, 193, 194, 195, 196, 197, 198, 199, 204, 205, 224, 230, 231, 232, 233, 234, 235, 236, 250, 251, 252, 253, 254, 255, 256, 268, 269, 270, 271, 272, 273, 274, 275, 276, 289, 290, 291, 292, 293, 294, 295, 296, 297, 298, 299, 300, 301, 314, 318, 322, 323, 324, 325, 326, 327, 328, 329, 330, 331, 332, 333, 350, 355, 360, 364, 365, 366, 367, 368, 369, 370, 371, 374, 375, 376, 377, 395, 401, 402, 403, 404, 405, 406, 407, 408, 409, 410, 411, 412, 416, 417, 418, 419, 420, 422, 437, 438, 439], "excluded_lines": [], "start_line": 160}, "": {"executed_lines": [3, 5, 6, 7, 8, 10, 11, 13, 15, 16, 22, 62, 114, 160, 163, 187, 212, 241, 262, 278, 303, 335, 383, 426], "summary": {"covered_lines": 24, "num_statements": 24, "percent_covered": 100.0, "percent_covered_display": "100", "missing_lines": 0, "excluded_lines": 0, "percent_statements_covered": 100.0, "percent_statements_covered_display": "100"}, "missing_lines": [], "excluded_lines": [], "start_line": 1}}}, "src/ai/pipeline.py": {"executed_lines": [30, 32, 33, 34, 35, 36, 37, 38, 39, 40, 42, 44, 45, 46, 47, 50, 51, 52, 53, 54, 55, 56, 57, 58, 59, 60, 61, 62, 63, 65, 66, 73, 75, 76, 84, 87, 98, 102, 110, 125, 145, 159, 160, 180, 284, 772, 785, 819, 833, 851, 862, 922, 947, 992, 1005, 1054, 1096, 1150, 1151, 1233], "summary": {"covered_lines": 60, "num_statements": 271, "percent_covered": 22.14022140221402, "percent_covered_display": "22", "missing_lines": 211, "excluded_lines": 0, "percent_statements_covered": 22.14022140221402, "percent_statements_covered_display": "22"}, "missing_lines": [88, 89, 90, 99, 103, 116, 117, 153, 154, 155, 156, 157, 161, 162, 163, 165, 166, 167, 169, 172, 174, 198, 199, 200, 202, 204, 205, 206, 212, 213, 214, 216, 217, 218, 220, 221, 226, 227, 228, 229, 230, 235, 236, 243, 244, 245, 246, 251, 252, 261, 264, 271, 278, 293, 294, 295, 297, 307, 308, 309, 315, 316, 317, 323, 324, 325, 326, 327, 328, 329, 336, 338, 339, 340, 341, 342, 351, 352, 353, 360, 372, 384, 392, 407, 430, 454, 478, 495, 509, 528, 550, 567, 580, 596, 612, 628, 645, 671, 696, 718, 730, 744, 745, 757, 775, 782, 783, 786, 794, 795, 797, 798, 807, 808, 809, 810, 811, 812, 822, 829, 830, 831, 841, 849, 852, 860, 873, 878, 879, 880, 881, 882, 884, 892, 893, 900, 902, 904, 905, 906, 907, 908, 910, 920, 925, 926, 928, 933, 934, 936, 945, 966, 967, 975, 976, 977, 985, 986, 993, 1073, 1074, 1075, 1076, 1082, 1084, 1110, 1113, 1116, 1117, 1118, 1120, 1121, 1122, 1123, 1124, 1125, 1126, 1128, 1130, 1131, 1133, 1139, 1172, 1174, 1177, 1204, 1209, 1210, 1211, 1212, 1213, 1214, 1216, 1217, 1218, 1219, 1227, 1270, 1271, 1272, 1273, 1279, 1282, 1283, 1288, 1295, 1296, 1297, 1305, 1306, 1311], "excluded_lines": [], "functions": {"PipelineStepError.__init__": {"executed_lines": [], "summary": {"covered_lines": 0, "num_statements": 3, "percent_covered": 0.0, "percent_covered_display": "0", "missing_lines": 3, "excluded_lines": 0, "percent_statements_covered": 0.0, "percent_statements_covered_display": "0"}, "missing_lines": [88, 89, 90], "excluded_lines": [], "start_line": 87}, "_now_utc": {"executed_lines": [], "summary": {"covered_lines": 0, "num_statements": 1, "percent_covered": 0.0, "percent_covered_display": "0", "missing_lines": 1, "excluded_lines": 0, "percent_statements_covered": 0.0, "percent_statements_covered_display": "0"}, "missing_lines": [99], "excluded_lines": [], "start_line": 98}, "_iso8601z": {"executed_lines": [], "summary": {"covered_lines": 0, "num_statements": 1, "percent_covered": 0.0, "percent_covered_display": "0", "missing_lines": 1, "excluded_lines": 0, "percent_statements_covered": 0.0, "percent_statements_covered_display": "0"}, "missing_lines": [103], "excluded_lines": [], "start_line": 102}, "_derive_idempotency_key": {"executed_lines": [], "summary": {"covered_lines": 0, "num_statements": 2, "percent_covered": 0.0, "percent_covered_display": "0", "missing_lines": 2, "excluded_lines": 0, "percent_statements_covered": 0.0, "percent_statements_covered_display": "0"}, "missing_lines": [116, 117], "excluded_lines": [], "start_line": 110}, "PipelineProcessor.__init__": {"executed_lines": [], "summary": {"covered_lines": 0, "num_statements": 5, "percent_covered": 0.0, "percent_covered_display": "0", "missing_lines": 5, "excluded_lines": 0, "percent_statements_covered": 0.0, "percent_statements_covered_display": "0"}, "missing_lines": [153, 154, 155, 156, 157], "excluded_lines": [], "start_line": 145}, "PipelineProcessor._build_default_qdrant": {"executed_lines": [], "summary": {"covered_lines": 0, "num_statements": 9, "percent_covered": 0.0, "percent_covered_display": "0", "missing_lines": 9, "excluded_lines": 0, "percent_statements_covered": 0.0, "percent_statements_covered_display": "0"}, "missing_lines": [161, 162, 163, 165, 166, 167, 169, 172, 174], "excluded_lines": [], "start_line": 160}, "PipelineProcessor.process_entry": {"executed_lines": [], "summary": {"covered_lines": 0, "num_statements": 32, "percent_covered": 0.0, "percent_covered_display": "0", "missing_lines": 32, "excluded_lines": 0, "percent_statements_covered": 0.0, "percent_statements_covered_display": "0"}, "missing_lines": [198, 199, 200, 202, 204, 205, 206, 212, 213, 214, 216, 217, 218, 220, 221, 226, 227, 228, 229, 230, 235, 236, 243, 244, 245, 246, 251, 252, 261, 264, 271, 278], "excluded_lines": [], "start_line": 180}, "PipelineProcessor._run_steps": {"executed_lines": [], "summary": {"covered_lines": 0, "num_statements": 32, "percent_covered": 0.0, "percent_covered_display": "0", "missing_lines": 32, "excluded_lines": 0, "percent_statements_covered": 0.0, "percent_statements_covered_display": "0"}, "missing_lines": [293, 294, 295, 297, 351, 352, 353, 360, 372, 384, 392, 407, 430, 454, 478, 495, 509, 528, 550, 567, 580, 596, 612, 628, 645, 671, 696, 718, 730, 744, 745, 757], "excluded_lines": [], "start_line": 284}, "PipelineProcessor._run_steps.run_step": {"executed_lines": [], "summary": {"covered_lines": 0, "num_statements": 19, "percent_covered": 0.0, "percent_covered_display": "0", "missing_lines": 19, "excluded_lines": 0, "percent_statements_covered": 0.0, "percent_statements_covered_display": "0"}, "missing_lines": [307, 308, 309, 315, 316, 317, 323, 324, 325, 326, 327, 328, 329, 336, 338, 339, 340, 341, 342], "excluded_lines": [], "start_line": 297}, "PipelineProcessor._claim_idempotency": {"executed_lines": [], "summary": {"covered_lines": 0, "num_statements": 3, "percent_covered": 0.0, "percent_covered_display": "0", "missing_lines": 3, "excluded_lines": 0, "percent_statements_covered": 0.0, "percent_statements_covered_display": "0"}, "missing_lines": [775, 782, 783], "excluded_lines": [], "start_line": 772}, "PipelineProcessor._get_idempotent_replay": {"executed_lines": [], "summary": {"covered_lines": 0, "num_statements": 11, "percent_covered": 0.0, "percent_covered_display": "0", "missing_lines": 11, "excluded_lines": 0, "percent_statements_covered": 0.0, "percent_statements_covered_display": "0"}, "missing_lines": [786, 794, 795, 797, 798, 807, 808, 809, 810, 811, 812], "excluded_lines": [], "start_line": 785}, "PipelineProcessor._upsert_job": {"executed_lines": [], "summary": {"covered_lines": 0, "num_statements": 4, "percent_covered": 0.0, "percent_covered_display": "0", "missing_lines": 4, "excluded_lines": 0, "percent_statements_covered": 0.0, "percent_statements_covered_display": "0"}, "missing_lines": [822, 829, 830, 831], "excluded_lines": [], "start_line": 819}, "PipelineProcessor._create_attempt": {"executed_lines": [], "summary": {"covered_lines": 0, "num_statements": 2, "percent_covered": 0.0, "percent_covered_display": "0", "missing_lines": 2, "excluded_lines": 0, "percent_statements_covered": 0.0, "percent_statements_covered_display": "0"}, "missing_lines": [841, 849], "excluded_lines": [], "start_line": 833}, "PipelineProcessor._mark_claim_completed": {"executed_lines": [], "summary": {"covered_lines": 0, "num_statements": 2, "percent_covered": 0.0, "percent_covered_display": "0", "missing_lines": 2, "excluded_lines": 0, "percent_statements_covered": 0.0, "percent_statements_covered_display": "0"}, "missing_lines": [852, 860], "excluded_lines": [], "start_line": 851}, "PipelineProcessor._record_failure": {"executed_lines": [], "summary": {"covered_lines": 0, "num_statements": 18, "percent_covered": 0.0, "percent_covered_display": "0", "missing_lines": 18, "excluded_lines": 0, "percent_statements_covered": 0.0, "percent_statements_covered_display": "0"}, "missing_lines": [873, 878, 879, 880, 881, 882, 884, 892, 893, 900, 902, 904, 905, 906, 907, 908, 910, 920], "excluded_lines": [], "start_line": 862}, "PipelineProcessor._emit_outbox_event": {"executed_lines": [], "summary": {"covered_lines": 0, "num_statements": 7, "percent_covered": 0.0, "percent_covered_display": "0", "missing_lines": 7, "excluded_lines": 0, "percent_statements_covered": 0.0, "percent_statements_covered_display": "0"}, "missing_lines": [925, 926, 928, 933, 934, 936, 945], "excluded_lines": [], "start_line": 922}, "PipelineProcessor._save_to_recovery": {"executed_lines": [], "summary": {"covered_lines": 0, "num_statements": 7, "percent_covered": 0.0, "percent_covered_display": "0", "missing_lines": 7, "excluded_lines": 0, "percent_statements_covered": 0.0, "percent_statements_covered_display": "0"}, "missing_lines": [966, 967, 975, 976, 977, 985, 986], "excluded_lines": [], "start_line": 947}, "PipelineProcessor._get_entry": {"executed_lines": [], "summary": {"covered_lines": 0, "num_statements": 1, "percent_covered": 0.0, "percent_covered_display": "0", "missing_lines": 1, "excluded_lines": 0, "percent_statements_covered": 0.0, "percent_statements_covered_display": "0"}, "missing_lines": [993], "excluded_lines": [], "start_line": 992}, "JournalEntryPipeline.__init__": {"executed_lines": [], "summary": {"covered_lines": 0, "num_statements": 6, "percent_covered": 0.0, "percent_covered_display": "0", "missing_lines": 6, "excluded_lines": 0, "percent_statements_covered": 0.0, "percent_statements_covered_display": "0"}, "missing_lines": [1073, 1074, 1075, 1076, 1082, 1084], "excluded_lines": [], "start_line": 1054}, "JournalEntryPipeline.check_services_health": {"executed_lines": [], "summary": {"covered_lines": 0, "num_statements": 8, "percent_covered": 0.0, "percent_covered_display": "0", "missing_lines": 8, "excluded_lines": 0, "percent_statements_covered": 0.0, "percent_statements_covered_display": "0"}, "missing_lines": [1110, 1113, 1116, 1128, 1130, 1131, 1133, 1139], "excluded_lines": [], "start_line": 1096}, "JournalEntryPipeline.check_services_health._qdrant_probe": {"executed_lines": [], "summary": {"covered_lines": 0, "num_statements": 9, "percent_covered": 0.0, "percent_covered_display": "0", "missing_lines": 9, "excluded_lines": 0, "percent_statements_covered": 0.0, "percent_statements_covered_display": "0"}, "missing_lines": [1117, 1118, 1120, 1121, 1122, 1123, 1124, 1125, 1126], "excluded_lines": [], "start_line": 1116}, "JournalEntryPipeline._rule_based_activity_extraction": {"executed_lines": [], "summary": {"covered_lines": 0, "num_statements": 15, "percent_covered": 0.0, "percent_covered_display": "0", "missing_lines": 15, "excluded_lines": 0, "percent_statements_covered": 0.0, "percent_statements_covered_display": "0"}, "missing_lines": [1172, 1174, 1177, 1204, 1209, 1210, 1211, 1212, 1213, 1214, 1216, 1217, 1218, 1219, 1227], "excluded_lines": [], "start_line": 1151}, "JournalEntryPipeline.process_entry": {"executed_lines": [], "summary": {"covered_lines": 0, "num_statements": 14, "percent_covered": 0.0, "percent_covered_display": "0", "missing_lines": 14, "excluded_lines": 0, "percent_statements_covered": 0.0, "percent_statements_covered_display": "0"}, "missing_lines": [1270, 1271, 1272, 1273, 1279, 1282, 1283, 1288, 1295, 1296, 1297, 1305, 1306, 1311], "excluded_lines": [], "start_line": 1233}, "": {"executed_lines": [30, 32, 33, 34, 35, 36, 37, 38, 39, 40, 42, 44, 45, 46, 47, 50, 51, 52, 53, 54, 55, 56, 57, 58, 59, 60, 61, 62, 63, 65, 66, 73, 75, 76, 84, 87, 98, 102, 110, 125, 145, 159, 160, 180, 284, 772, 785, 819, 833, 851, 862, 922, 947, 992, 1005, 1054, 1096, 1150, 1151, 1233], "summary": {"covered_lines": 60, "num_statements": 60, "percent_covered": 100.0, "percent_covered_display": "100", "missing_lines": 0, "excluded_lines": 0, "percent_statements_covered": 100.0, "percent_statements_covered_display": "100"}, "missing_lines": [], "excluded_lines": [], "start_line": 1}}, "classes": {"PipelineStepError": {"executed_lines": [], "summary": {"covered_lines": 0, "num_statements": 3, "percent_covered": 0.0, "percent_covered_display": "0", "missing_lines": 3, "excluded_lines": 0, "percent_statements_covered": 0.0, "percent_statements_covered_display": "0"}, "missing_lines": [88, 89, 90], "excluded_lines": [], "start_line": 84}, "PipelineProcessor": {"executed_lines": [], "summary": {"covered_lines": 0, "num_statements": 152, "percent_covered": 0.0, "percent_covered_display": "0", "missing_lines": 152, "excluded_lines": 0, "percent_statements_covered": 0.0, "percent_statements_covered_display": "0"}, "missing_lines": [153, 154, 155, 156, 157, 161, 162, 163, 165, 166, 167, 169, 172, 174, 198, 199, 200, 202, 204, 205, 206, 212, 213, 214, 216, 217, 218, 220, 221, 226, 227, 228, 229, 230, 235, 236, 243, 244, 245, 246, 251, 252, 261, 264, 271, 278, 293, 294, 295, 297, 307, 308, 309, 315, 316, 317, 323, 324, 325, 326, 327, 328, 329, 336, 338, 339, 340, 341, 342, 351, 352, 353, 360, 372, 384, 392, 407, 430, 454, 478, 495, 509, 528, 550, 567, 580, 596, 612, 628, 645, 671, 696, 718, 730, 744, 745, 757, 775, 782, 783, 786, 794, 795, 797, 798, 807, 808, 809, 810, 811, 812, 822, 829, 830, 831, 841, 849, 852, 860, 873, 878, 879, 880, 881, 882, 884, 892, 893, 900, 902, 904, 905, 906, 907, 908, 910, 920, 925, 926, 928, 933, 934, 936, 945, 966, 967, 975, 976, 977, 985, 986, 993], "excluded_lines": [], "start_line": 125}, "JournalEntryPipeline": {"executed_lines": [], "summary": {"covered_lines": 0, "num_statements": 52, "percent_covered": 0.0, "percent_covered_display": "0", "missing_lines": 52, "excluded_lines": 0, "percent_statements_covered": 0.0, "percent_statements_covered_display": "0"}, "missing_lines": [1073, 1074, 1075, 1076, 1082, 1084, 1110, 1113, 1116, 1117, 1118, 1120, 1121, 1122, 1123, 1124, 1125, 1126, 1128, 1130, 1131, 1133, 1139, 1172, 1174, 1177, 1204, 1209, 1210, 1211, 1212, 1213, 1214, 1216, 1217, 1218, 1219, 1227, 1270, 1271, 1272, 1273, 1279, 1282, 1283, 1288, 1295, 1296, 1297, 1305, 1306, 1311], "excluded_lines": [], "start_line": 1005}, "": {"executed_lines": [30, 32, 33, 34, 35, 36, 37, 38, 39, 40, 42, 44, 45, 46, 47, 50, 51, 52, 53, 54, 55, 56, 57, 58, 59, 60, 61, 62, 63, 65, 66, 73, 75, 76, 84, 87, 98, 102, 110, 125, 145, 159, 160, 180, 284, 772, 785, 819, 833, 851, 862, 922, 947, 992, 1005, 1054, 1096, 1150, 1151, 1233], "summary": {"covered_lines": 60, "num_statements": 64, "percent_covered": 93.75, "percent_covered_display": "94", "missing_lines": 4, "excluded_lines": 0, "percent_statements_covered": 93.75, "percent_statements_covered_display": "94"}, "missing_lines": [99, 103, 116, 117], "excluded_lines": [], "start_line": 1}}}, "src/ai/qdrant.py": {"executed_lines": [3, 5, 6, 7, 9, 11, 13, 14, 15, 16, 18, 19, 20, 26, 27, 28, 29, 33, 36, 55, 56, 59, 60, 95, 106, 107, 121, 137, 151, 160, 246, 264, 278, 307, 397, 417], "summary": {"covered_lines": 36, "num_statements": 148, "percent_covered": 24.324324324324323, "percent_covered_display": "24", "missing_lines": 112, "excluded_lines": 13, "percent_statements_covered": 24.324324324324323, "percent_statements_covered_display": "24"}, "missing_lines": [43, 44, 45, 46, 48, 51, 69, 70, 73, 74, 75, 76, 77, 78, 81, 85, 86, 87, 88, 90, 91, 93, 96, 97, 98, 99, 108, 109, 111, 112, 113, 115, 116, 117, 119, 122, 133, 134, 135, 138, 141, 186, 194, 195, 196, 197, 199, 200, 209, 210, 212, 222, 223, 224, 225, 226, 232, 234, 254, 255, 256, 257, 258, 259, 262, 271, 272, 273, 274, 275, 276, 288, 289, 295, 300, 301, 334, 335, 336, 342, 343, 344, 345, 346, 348, 349, 353, 355, 356, 357, 359, 360, 361, 362, 363, 364, 376, 382, 384, 385, 387, 391, 404, 405, 406, 407, 408, 411, 428, 429, 430, 432], "excluded_lines": [30, 31, 49, 50, 215, 216, 220, 285, 286, 287, 338, 339, 340], "functions": {"_load_sentence_transformer_lib": {"executed_lines": [], "summary": {"covered_lines": 0, "num_statements": 6, "percent_covered": 0.0, "percent_covered_display": "0", "missing_lines": 6, "excluded_lines": 2, "percent_statements_covered": 0.0, "percent_statements_covered_display": "0"}, "missing_lines": [43, 44, 45, 46, 48, 51], "excluded_lines": [49, 50], "start_line": 36}, "QdrantClientAdapter.__init__": {"executed_lines": [], "summary": {"covered_lines": 0, "num_statements": 16, "percent_covered": 0.0, "percent_covered_display": "0", "missing_lines": 16, "excluded_lines": 0, "percent_statements_covered": 0.0, "percent_statements_covered_display": "0"}, "missing_lines": [69, 70, 73, 74, 75, 76, 77, 78, 81, 85, 86, 87, 88, 90, 91, 93], "excluded_lines": [], "start_line": 60}, "QdrantClientAdapter.ensure_collection": {"executed_lines": [], "summary": {"covered_lines": 0, "num_statements": 4, "percent_covered": 0.0, "percent_covered_display": "0", "missing_lines": 4, "excluded_lines": 0, "percent_statements_covered": 0.0, "percent_statements_covered_display": "0"}, "missing_lines": [96, 97, 98, 99], "excluded_lines": [], "start_line": 95}, "QdrantClientAdapter._normalize_point_id": {"executed_lines": [], "summary": {"covered_lines": 0, "num_statements": 9, "percent_covered": 0.0, "percent_covered_display": "0", "missing_lines": 9, "excluded_lines": 0, "percent_statements_covered": 0.0, "percent_statements_covered_display": "0"}, "missing_lines": [108, 109, 111, 112, 113, 115, 116, 117, 119], "excluded_lines": [], "start_line": 107}, "QdrantClientAdapter.upsert_documents": {"executed_lines": [], "summary": {"covered_lines": 0, "num_statements": 4, "percent_covered": 0.0, "percent_covered_display": "0", "missing_lines": 4, "excluded_lines": 0, "percent_statements_covered": 0.0, "percent_statements_covered_display": "0"}, "missing_lines": [122, 133, 134, 135], "excluded_lines": [], "start_line": 121}, "QdrantClientAdapter.search": {"executed_lines": [], "summary": {"covered_lines": 0, "num_statements": 2, "percent_covered": 0.0, "percent_covered_display": "0", "missing_lines": 2, "excluded_lines": 0, "percent_statements_covered": 0.0, "percent_statements_covered_display": "0"}, "missing_lines": [138, 141], "excluded_lines": [], "start_line": 137}, "QdrantClient.__init__": {"executed_lines": [], "summary": {"covered_lines": 0, "num_statements": 17, "percent_covered": 0.0, "percent_covered_display": "0", "missing_lines": 17, "excluded_lines": 3, "percent_statements_covered": 0.0, "percent_statements_covered_display": "0"}, "missing_lines": [186, 194, 195, 196, 197, 199, 200, 209, 210, 212, 222, 223, 224, 225, 226, 232, 234], "excluded_lines": [215, 216, 220], "start_line": 160}, "QdrantClient.is_available": {"executed_lines": [], "summary": {"covered_lines": 0, "num_statements": 7, "percent_covered": 0.0, "percent_covered_display": "0", "missing_lines": 7, "excluded_lines": 0, "percent_statements_covered": 0.0, "percent_statements_covered_display": "0"}, "missing_lines": [254, 255, 256, 257, 258, 259, 262], "excluded_lines": [], "start_line": 246}, "QdrantClient.collection_exists": {"executed_lines": [], "summary": {"covered_lines": 0, "num_statements": 6, "percent_covered": 0.0, "percent_covered_display": "0", "missing_lines": 6, "excluded_lines": 0, "percent_statements_covered": 0.0, "percent_statements_covered_display": "0"}, "missing_lines": [271, 272, 273, 274, 275, 276], "excluded_lines": [], "start_line": 264}, "QdrantClient.create_collection": {"executed_lines": [], "summary": {"covered_lines": 0, "num_statements": 5, "percent_covered": 0.0, "percent_covered_display": "0", "missing_lines": 5, "excluded_lines": 3, "percent_statements_covered": 0.0, "percent_statements_covered_display": "0"}, "missing_lines": [288, 289, 295, 300, 301], "excluded_lines": [285, 286, 287], "start_line": 278}, "QdrantClient.search": {"executed_lines": [], "summary": {"covered_lines": 0, "num_statements": 26, "percent_covered": 0.0, "percent_covered_display": "0", "missing_lines": 26, "excluded_lines": 3, "percent_statements_covered": 0.0, "percent_statements_covered_display": "0"}, "missing_lines": [334, 335, 336, 342, 343, 344, 345, 346, 348, 349, 353, 355, 356, 357, 359, 360, 361, 362, 363, 364, 376, 382, 384, 385, 387, 391], "excluded_lines": [338, 339, 340], "start_line": 307}, "QdrantClient.count_documents": {"executed_lines": [], "summary": {"covered_lines": 0, "num_statements": 6, "percent_covered": 0.0, "percent_covered_display": "0", "missing_lines": 6, "excluded_lines": 0, "percent_statements_covered": 0.0, "percent_statements_covered_display": "0"}, "missing_lines": [404, 405, 406, 407, 408, 411], "excluded_lines": [], "start_line": 397}, "QdrantClient._encode_query": {"executed_lines": [], "summary": {"covered_lines": 0, "num_statements": 4, "percent_covered": 0.0, "percent_covered_display": "0", "missing_lines": 4, "excluded_lines": 0, "percent_statements_covered": 0.0, "percent_statements_covered_display": "0"}, "missing_lines": [428, 429, 430, 432], "excluded_lines": [], "start_line": 417}, "": {"executed_lines": [3, 5, 6, 7, 9, 11, 13, 14, 15, 16, 18, 19, 20, 26, 27, 28, 29, 33, 36, 55, 56, 59, 60, 95, 106, 107, 121, 137, 151, 160, 246, 264, 278, 307, 397, 417], "summary": {"covered_lines": 36, "num_statements": 36, "percent_covered": 100.0, "percent_covered_display": "100", "missing_lines": 0, "excluded_lines": 2, "percent_statements_covered": 100.0, "percent_statements_covered_display": "100"}, "missing_lines": [], "excluded_lines": [30, 31], "start_line": 1}}, "classes": {"QdrantClientAdapter": {"executed_lines": [], "summary": {"covered_lines": 0, "num_statements": 35, "percent_covered": 0.0, "percent_covered_display": "0", "missing_lines": 35, "excluded_lines": 0, "percent_statements_covered": 0.0, "percent_statements_covered_display": "0"}, "missing_lines": [69, 70, 73, 74, 75, 76, 77, 78, 81, 85, 86, 87, 88, 90, 91, 93, 96, 97, 98, 99, 108, 109, 111, 112, 113, 115, 116, 117, 119, 122, 133, 134, 135, 138, 141], "excluded_lines": [], "start_line": 59}, "QdrantClient": {"executed_lines": [], "summary": {"covered_lines": 0, "num_statements": 71, "percent_covered": 0.0, "percent_covered_display": "0", "missing_lines": 71, "excluded_lines": 9, "percent_statements_covered": 0.0, "percent_statements_covered_display": "0"}, "missing_lines": [186, 194, 195, 196, 197, 199, 200, 209, 210, 212, 222, 223, 224, 225, 226, 232, 234, 254, 255, 256, 257, 258, 259, 262, 271, 272, 273, 274, 275, 276, 288, 289, 295, 300, 301, 334, 335, 336, 342, 343, 344, 345, 346, 348, 349, 353, 355, 356, 357, 359, 360, 361, 362, 363, 364, 376, 382, 384, 385, 387, 391, 404, 405, 406, 407, 408, 411, 428, 429, 430, 432], "excluded_lines": [215, 216, 220, 285, 286, 287, 338, 339, 340], "start_line": 151}, "": {"executed_lines": [3, 5, 6, 7, 9, 11, 13, 14, 15, 16, 18, 19, 20, 26, 27, 28, 29, 33, 36, 55, 56, 59, 60, 95, 106, 107, 121, 137, 151, 160, 246, 264, 278, 307, 397, 417], "summary": {"covered_lines": 36, "num_statements": 42, "percent_covered": 85.71428571428571, "percent_covered_display": "86", "missing_lines": 6, "excluded_lines": 4, "percent_statements_covered": 85.71428571428571, "percent_statements_covered_display": "86"}, "missing_lines": [43, 44, 45, 46, 48, 51], "excluded_lines": [30, 31, 49, 50], "start_line": 1}}}, "src/ai/readiness.py": {"executed_lines": [3, 5, 6, 7, 8, 9, 11, 13, 14, 15, 16, 20, 21, 22, 24, 36, 44, 48, 69, 80, 90, 104, 113, 135, 156, 185, 280, 288], "summary": {"covered_lines": 28, "num_statements": 125, "percent_covered": 22.4, "percent_covered_display": "22", "missing_lines": 97, "excluded_lines": 0, "percent_statements_covered": 22.4, "percent_statements_covered_display": "22"}, "missing_lines": [45, 49, 50, 70, 71, 72, 73, 74, 75, 76, 77, 81, 82, 83, 91, 92, 93, 94, 95, 96, 97, 105, 106, 114, 115, 116, 118, 119, 120, 124, 125, 127, 136, 137, 138, 139, 146, 147, 159, 160, 161, 163, 164, 173, 174, 186, 187, 188, 190, 191, 192, 193, 195, 196, 197, 200, 201, 202, 203, 204, 205, 206, 207, 208, 209, 216, 217, 218, 229, 230, 231, 232, 234, 248, 249, 250, 251, 255, 262, 281, 294, 295, 296, 297, 298, 299, 300, 302, 303, 304, 305, 306, 307, 309, 310, 312, 314], "excluded_lines": [], "functions": {"_repo_root": {"executed_lines": [], "summary": {"covered_lines": 0, "num_statements": 1, "percent_covered": 0.0, "percent_covered_display": "0", "missing_lines": 1, "excluded_lines": 0, "percent_statements_covered": 0.0, "percent_statements_covered_display": "0"}, "missing_lines": [45], "excluded_lines": [], "start_line": 44}, "_seed_paths": {"executed_lines": [], "summary": {"covered_lines": 0, "num_statements": 2, "percent_covered": 0.0, "percent_covered_display": "0", "missing_lines": 2, "excluded_lines": 0, "percent_statements_covered": 0.0, "percent_statements_covered_display": "0"}, "missing_lines": [49, 50], "excluded_lines": [], "start_line": 48}, "_sha256": {"executed_lines": [], "summary": {"covered_lines": 0, "num_statements": 8, "percent_covered": 0.0, "percent_covered_display": "0", "missing_lines": 8, "excluded_lines": 0, "percent_statements_covered": 0.0, "percent_statements_covered_display": "0"}, "missing_lines": [70, 71, 72, 73, 74, 75, 76, 77], "excluded_lines": [], "start_line": 69}, "check_python_version": {"executed_lines": [], "summary": {"covered_lines": 0, "num_statements": 3, "percent_covered": 0.0, "percent_covered_display": "0", "missing_lines": 3, "excluded_lines": 0, "percent_statements_covered": 0.0, "percent_statements_covered_display": "0"}, "missing_lines": [81, 82, 83], "excluded_lines": [], "start_line": 80}, "check_required_imports": {"executed_lines": [], "summary": {"covered_lines": 0, "num_statements": 7, "percent_covered": 0.0, "percent_covered_display": "0", "missing_lines": 7, "excluded_lines": 0, "percent_statements_covered": 0.0, "percent_statements_covered_display": "0"}, "missing_lines": [91, 92, 93, 94, 95, 96, 97], "excluded_lines": [], "start_line": 90}, "check_required_tools": {"executed_lines": [], "summary": {"covered_lines": 0, "num_statements": 2, "percent_covered": 0.0, "percent_covered_display": "0", "missing_lines": 2, "excluded_lines": 0, "percent_statements_covered": 0.0, "percent_statements_covered_display": "0"}, "missing_lines": [105, 106], "excluded_lines": [], "start_line": 104}, "check_database_readiness": {"executed_lines": [], "summary": {"covered_lines": 0, "num_statements": 9, "percent_covered": 0.0, "percent_covered_display": "0", "missing_lines": 9, "excluded_lines": 0, "percent_statements_covered": 0.0, "percent_statements_covered_display": "0"}, "missing_lines": [114, 115, 116, 118, 119, 120, 124, 125, 127], "excluded_lines": [], "start_line": 113}, "check_ollama_readiness": {"executed_lines": [], "summary": {"covered_lines": 0, "num_statements": 6, "percent_covered": 0.0, "percent_covered_display": "0", "missing_lines": 6, "excluded_lines": 0, "percent_statements_covered": 0.0, "percent_statements_covered_display": "0"}, "missing_lines": [136, 137, 138, 139, 146, 147], "excluded_lines": [], "start_line": 135}, "check_qdrant_readiness": {"executed_lines": [], "summary": {"covered_lines": 0, "num_statements": 7, "percent_covered": 0.0, "percent_covered_display": "0", "missing_lines": 7, "excluded_lines": 0, "percent_statements_covered": 0.0, "percent_statements_covered_display": "0"}, "missing_lines": [159, 160, 161, 163, 164, 173, 174], "excluded_lines": [], "start_line": 156}, "check_seed_contract": {"executed_lines": [], "summary": {"covered_lines": 0, "num_statements": 34, "percent_covered": 0.0, "percent_covered_display": "0", "missing_lines": 34, "excluded_lines": 0, "percent_statements_covered": 0.0, "percent_statements_covered_display": "0"}, "missing_lines": [186, 187, 188, 190, 191, 192, 193, 195, 196, 197, 200, 201, 202, 203, 204, 205, 206, 207, 208, 209, 216, 217, 218, 229, 230, 231, 232, 234, 248, 249, 250, 251, 255, 262], "excluded_lines": [], "start_line": 185}, "build_readiness_report": {"executed_lines": [], "summary": {"covered_lines": 0, "num_statements": 1, "percent_covered": 0.0, "percent_covered_display": "0", "missing_lines": 1, "excluded_lines": 0, "percent_statements_covered": 0.0, "percent_statements_covered_display": "0"}, "missing_lines": [281], "excluded_lines": [], "start_line": 280}, "build_readiness_report_v2": {"executed_lines": [], "summary": {"covered_lines": 0, "num_statements": 17, "percent_covered": 0.0, "percent_covered_display": "0", "missing_lines": 17, "excluded_lines": 0, "percent_statements_covered": 0.0, "percent_statements_covered_display": "0"}, "missing_lines": [294, 295, 296, 297, 298, 299, 300, 302, 303, 304, 305, 306, 307, 309, 310, 312, 314], "excluded_lines": [], "start_line": 288}, "": {"executed_lines": [3, 5, 6, 7, 8, 9, 11, 13, 14, 15, 16, 20, 21, 22, 24, 36, 44, 48, 69, 80, 90, 104, 113, 135, 156, 185, 280, 288], "summary": {"covered_lines": 28, "num_statements": 28, "percent_covered": 100.0, "percent_covered_display": "100", "missing_lines": 0, "excluded_lines": 0, "percent_statements_covered": 100.0, "percent_statements_covered_display": "100"}, "missing_lines": [], "excluded_lines": [], "start_line": 1}}, "classes": {"": {"executed_lines": [3, 5, 6, 7, 8, 9, 11, 13, 14, 15, 16, 20, 21, 22, 24, 36, 44, 48, 69, 80, 90, 104, 113, 135, 156, 185, 280, 288], "summary": {"covered_lines": 28, "num_statements": 125, "percent_covered": 22.4, "percent_covered_display": "22", "missing_lines": 97, "excluded_lines": 0, "percent_statements_covered": 22.4, "percent_statements_covered_display": "22"}, "missing_lines": [45, 49, 50, 70, 71, 72, 73, 74, 75, 76, 77, 81, 82, 83, 91, 92, 93, 94, 95, 96, 97, 105, 106, 114, 115, 116, 118, 119, 120, 124, 125, 127, 136, 137, 138, 139, 146, 147, 159, 160, 161, 163, 164, 173, 174, 186, 187, 188, 190, 191, 192, 193, 195, 196, 197, 200, 201, 202, 203, 204, 205, 206, 207, 208, 209, 216, 217, 218, 229, 230, 231, 232, 234, 248, 249, 250, 251, 255, 262, 281, 294, 295, 296, 297, 298, 299, 300, 302, 303, 304, 305, 306, 307, 309, 310, 312, 314], "excluded_lines": [], "start_line": 1}}}, "src/ai/recovery.py": {"executed_lines": [22, 24, 25, 26, 27, 28, 29, 31, 33, 36, 37, 38, 41, 68, 86, 153, 174, 192, 209, 236, 249, 274, 294], "summary": {"covered_lines": 23, "num_statements": 77, "percent_covered": 29.87012987012987, "percent_covered_display": "30", "missing_lines": 54, "excluded_lines": 0, "percent_statements_covered": 29.87012987012987, "percent_statements_covered_display": "30"}, "missing_lines": [78, 79, 80, 115, 116, 118, 134, 136, 137, 138, 140, 147, 161, 162, 163, 164, 165, 166, 167, 168, 171, 172, 187, 188, 189, 190, 199, 221, 222, 223, 224, 225, 226, 227, 228, 234, 242, 247, 256, 264, 281, 282, 283, 287, 288, 289, 290, 291, 292, 295, 296, 297, 298, 299], "excluded_lines": [], "functions": {"RecoveryQueue.__init__": {"executed_lines": [], "summary": {"covered_lines": 0, "num_statements": 3, "percent_covered": 0.0, "percent_covered_display": "0", "missing_lines": 3, "excluded_lines": 0, "percent_statements_covered": 0.0, "percent_statements_covered_display": "0"}, "missing_lines": [78, 79, 80], "excluded_lines": [], "start_line": 68}, "RecoveryQueue.save_failed_entry": {"executed_lines": [], "summary": {"covered_lines": 0, "num_statements": 9, "percent_covered": 0.0, "percent_covered_display": "0", "missing_lines": 9, "excluded_lines": 0, "percent_statements_covered": 0.0, "percent_statements_covered_display": "0"}, "missing_lines": [115, 116, 118, 134, 136, 137, 138, 140, 147], "excluded_lines": [], "start_line": 86}, "RecoveryQueue.list_pending": {"executed_lines": [], "summary": {"covered_lines": 0, "num_statements": 10, "percent_covered": 0.0, "percent_covered_display": "0", "missing_lines": 10, "excluded_lines": 0, "percent_statements_covered": 0.0, "percent_statements_covered_display": "0"}, "missing_lines": [161, 162, 163, 164, 165, 166, 167, 168, 171, 172], "excluded_lines": [], "start_line": 153}, "RecoveryQueue.load_entry": {"executed_lines": [], "summary": {"covered_lines": 0, "num_statements": 4, "percent_covered": 0.0, "percent_covered_display": "0", "missing_lines": 4, "excluded_lines": 0, "percent_statements_covered": 0.0, "percent_statements_covered_display": "0"}, "missing_lines": [187, 188, 189, 190], "excluded_lines": [], "start_line": 174}, "RecoveryQueue.pending_count": {"executed_lines": [], "summary": {"covered_lines": 0, "num_statements": 1, "percent_covered": 0.0, "percent_covered_display": "0", "missing_lines": 1, "excluded_lines": 0, "percent_statements_covered": 0.0, "percent_statements_covered_display": "0"}, "missing_lines": [199], "excluded_lines": [], "start_line": 192}, "RecoveryQueue.increment_retry": {"executed_lines": [], "summary": {"covered_lines": 0, "num_statements": 9, "percent_covered": 0.0, "percent_covered_display": "0", "missing_lines": 9, "excluded_lines": 0, "percent_statements_covered": 0.0, "percent_statements_covered_display": "0"}, "missing_lines": [221, 222, 223, 224, 225, 226, 227, 228, 234], "excluded_lines": [], "start_line": 209}, "RecoveryQueue.mark_recovered": {"executed_lines": [], "summary": {"covered_lines": 0, "num_statements": 2, "percent_covered": 0.0, "percent_covered_display": "0", "missing_lines": 2, "excluded_lines": 0, "percent_statements_covered": 0.0, "percent_statements_covered_display": "0"}, "missing_lines": [242, 247], "excluded_lines": [], "start_line": 236}, "RecoveryQueue.mark_failed_permanently": {"executed_lines": [], "summary": {"covered_lines": 0, "num_statements": 2, "percent_covered": 0.0, "percent_covered_display": "0", "missing_lines": 2, "excluded_lines": 0, "percent_statements_covered": 0.0, "percent_statements_covered_display": "0"}, "missing_lines": [256, 264], "excluded_lines": [], "start_line": 249}, "RecoveryQueue._update_status": {"executed_lines": [], "summary": {"covered_lines": 0, "num_statements": 9, "percent_covered": 0.0, "percent_covered_display": "0", "missing_lines": 9, "excluded_lines": 0, "percent_statements_covered": 0.0, "percent_statements_covered_display": "0"}, "missing_lines": [281, 282, 283, 287, 288, 289, 290, 291, 292], "excluded_lines": [], "start_line": 274}, "RecoveryQueue._read_status": {"executed_lines": [], "summary": {"covered_lines": 0, "num_statements": 5, "percent_covered": 0.0, "percent_covered_display": "0", "missing_lines": 5, "excluded_lines": 0, "percent_statements_covered": 0.0, "percent_statements_covered_display": "0"}, "missing_lines": [295, 296, 297, 298, 299], "excluded_lines": [], "start_line": 294}, "": {"executed_lines": [22, 24, 25, 26, 27, 28, 29, 31, 33, 36, 37, 38, 41, 68, 86, 153, 174, 192, 209, 236, 249, 274, 294], "summary": {"covered_lines": 23, "num_statements": 23, "percent_covered": 100.0, "percent_covered_display": "100", "missing_lines": 0, "excluded_lines": 0, "percent_statements_covered": 100.0, "percent_statements_covered_display": "100"}, "missing_lines": [], "excluded_lines": [], "start_line": 1}}, "classes": {"RecoveryQueue": {"executed_lines": [], "summary": {"covered_lines": 0, "num_statements": 54, "percent_covered": 0.0, "percent_covered_display": "0", "missing_lines": 54, "excluded_lines": 0, "percent_statements_covered": 0.0, "percent_statements_covered_display": "0"}, "missing_lines": [78, 79, 80, 115, 116, 118, 134, 136, 137, 138, 140, 147, 161, 162, 163, 164, 165, 166, 167, 168, 171, 172, 187, 188, 189, 190, 199, 221, 222, 223, 224, 225, 226, 227, 228, 234, 242, 247, 256, 264, 281, 282, 283, 287, 288, 289, 290, 291, 292, 295, 296, 297, 298, 299], "excluded_lines": [], "start_line": 41}, "": {"executed_lines": [22, 24, 25, 26, 27, 28, 29, 31, 33, 36, 37, 38, 41, 68, 86, 153, 174, 192, 209, 236, 249, 274, 294], "summary": {"covered_lines": 23, "num_statements": 23, "percent_covered": 100.0, "percent_covered_display": "100", "missing_lines": 0, "excluded_lines": 0, "percent_statements_covered": 100.0, "percent_statements_covered_display": "100"}, "missing_lines": [], "excluded_lines": [], "start_line": 1}}}, "src/ai/runtime_config.py": {"executed_lines": [3, 5, 6, 7, 8, 10, 11, 14, 18, 19, 45, 52, 59, 72], "summary": {"covered_lines": 14, "num_statements": 55, "percent_covered": 25.454545454545453, "percent_covered_display": "25", "missing_lines": 41, "excluded_lines": 0, "percent_statements_covered": 25.454545454545453, "percent_statements_covered_display": "25"}, "missing_lines": [15, 20, 21, 22, 24, 25, 26, 27, 29, 30, 31, 32, 33, 35, 36, 38, 39, 46, 47, 48, 49, 53, 54, 55, 56, 60, 61, 64, 65, 69, 73, 75, 76, 77, 80, 84, 86, 89, 90, 91, 93], "excluded_lines": [], "functions": {"_as_dict": {"executed_lines": [], "summary": {"covered_lines": 0, "num_statements": 1, "percent_covered": 0.0, "percent_covered_display": "0", "missing_lines": 1, "excluded_lines": 0, "percent_statements_covered": 0.0, "percent_statements_covered_display": "0"}, "missing_lines": [15], "excluded_lines": [], "start_line": 14}, "_load_ai_config": {"executed_lines": [], "summary": {"covered_lines": 0, "num_statements": 16, "percent_covered": 0.0, "percent_covered_display": "0", "missing_lines": 16, "excluded_lines": 0, "percent_statements_covered": 0.0, "percent_statements_covered_display": "0"}, "missing_lines": [20, 21, 22, 24, 25, 26, 27, 29, 30, 31, 32, 33, 35, 36, 38, 39], "excluded_lines": [], "start_line": 19}, "_int_or_default": {"executed_lines": [], "summary": {"covered_lines": 0, "num_statements": 4, "percent_covered": 0.0, "percent_covered_display": "0", "missing_lines": 4, "excluded_lines": 0, "percent_statements_covered": 0.0, "percent_statements_covered_display": "0"}, "missing_lines": [46, 47, 48, 49], "excluded_lines": [], "start_line": 45}, "_float_or_default": {"executed_lines": [], "summary": {"covered_lines": 0, "num_statements": 4, "percent_covered": 0.0, "percent_covered_display": "0", "missing_lines": 4, "excluded_lines": 0, "percent_statements_covered": 0.0, "percent_statements_covered_display": "0"}, "missing_lines": [53, 54, 55, 56], "excluded_lines": [], "start_line": 52}, "get_ollama_defaults": {"executed_lines": [], "summary": {"covered_lines": 0, "num_statements": 5, "percent_covered": 0.0, "percent_covered_display": "0", "missing_lines": 5, "excluded_lines": 0, "percent_statements_covered": 0.0, "percent_statements_covered_display": "0"}, "missing_lines": [60, 61, 64, 65, 69], "excluded_lines": [], "start_line": 59}, "get_qdrant_defaults": {"executed_lines": [], "summary": {"covered_lines": 0, "num_statements": 11, "percent_covered": 0.0, "percent_covered_display": "0", "missing_lines": 11, "excluded_lines": 0, "percent_statements_covered": 0.0, "percent_statements_covered_display": "0"}, "missing_lines": [73, 75, 76, 77, 80, 84, 86, 89, 90, 91, 93], "excluded_lines": [], "start_line": 72}, "": {"executed_lines": [3, 5, 6, 7, 8, 10, 11, 14, 18, 19, 45, 52, 59, 72], "summary": {"covered_lines": 14, "num_statements": 14, "percent_covered": 100.0, "percent_covered_display": "100", "missing_lines": 0, "excluded_lines": 0, "percent_statements_covered": 100.0, "percent_statements_covered_display": "100"}, "missing_lines": [], "excluded_lines": [], "start_line": 1}}, "classes": {"": {"executed_lines": [3, 5, 6, 7, 8, 10, 11, 14, 18, 19, 45, 52, 59, 72], "summary": {"covered_lines": 14, "num_statements": 55, "percent_covered": 25.454545454545453, "percent_covered_display": "25", "missing_lines": 41, "excluded_lines": 0, "percent_statements_covered": 25.454545454545453, "percent_statements_covered_display": "25"}, "missing_lines": [15, 20, 21, 22, 24, 25, 26, 27, 29, 30, 31, 32, 33, 35, 36, 38, 39, 46, 47, 48, 49, 53, 54, 55, 56, 60, 61, 64, 65, 69, 73, 75, 76, 77, 80, 84, 86, 89, 90, 91, 93], "excluded_lines": [], "start_line": 1}}}, "src/ai/steps/__init__.py": {"executed_lines": [27, 44], "summary": {"covered_lines": 2, "num_statements": 2, "percent_covered": 100.0, "percent_covered_display": "100", "missing_lines": 0, "excluded_lines": 0, "percent_statements_covered": 100.0, "percent_statements_covered_display": "100"}, "missing_lines": [], "excluded_lines": [], "functions": {"": {"executed_lines": [27, 44], "summary": {"covered_lines": 2, "num_statements": 2, "percent_covered": 100.0, "percent_covered_display": "100", "missing_lines": 0, "excluded_lines": 0, "percent_statements_covered": 100.0, "percent_statements_covered_display": "100"}, "missing_lines": [], "excluded_lines": [], "start_line": 1}}, "classes": {"": {"executed_lines": [27, 44], "summary": {"covered_lines": 2, "num_statements": 2, "percent_covered": 100.0, "percent_covered_display": "100", "missing_lines": 0, "excluded_lines": 0, "percent_statements_covered": 100.0, "percent_statements_covered_display": "100"}, "missing_lines": [], "excluded_lines": [], "start_line": 1}}}, "src/ai/steps/anomaly.py": {"executed_lines": [34, 36, 37, 38, 39, 41, 43, 44, 47, 56, 131, 161], "summary": {"covered_lines": 12, "num_statements": 44, "percent_covered": 27.272727272727273, "percent_covered_display": "27", "missing_lines": 32, "excluded_lines": 0, "percent_statements_covered": 27.272727272727273, "percent_statements_covered_display": "27"}, "missing_lines": [48, 80, 81, 82, 85, 95, 104, 105, 107, 108, 109, 111, 112, 113, 115, 116, 117, 119, 121, 123, 146, 148, 149, 150, 151, 152, 153, 191, 192, 198, 199, 200], "excluded_lines": [], "functions": {"_now_utc": {"executed_lines": [], "summary": {"covered_lines": 0, "num_statements": 1, "percent_covered": 0.0, "percent_covered_display": "0", "missing_lines": 1, "excluded_lines": 0, "percent_statements_covered": 0.0, "percent_statements_covered_display": "0"}, "missing_lines": [48], "excluded_lines": [], "start_line": 47}, "precheck": {"executed_lines": [], "summary": {"covered_lines": 0, "num_statements": 19, "percent_covered": 0.0, "percent_covered_display": "0", "missing_lines": 19, "excluded_lines": 0, "percent_statements_covered": 0.0, "percent_statements_covered_display": "0"}, "missing_lines": [80, 81, 82, 85, 95, 104, 105, 107, 108, 109, 111, 112, 113, 115, 116, 117, 119, 121, 123], "excluded_lines": [], "start_line": 56}, "_troll_multiplier_from_score": {"executed_lines": [], "summary": {"covered_lines": 0, "num_statements": 7, "percent_covered": 0.0, "percent_covered_display": "0", "missing_lines": 7, "excluded_lines": 0, "percent_statements_covered": 0.0, "percent_statements_covered_display": "0"}, "missing_lines": [146, 148, 149, 150, 151, 152, 153], "excluded_lines": [], "start_line": 131}, "record": {"executed_lines": [], "summary": {"covered_lines": 0, "num_statements": 5, "percent_covered": 0.0, "percent_covered_display": "0", "missing_lines": 5, "excluded_lines": 0, "percent_statements_covered": 0.0, "percent_statements_covered_display": "0"}, "missing_lines": [191, 192, 198, 199, 200], "excluded_lines": [], "start_line": 161}, "": {"executed_lines": [34, 36, 37, 38, 39, 41, 43, 44, 47, 56, 131, 161], "summary": {"covered_lines": 12, "num_statements": 12, "percent_covered": 100.0, "percent_covered_display": "100", "missing_lines": 0, "excluded_lines": 0, "percent_statements_covered": 100.0, "percent_statements_covered_display": "100"}, "missing_lines": [], "excluded_lines": [], "start_line": 1}}, "classes": {"": {"executed_lines": [34, 36, 37, 38, 39, 41, 43, 44, 47, 56, 131, 161], "summary": {"covered_lines": 12, "num_statements": 44, "percent_covered": 27.272727272727273, "percent_covered_display": "27", "missing_lines": 32, "excluded_lines": 0, "percent_statements_covered": 27.272727272727273, "percent_statements_covered_display": "27"}, "missing_lines": [48, 80, 81, 82, 85, 95, 104, 105, 107, 108, 109, 111, 112, 113, 115, 116, 117, 119, 121, 123, 146, 148, 149, 150, 151, 152, 153, 191, 192, 198, 199, 200], "excluded_lines": [], "start_line": 1}}}, "src/ai/steps/embedding.py": {"executed_lines": [8, 10, 13], "summary": {"covered_lines": 3, "num_statements": 12, "percent_covered": 25.0, "percent_covered_display": "25", "missing_lines": 9, "excluded_lines": 0, "percent_statements_covered": 25.0, "percent_statements_covered_display": "25"}, "missing_lines": [40, 41, 42, 43, 45, 46, 48, 49, 50], "excluded_lines": [], "functions": {"run": {"executed_lines": [], "summary": {"covered_lines": 0, "num_statements": 9, "percent_covered": 0.0, "percent_covered_display": "0", "missing_lines": 9, "excluded_lines": 0, "percent_statements_covered": 0.0, "percent_statements_covered_display": "0"}, "missing_lines": [40, 41, 42, 43, 45, 46, 48, 49, 50], "excluded_lines": [], "start_line": 13}, "": {"executed_lines": [8, 10, 13], "summary": {"covered_lines": 3, "num_statements": 3, "percent_covered": 100.0, "percent_covered_display": "100", "missing_lines": 0, "excluded_lines": 0, "percent_statements_covered": 100.0, "percent_statements_covered_display": "100"}, "missing_lines": [], "excluded_lines": [], "start_line": 1}}, "classes": {"": {"executed_lines": [8, 10, 13], "summary": {"covered_lines": 3, "num_statements": 12, "percent_covered": 25.0, "percent_covered_display": "25", "missing_lines": 9, "excluded_lines": 0, "percent_statements_covered": 25.0, "percent_statements_covered_display": "25"}, "missing_lines": [40, 41, 42, 43, 45, 46, 48, 49, 50], "excluded_lines": [], "start_line": 1}}}, "src/ai/steps/entry.py": {"executed_lines": [9, 11, 12, 14, 17, 21], "summary": {"covered_lines": 6, "num_statements": 13, "percent_covered": 46.15384615384615, "percent_covered_display": "46", "missing_lines": 7, "excluded_lines": 0, "percent_statements_covered": 46.15384615384615, "percent_statements_covered_display": "46"}, "missing_lines": [18, 40, 41, 42, 46, 47, 48], "excluded_lines": [], "functions": {"_now_utc": {"executed_lines": [], "summary": {"covered_lines": 0, "num_statements": 1, "percent_covered": 0.0, "percent_covered_display": "0", "missing_lines": 1, "excluded_lines": 0, "percent_statements_covered": 0.0, "percent_statements_covered_display": "0"}, "missing_lines": [18], "excluded_lines": [], "start_line": 17}, "mark_completed": {"executed_lines": [], "summary": {"covered_lines": 0, "num_statements": 6, "percent_covered": 0.0, "percent_covered_display": "0", "missing_lines": 6, "excluded_lines": 0, "percent_statements_covered": 0.0, "percent_statements_covered_display": "0"}, "missing_lines": [40, 41, 42, 46, 47, 48], "excluded_lines": [], "start_line": 21}, "": {"executed_lines": [9, 11, 12, 14, 17, 21], "summary": {"covered_lines": 6, "num_statements": 6, "percent_covered": 100.0, "percent_covered_display": "100", "missing_lines": 0, "excluded_lines": 0, "percent_statements_covered": 100.0, "percent_statements_covered_display": "100"}, "missing_lines": [], "excluded_lines": [], "start_line": 1}}, "classes": {"": {"executed_lines": [9, 11, 12, 14, 17, 21], "summary": {"covered_lines": 6, "num_statements": 13, "percent_covered": 46.15384615384615, "percent_covered_display": "46", "missing_lines": 7, "excluded_lines": 0, "percent_statements_covered": 46.15384615384615, "percent_statements_covered_display": "46"}, "missing_lines": [18, 40, 41, 42, 46, 47, 48], "excluded_lines": [], "start_line": 1}}}, "src/ai/steps/insights.py": {"executed_lines": [35, 37, 38, 39, 40, 41, 43, 45, 47, 53, 59, 69, 89, 106, 240], "summary": {"covered_lines": 15, "num_statements": 70, "percent_covered": 21.428571428571427, "percent_covered_display": "21", "missing_lines": 55, "excluded_lines": 0, "percent_statements_covered": 21.428571428571427, "percent_statements_covered_display": "21"}, "missing_lines": [70, 75, 95, 96, 97, 98, 145, 146, 147, 148, 153, 159, 160, 161, 164, 165, 166, 167, 168, 169, 170, 171, 172, 177, 178, 179, 180, 182, 183, 184, 185, 186, 187, 188, 189, 190, 191, 192, 193, 194, 199, 202, 203, 204, 209, 217, 218, 220, 228, 230, 242, 243, 244, 245, 246], "excluded_lines": [], "functions": {"_build_prompt": {"executed_lines": [], "summary": {"covered_lines": 0, "num_statements": 2, "percent_covered": 0.0, "percent_covered_display": "0", "missing_lines": 2, "excluded_lines": 0, "percent_statements_covered": 0.0, "percent_statements_covered_display": "0"}, "missing_lines": [70, 75], "excluded_lines": [], "start_line": 69}, "_insight_cache_key": {"executed_lines": [], "summary": {"covered_lines": 0, "num_statements": 4, "percent_covered": 0.0, "percent_covered_display": "0", "missing_lines": 4, "excluded_lines": 0, "percent_statements_covered": 0.0, "percent_statements_covered_display": "0"}, "missing_lines": [95, 96, 97, 98], "excluded_lines": [], "start_line": 89}, "run": {"executed_lines": [], "summary": {"covered_lines": 0, "num_statements": 44, "percent_covered": 0.0, "percent_covered_display": "0", "missing_lines": 44, "excluded_lines": 0, "percent_statements_covered": 0.0, "percent_statements_covered_display": "0"}, "missing_lines": [145, 146, 147, 148, 153, 159, 160, 161, 164, 165, 166, 167, 168, 169, 170, 171, 172, 177, 178, 179, 180, 182, 183, 184, 185, 186, 187, 188, 189, 190, 191, 192, 193, 194, 199, 202, 203, 204, 209, 217, 218, 220, 228, 230], "excluded_lines": [], "start_line": 106}, "_build_title": {"executed_lines": [], "summary": {"covered_lines": 0, "num_statements": 5, "percent_covered": 0.0, "percent_covered_display": "0", "missing_lines": 5, "excluded_lines": 0, "percent_statements_covered": 0.0, "percent_statements_covered_display": "0"}, "missing_lines": [242, 243, 244, 245, 246], "excluded_lines": [], "start_line": 240}, "": {"executed_lines": [35, 37, 38, 39, 40, 41, 43, 45, 47, 53, 59, 69, 89, 106, 240], "summary": {"covered_lines": 15, "num_statements": 15, "percent_covered": 100.0, "percent_covered_display": "100", "missing_lines": 0, "excluded_lines": 0, "percent_statements_covered": 100.0, "percent_statements_covered_display": "100"}, "missing_lines": [], "excluded_lines": [], "start_line": 1}}, "classes": {"": {"executed_lines": [35, 37, 38, 39, 40, 41, 43, 45, 47, 53, 59, 69, 89, 106, 240], "summary": {"covered_lines": 15, "num_statements": 70, "percent_covered": 21.428571428571427, "percent_covered_display": "21", "missing_lines": 55, "excluded_lines": 0, "percent_statements_covered": 21.428571428571427, "percent_statements_covered_display": "21"}, "missing_lines": [70, 75, 95, 96, 97, 98, 145, 146, 147, 148, 153, 159, 160, 161, 164, 165, 166, 167, 168, 169, 170, 171, 172, 177, 178, 179, 180, 182, 183, 184, 185, 186, 187, 188, 189, 190, 191, 192, 193, 194, 199, 202, 203, 204, 209, 217, 218, 220, 228, 230, 242, 243, 244, 245, 246], "excluded_lines": [], "start_line": 1}}}, "src/ai/steps/normalize.py": {"executed_lines": [8, 10, 13], "summary": {"covered_lines": 3, "num_statements": 5, "percent_covered": 60.0, "percent_covered_display": "60", "missing_lines": 2, "excluded_lines": 0, "percent_statements_covered": 60.0, "percent_statements_covered_display": "60"}, "missing_lines": [25, 26], "excluded_lines": [], "functions": {"run": {"executed_lines": [], "summary": {"covered_lines": 0, "num_statements": 2, "percent_covered": 0.0, "percent_covered_display": "0", "missing_lines": 2, "excluded_lines": 0, "percent_statements_covered": 0.0, "percent_statements_covered_display": "0"}, "missing_lines": [25, 26], "excluded_lines": [], "start_line": 13}, "": {"executed_lines": [8, 10, 13], "summary": {"covered_lines": 3, "num_statements": 3, "percent_covered": 100.0, "percent_covered_display": "100", "missing_lines": 0, "excluded_lines": 0, "percent_statements_covered": 100.0, "percent_statements_covered_display": "100"}, "missing_lines": [], "excluded_lines": [], "start_line": 1}}, "classes": {"": {"executed_lines": [8, 10, 13], "summary": {"covered_lines": 3, "num_statements": 5, "percent_covered": 60.0, "percent_covered_display": "60", "missing_lines": 2, "excluded_lines": 0, "percent_statements_covered": 60.0, "percent_statements_covered_display": "60"}, "missing_lines": [25, 26], "excluded_lines": [], "start_line": 1}}}, "src/ai/steps/progression.py": {"executed_lines": [18, 20, 21, 23, 25, 26, 27, 30, 34, 42], "summary": {"covered_lines": 10, "num_statements": 66, "percent_covered": 15.151515151515152, "percent_covered_display": "15", "missing_lines": 56, "excluded_lines": 0, "percent_statements_covered": 15.151515151515152, "percent_statements_covered_display": "15"}, "missing_lines": [31, 36, 37, 38, 39, 70, 71, 72, 77, 78, 79, 81, 82, 84, 85, 86, 88, 91, 92, 94, 95, 96, 98, 103, 104, 105, 107, 111, 112, 120, 121, 122, 123, 124, 125, 131, 132, 133, 134, 135, 136, 137, 138, 143, 144, 145, 146, 149, 150, 151, 152, 153, 154, 156, 158, 162], "excluded_lines": [], "functions": {"_now_utc": {"executed_lines": [], "summary": {"covered_lines": 0, "num_statements": 1, "percent_covered": 0.0, "percent_covered_display": "0", "missing_lines": 1, "excluded_lines": 0, "percent_statements_covered": 0.0, "percent_statements_covered_display": "0"}, "missing_lines": [31], "excluded_lines": [], "start_line": 30}, "_direct_skill_update": {"executed_lines": [], "summary": {"covered_lines": 0, "num_statements": 4, "percent_covered": 0.0, "percent_covered_display": "0", "missing_lines": 4, "excluded_lines": 0, "percent_statements_covered": 0.0, "percent_statements_covered_display": "0"}, "missing_lines": [36, 37, 38, 39], "excluded_lines": [], "start_line": 34}, "update_counters": {"executed_lines": [], "summary": {"covered_lines": 0, "num_statements": 51, "percent_covered": 0.0, "percent_covered_display": "0", "missing_lines": 51, "excluded_lines": 0, "percent_statements_covered": 0.0, "percent_statements_covered_display": "0"}, "missing_lines": [70, 71, 72, 77, 78, 79, 81, 82, 84, 85, 86, 88, 91, 92, 94, 95, 96, 98, 103, 104, 105, 107, 111, 112, 120, 121, 122, 123, 124, 125, 131, 132, 133, 134, 135, 136, 137, 138, 143, 144, 145, 146, 149, 150, 151, 152, 153, 154, 156, 158, 162], "excluded_lines": [], "start_line": 42}, "": {"executed_lines": [18, 20, 21, 23, 25, 26, 27, 30, 34, 42], "summary": {"covered_lines": 10, "num_statements": 10, "percent_covered": 100.0, "percent_covered_display": "100", "missing_lines": 0, "excluded_lines": 0, "percent_statements_covered": 100.0, "percent_statements_covered_display": "100"}, "missing_lines": [], "excluded_lines": [], "start_line": 1}}, "classes": {"": {"executed_lines": [18, 20, 21, 23, 25, 26, 27, 30, 34, 42], "summary": {"covered_lines": 10, "num_statements": 66, "percent_covered": 15.151515151515152, "percent_covered_display": "15", "missing_lines": 56, "excluded_lines": 0, "percent_statements_covered": 15.151515151515152, "percent_statements_covered_display": "15"}, "missing_lines": [31, 36, 37, 38, 39, 70, 71, 72, 77, 78, 79, 81, 82, 84, 85, 86, 88, 91, 92, 94, 95, 96, 98, 103, 104, 105, 107, 111, 112, 120, 121, 122, 123, 124, 125, 131, 132, 133, 134, 135, 136, 137, 138, 143, 144, 145, 146, 149, 150, 151, 152, 153, 154, 156, 158, 162], "excluded_lines": [], "start_line": 1}}}, "src/ai/steps/quests.py": {"executed_lines": [12, 14, 15, 17, 19, 20, 21, 24, 33, 71], "summary": {"covered_lines": 10, "num_statements": 41, "percent_covered": 24.390243902439025, "percent_covered_display": "24", "missing_lines": 31, "excluded_lines": 0, "percent_statements_covered": 24.390243902439025, "percent_statements_covered_display": "24"}, "missing_lines": [25, 56, 63, 106, 107, 113, 119, 120, 122, 123, 124, 125, 127, 128, 130, 138, 139, 140, 142, 143, 144, 145, 146, 148, 149, 150, 151, 152, 159, 161, 162], "excluded_lines": [], "functions": {"_now_utc": {"executed_lines": [], "summary": {"covered_lines": 0, "num_statements": 1, "percent_covered": 0.0, "percent_covered_display": "0", "missing_lines": 1, "excluded_lines": 0, "percent_statements_covered": 0.0, "percent_statements_covered_display": "0"}, "missing_lines": [25], "excluded_lines": [], "start_line": 24}, "match": {"executed_lines": [], "summary": {"covered_lines": 0, "num_statements": 2, "percent_covered": 0.0, "percent_covered_display": "0", "missing_lines": 2, "excluded_lines": 0, "percent_statements_covered": 0.0, "percent_statements_covered_display": "0"}, "missing_lines": [56, 63], "excluded_lines": [], "start_line": 33}, "update_progress": {"executed_lines": [], "summary": {"covered_lines": 0, "num_statements": 28, "percent_covered": 0.0, "percent_covered_display": "0", "missing_lines": 28, "excluded_lines": 0, "percent_statements_covered": 0.0, "percent_statements_covered_display": "0"}, "missing_lines": [106, 107, 113, 119, 120, 122, 123, 124, 125, 127, 128, 130, 138, 139, 140, 142, 143, 144, 145, 146, 148, 149, 150, 151, 152, 159, 161, 162], "excluded_lines": [], "start_line": 71}, "": {"executed_lines": [12, 14, 15, 17, 19, 20, 21, 24, 33, 71], "summary": {"covered_lines": 10, "num_statements": 10, "percent_covered": 100.0, "percent_covered_display": "100", "missing_lines": 0, "excluded_lines": 0, "percent_statements_covered": 100.0, "percent_statements_covered_display": "100"}, "missing_lines": [], "excluded_lines": [], "start_line": 1}}, "classes": {"": {"executed_lines": [12, 14, 15, 17, 19, 20, 21, 24, 33, 71], "summary": {"covered_lines": 10, "num_statements": 41, "percent_covered": 24.390243902439025, "percent_covered_display": "24", "missing_lines": 31, "excluded_lines": 0, "percent_statements_covered": 24.390243902439025, "percent_statements_covered_display": "24"}, "missing_lines": [25, 56, 63, 106, 107, 113, 119, 120, 122, 123, 124, 125, 127, 128, 130, 138, 139, 140, 142, 143, 144, 145, 146, 148, 149, 150, 151, 152, 159, 161, 162], "excluded_lines": [], "start_line": 1}}}, "src/ai/steps/rag.py": {"executed_lines": [20, 22, 23, 25, 28], "summary": {"covered_lines": 5, "num_statements": 20, "percent_covered": 25.0, "percent_covered_display": "25", "missing_lines": 15, "excluded_lines": 0, "percent_statements_covered": 25.0, "percent_statements_covered_display": "25"}, "missing_lines": [57, 58, 61, 62, 63, 64, 65, 66, 69, 70, 71, 79, 81, 82, 84], "excluded_lines": [], "functions": {"run": {"executed_lines": [], "summary": {"covered_lines": 0, "num_statements": 15, "percent_covered": 0.0, "percent_covered_display": "0", "missing_lines": 15, "excluded_lines": 0, "percent_statements_covered": 0.0, "percent_statements_covered_display": "0"}, "missing_lines": [57, 58, 61, 62, 63, 64, 65, 66, 69, 70, 71, 79, 81, 82, 84], "excluded_lines": [], "start_line": 28}, "": {"executed_lines": [20, 22, 23, 25, 28], "summary": {"covered_lines": 5, "num_statements": 5, "percent_covered": 100.0, "percent_covered_display": "100", "missing_lines": 0, "excluded_lines": 0, "percent_statements_covered": 100.0, "percent_statements_covered_display": "100"}, "missing_lines": [], "excluded_lines": [], "start_line": 1}}, "classes": {"": {"executed_lines": [20, 22, 23, 25, 28], "summary": {"covered_lines": 5, "num_statements": 20, "percent_covered": 25.0, "percent_covered_display": "25", "missing_lines": 15, "excluded_lines": 0, "percent_statements_covered": 25.0, "percent_statements_covered_display": "25"}, "missing_lines": [57, 58, 61, 62, 63, 64, 65, 66, 69, 70, 71, 79, 81, 82, 84], "excluded_lines": [], "start_line": 1}}}, "src/ai/steps/rewards.py": {"executed_lines": [14, 16, 18, 20, 26, 27, 28, 36, 90, 191], "summary": {"covered_lines": 10, "num_statements": 59, "percent_covered": 16.949152542372882, "percent_covered_display": "17", "missing_lines": 49, "excluded_lines": 0, "percent_statements_covered": 16.949152542372882, "percent_statements_covered_display": "17"}, "missing_lines": [65, 66, 67, 75, 82, 120, 122, 123, 132, 140, 141, 151, 153, 170, 171, 172, 183, 222, 224, 231, 232, 235, 236, 238, 239, 247, 249, 250, 251, 252, 253, 255, 256, 257, 258, 260, 261, 262, 264, 265, 276, 284, 285, 294, 296, 313, 314, 315, 325], "excluded_lines": [], "functions": {"compute_quest_rewards": {"executed_lines": [], "summary": {"covered_lines": 0, "num_statements": 5, "percent_covered": 0.0, "percent_covered_display": "0", "missing_lines": 5, "excluded_lines": 0, "percent_statements_covered": 0.0, "percent_statements_covered_display": "0"}, "missing_lines": [65, 66, 67, 75, 82], "excluded_lines": [], "start_line": 36}, "persist_skill_awards": {"executed_lines": [], "summary": {"covered_lines": 0, "num_statements": 12, "percent_covered": 0.0, "percent_covered_display": "0", "missing_lines": 12, "excluded_lines": 0, "percent_statements_covered": 0.0, "percent_statements_covered_display": "0"}, "missing_lines": [120, 122, 123, 132, 140, 141, 151, 153, 170, 171, 172, 183], "excluded_lines": [], "start_line": 90}, "persist_theme_awards": {"executed_lines": [], "summary": {"covered_lines": 0, "num_statements": 32, "percent_covered": 0.0, "percent_covered_display": "0", "missing_lines": 32, "excluded_lines": 0, "percent_statements_covered": 0.0, "percent_statements_covered_display": "0"}, "missing_lines": [222, 224, 231, 232, 235, 236, 238, 239, 247, 249, 250, 251, 252, 253, 255, 256, 257, 258, 260, 261, 262, 264, 265, 276, 284, 285, 294, 296, 313, 314, 315, 325], "excluded_lines": [], "start_line": 191}, "": {"executed_lines": [14, 16, 18, 20, 26, 27, 28, 36, 90, 191], "summary": {"covered_lines": 10, "num_statements": 10, "percent_covered": 100.0, "percent_covered_display": "100", "missing_lines": 0, "excluded_lines": 0, "percent_statements_covered": 100.0, "percent_statements_covered_display": "100"}, "missing_lines": [], "excluded_lines": [], "start_line": 1}}, "classes": {"": {"executed_lines": [14, 16, 18, 20, 26, 27, 28, 36, 90, 191], "summary": {"covered_lines": 10, "num_statements": 59, "percent_covered": 16.949152542372882, "percent_covered_display": "17", "missing_lines": 49, "excluded_lines": 0, "percent_statements_covered": 16.949152542372882, "percent_statements_covered_display": "17"}, "missing_lines": [65, 66, 67, 75, 82, 120, 122, 123, 132, 140, 141, 151, 153, 170, 171, 172, 183, 222, 224, 231, 232, 235, 236, 238, 239, 247, 249, 250, 251, 252, 253, 255, 256, 257, 258, 260, 261, 262, 264, 265, 276, 284, 285, 294, 296, 313, 314, 315, 325], "excluded_lines": [], "start_line": 1}}}, "src/ai/steps/signals.py": {"executed_lines": [15, 17, 18, 20, 22, 28, 41, 50, 51, 52, 60, 70, 83], "summary": {"covered_lines": 13, "num_statements": 37, "percent_covered": 35.13513513513514, "percent_covered_display": "35", "missing_lines": 24, "excluded_lines": 0, "percent_statements_covered": 35.13513513513514, "percent_statements_covered_display": "35"}, "missing_lines": [61, 62, 63, 64, 65, 66, 67, 71, 72, 73, 74, 75, 103, 104, 107, 108, 109, 110, 111, 112, 114, 115, 116, 118], "excluded_lines": [], "functions": {"_classify_task_type": {"executed_lines": [], "summary": {"covered_lines": 0, "num_statements": 7, "percent_covered": 0.0, "percent_covered_display": "0", "missing_lines": 7, "excluded_lines": 0, "percent_statements_covered": 0.0, "percent_statements_covered_display": "0"}, "missing_lines": [61, 62, 63, 64, 65, 66, 67], "excluded_lines": [], "start_line": 60}, "_estimate_energy": {"executed_lines": [], "summary": {"covered_lines": 0, "num_statements": 5, "percent_covered": 0.0, "percent_covered_display": "0", "missing_lines": 5, "excluded_lines": 0, "percent_statements_covered": 0.0, "percent_statements_covered_display": "0"}, "missing_lines": [71, 72, 73, 74, 75], "excluded_lines": [], "start_line": 70}, "run": {"executed_lines": [], "summary": {"covered_lines": 0, "num_statements": 12, "percent_covered": 0.0, "percent_covered_display": "0", "missing_lines": 12, "excluded_lines": 0, "percent_statements_covered": 0.0, "percent_statements_covered_display": "0"}, "missing_lines": [103, 104, 107, 108, 109, 110, 111, 112, 114, 115, 116, 118], "excluded_lines": [], "start_line": 83}, "": {"executed_lines": [15, 17, 18, 20, 22, 28, 41, 50, 51, 52, 60, 70, 83], "summary": {"covered_lines": 13, "num_statements": 13, "percent_covered": 100.0, "percent_covered_display": "100", "missing_lines": 0, "excluded_lines": 0, "percent_statements_covered": 100.0, "percent_statements_covered_display": "100"}, "missing_lines": [], "excluded_lines": [], "start_line": 1}}, "classes": {"": {"executed_lines": [15, 17, 18, 20, 22, 28, 41, 50, 51, 52, 60, 70, 83], "summary": {"covered_lines": 13, "num_statements": 37, "percent_covered": 35.13513513513514, "percent_covered_display": "35", "missing_lines": 24, "excluded_lines": 0, "percent_statements_covered": 35.13513513513514, "percent_statements_covered_display": "35"}, "missing_lines": [61, 62, 63, 64, 65, 66, 67, 71, 72, 73, 74, 75, 103, 104, 107, 108, 109, 110, 111, 112, 114, 115, 116, 118], "excluded_lines": [], "start_line": 1}}}, "src/ai/steps/strategy.py": {"executed_lines": [10, 11, 12, 13, 14, 15, 16, 17, 18, 20, 22, 24, 39, 56, 69, 72, 81, 85, 95, 125, 139, 144, 165, 176, 211, 259, 342], "summary": {"covered_lines": 27, "num_statements": 126, "percent_covered": 21.428571428571427, "percent_covered_display": "21", "missing_lines": 99, "excluded_lines": 0, "percent_statements_covered": 21.428571428571427, "percent_statements_covered_display": "21"}, "missing_lines": [73, 74, 75, 76, 77, 78, 82, 87, 88, 89, 90, 91, 92, 99, 100, 110, 111, 112, 116, 117, 120, 121, 122, 129, 130, 131, 132, 141, 146, 147, 148, 149, 150, 161, 162, 167, 168, 194, 195, 196, 197, 199, 200, 201, 202, 203, 204, 206, 207, 208, 222, 223, 225, 226, 227, 229, 230, 231, 232, 234, 235, 238, 239, 241, 242, 243, 244, 245, 246, 247, 252, 254, 289, 290, 293, 296, 297, 299, 308, 309, 310, 311, 312, 313, 314, 317, 320, 323, 325, 326, 329, 332, 334, 344, 345, 353, 354, 364, 365], "excluded_lines": [], "functions": {"_coerce_int": {"executed_lines": [], "summary": {"covered_lines": 0, "num_statements": 6, "percent_covered": 0.0, "percent_covered_display": "0", "missing_lines": 6, "excluded_lines": 0, "percent_statements_covered": 0.0, "percent_statements_covered_display": "0"}, "missing_lines": [73, 74, 75, 76, 77, 78], "excluded_lines": [], "start_line": 72}, "_now_utc": {"executed_lines": [], "summary": {"covered_lines": 0, "num_statements": 1, "percent_covered": 0.0, "percent_covered_display": "0", "missing_lines": 1, "excluded_lines": 0, "percent_statements_covered": 0.0, "percent_statements_covered_display": "0"}, "missing_lines": [82], "excluded_lines": [], "start_line": 81}, "_is_social_risk": {"executed_lines": [], "summary": {"covered_lines": 0, "num_statements": 6, "percent_covered": 0.0, "percent_covered_display": "0", "missing_lines": 6, "excluded_lines": 0, "percent_statements_covered": 0.0, "percent_statements_covered_display": "0"}, "missing_lines": [87, 88, 89, 90, 91, 92], "excluded_lines": [], "start_line": 85}, "_is_study_burst": {"executed_lines": [], "summary": {"covered_lines": 0, "num_statements": 8, "percent_covered": 0.0, "percent_covered_display": "0", "missing_lines": 8, "excluded_lines": 0, "percent_statements_covered": 0.0, "percent_statements_covered_display": "0"}, "missing_lines": [99, 100, 110, 116, 117, 120, 121, 122], "excluded_lines": [], "start_line": 95}, "_is_study_burst._candidate": {"executed_lines": [], "summary": {"covered_lines": 0, "num_statements": 2, "percent_covered": 0.0, "percent_covered_display": "0", "missing_lines": 2, "excluded_lines": 0, "percent_statements_covered": 0.0, "percent_statements_covered_display": "0"}, "missing_lines": [111, 112], "excluded_lines": [], "start_line": 110}, "_is_mundane_focus": {"executed_lines": [], "summary": {"covered_lines": 0, "num_statements": 4, "percent_covered": 0.0, "percent_covered_display": "0", "missing_lines": 4, "excluded_lines": 0, "percent_statements_covered": 0.0, "percent_statements_covered_display": "0"}, "missing_lines": [129, 130, 131, 132], "excluded_lines": [], "start_line": 125}, "_is_troll_exploits": {"executed_lines": [], "summary": {"covered_lines": 0, "num_statements": 1, "percent_covered": 0.0, "percent_covered_display": "0", "missing_lines": 1, "excluded_lines": 0, "percent_statements_covered": 0.0, "percent_statements_covered_display": "0"}, "missing_lines": [141], "excluded_lines": [], "start_line": 139}, "_is_daily_grind": {"executed_lines": [], "summary": {"covered_lines": 0, "num_statements": 7, "percent_covered": 0.0, "percent_covered_display": "0", "missing_lines": 7, "excluded_lines": 0, "percent_statements_covered": 0.0, "percent_statements_covered_display": "0"}, "missing_lines": [146, 147, 148, 149, 150, 161, 162], "excluded_lines": [], "start_line": 144}, "_is_harmony_balance": {"executed_lines": [], "summary": {"covered_lines": 0, "num_statements": 2, "percent_covered": 0.0, "percent_covered_display": "0", "missing_lines": 2, "excluded_lines": 0, "percent_statements_covered": 0.0, "percent_statements_covered_display": "0"}, "missing_lines": [167, 168], "excluded_lines": [], "start_line": 165}, "diminishing_multiplier_fr
[...]
, 300, 307, 314, 322, 346], "summary": {"covered_lines": 59, "num_statements": 62, "percent_covered": 95.16129032258064, "percent_covered_display": "95", "missing_lines": 3, "excluded_lines": 3, "percent_statements_covered": 95.16129032258064, "percent_statements_covered_display": "95"}, "missing_lines": [185, 271, 347], "excluded_lines": [32, 33, 34], "functions": {"Skill.__repr__": {"executed_lines": [], "summary": {"covered_lines": 0, "num_statements": 1, "percent_covered": 0.0, "percent_covered_display": "0", "missing_lines": 1, "excluded_lines": 0, "percent_statements_covered": 0.0, "percent_statements_covered_display": "0"}, "missing_lines": [185], "excluded_lines": [], "start_line": 184}, "Theme.__repr__": {"executed_lines": [], "summary": {"covered_lines": 0, "num_statements": 1, "percent_covered": 0.0, "percent_covered_display": "0", "missing_lines": 1, "excluded_lines": 0, "percent_statements_covered": 0.0, "percent_statements_covered_display": "0"}, "missing_lines": [271], "excluded_lines": [], "start_line": 270}, "SkillThemeMapping.__repr__": {"executed_lines": [], "summary": {"covered_lines": 0, "num_statements": 1, "percent_covered": 0.0, "percent_covered_display": "0", "missing_lines": 1, "excluded_lines": 0, "percent_statements_covered": 0.0, "percent_statements_covered_display": "0"}, "missing_lines": [347], "excluded_lines": [], "start_line": 346}, "": {"executed_lines": [10, 11, 12, 14, 27, 29, 30, 37, 40, 47, 71, 73, 78, 87, 89, 90, 95, 96, 101, 106, 107, 110, 115, 118, 125, 134, 137, 147, 150, 157, 165, 184, 188, 202, 204, 209, 215, 216, 219, 220, 225, 227, 230, 240, 241, 248, 256, 270, 274, 289, 291, 296, 297, 298, 300, 307, 314, 322, 346], "summary": {"covered_lines": 59, "num_statements": 59, "percent_covered": 100.0, "percent_covered_display": "100", "missing_lines": 0, "excluded_lines": 3, "percent_statements_covered": 100.0, "percent_statements_covered_display": "100"}, "missing_lines": [], "excluded_lines": [32, 33, 34], "start_line": 1}}, "classes": {"Skill": {"executed_lines": [], "summary": {"covered_lines": 0, "num_statements": 1, "percent_covered": 0.0, "percent_covered_display": "0", "missing_lines": 1, "excluded_lines": 0, "percent_statements_covered": 0.0, "percent_statements_covered_display": "0"}, "missing_lines": [185], "excluded_lines": [], "start_line": 47}, "Theme": {"executed_lines": [], "summary": {"covered_lines": 0, "num_statements": 1, "percent_covered": 0.0, "percent_covered_display": "0", "missing_lines": 1, "excluded_lines": 0, "percent_statements_covered": 0.0, "percent_statements_covered_display": "0"}, "missing_lines": [271], "excluded_lines": [], "start_line": 188}, "SkillThemeMapping": {"executed_lines": [], "summary": {"covered_lines": 0, "num_statements": 1, "percent_covered": 0.0, "percent_covered_display": "0", "missing_lines": 1, "excluded_lines": 0, "percent_statements_covered": 0.0, "percent_statements_covered_display": "0"}, "missing_lines": [347], "excluded_lines": [], "start_line": 274}, "": {"executed_lines": [10, 11, 12, 14, 27, 29, 30, 37, 40, 47, 71, 73, 78, 87, 89, 90, 95, 96, 101, 106, 107, 110, 115, 118, 125, 134, 137, 147, 150, 157, 165, 184, 188, 202, 204, 209, 215, 216, 219, 220, 225, 227, 230, 240, 241, 248, 256, 270, 274, 289, 291, 296, 297, 298, 300, 307, 314, 322, 346], "summary": {"covered_lines": 59, "num_statements": 59, "percent_covered": 100.0, "percent_covered_display": "100", "missing_lines": 0, "excluded_lines": 3, "percent_statements_covered": 100.0, "percent_statements_covered_display": "100"}, "missing_lines": [], "excluded_lines": [32, 33, 34], "start_line": 1}}}, "src/db/models/story.py": {"executed_lines": [3, 4, 6, 16, 18, 21, 22, 24, 27, 30, 31, 32, 33, 36, 37, 40, 43, 46, 50, 65, 66, 68, 71, 72, 73, 74, 75, 79], "summary": {"covered_lines": 28, "num_statements": 28, "percent_covered": 100.0, "percent_covered_display": "100", "missing_lines": 0, "excluded_lines": 0, "percent_statements_covered": 100.0, "percent_statements_covered_display": "100"}, "missing_lines": [], "excluded_lines": [], "functions": {"": {"executed_lines": [3, 4, 6, 16, 18, 21, 22, 24, 27, 30, 31, 32, 33, 36, 37, 40, 43, 46, 50, 65, 66, 68, 71, 72, 73, 74, 75, 79], "summary": {"covered_lines": 28, "num_statements": 28, "percent_covered": 100.0, "percent_covered_display": "100", "missing_lines": 0, "excluded_lines": 0, "percent_statements_covered": 100.0, "percent_statements_covered_display": "100"}, "missing_lines": [], "excluded_lines": [], "start_line": 1}}, "classes": {"StoryArc": {"executed_lines": [], "summary": {"covered_lines": 0, "num_statements": 0, "percent_covered": 100.0, "percent_covered_display": "100", "missing_lines": 0, "excluded_lines": 0, "percent_statements_covered": 100.0, "percent_statements_covered_display": "100"}, "missing_lines": [], "excluded_lines": [], "start_line": 21}, "ArcTrigger": {"executed_lines": [], "summary": {"covered_lines": 0, "num_statements": 0, "percent_covered": 100.0, "percent_covered_display": "100", "missing_lines": 0, "excluded_lines": 0, "percent_statements_covered": 100.0, "percent_statements_covered_display": "100"}, "missing_lines": [], "excluded_lines": [], "start_line": 65}, "": {"executed_lines": [3, 4, 6, 16, 18, 21, 22, 24, 27, 30, 31, 32, 33, 36, 37, 40, 43, 46, 50, 65, 66, 68, 71, 72, 73, 74, 75, 79], "summary": {"covered_lines": 28, "num_statements": 28, "percent_covered": 100.0, "percent_covered_display": "100", "missing_lines": 0, "excluded_lines": 0, "percent_statements_covered": 100.0, "percent_statements_covered_display": "100"}, "missing_lines": [], "excluded_lines": [], "start_line": 1}}}, "src/db/models/strategy.py": {"executed_lines": [3, 4, 6, 15, 17, 20, 21, 23, 26, 29, 30, 31, 32, 33, 37], "summary": {"covered_lines": 15, "num_statements": 15, "percent_covered": 100.0, "percent_covered_display": "100", "missing_lines": 0, "excluded_lines": 0, "percent_statements_covered": 100.0, "percent_statements_covered_display": "100"}, "missing_lines": [], "excluded_lines": [], "functions": {"": {"executed_lines": [3, 4, 6, 15, 17, 20, 21, 23, 26, 29, 30, 31, 32, 33, 37], "summary": {"covered_lines": 15, "num_statements": 15, "percent_covered": 100.0, "percent_covered_display": "100", "missing_lines": 0, "excluded_lines": 0, "percent_statements_covered": 100.0, "percent_statements_covered_display": "100"}, "missing_lines": [], "excluded_lines": [], "start_line": 1}}, "classes": {"StrategyTracking": {"executed_lines": [], "summary": {"covered_lines": 0, "num_statements": 0, "percent_covered": 100.0, "percent_covered_display": "100", "missing_lines": 0, "excluded_lines": 0, "percent_statements_covered": 100.0, "percent_statements_covered_display": "100"}, "missing_lines": [], "excluded_lines": [], "start_line": 20}, "": {"executed_lines": [3, 4, 6, 15, 17, 20, 21, 23, 26, 29, 30, 31, 32, 33, 37], "summary": {"covered_lines": 15, "num_statements": 15, "percent_covered": 100.0, "percent_covered_display": "100", "missing_lines": 0, "excluded_lines": 0, "percent_statements_covered": 100.0, "percent_statements_covered_display": "100"}, "missing_lines": [], "excluded_lines": [], "start_line": 1}}}, "src/db/models/user.py": {"executed_lines": [15, 16, 17, 19, 30, 32, 33, 44, 71, 76, 85, 86, 87, 92, 95, 98, 99, 102, 103, 106, 107, 114, 128, 131, 135, 138, 145, 151, 154, 163, 168, 175, 176, 177, 182, 185, 191, 199, 205, 210, 215, 220, 225, 230, 235, 240, 249, 267], "summary": {"covered_lines": 48, "num_statements": 49, "percent_covered": 97.95918367346938, "percent_covered_display": "98", "missing_lines": 1, "excluded_lines": 7, "percent_statements_covered": 97.95918367346938, "percent_statements_covered_display": "98"}, "missing_lines": [268], "excluded_lines": [35, 36, 37, 38, 39, 40, 41], "functions": {"User.__repr__": {"executed_lines": [], "summary": {"covered_lines": 0, "num_statements": 1, "percent_covered": 0.0, "percent_covered_display": "0", "missing_lines": 1, "excluded_lines": 0, "percent_statements_covered": 0.0, "percent_statements_covered_display": "0"}, "missing_lines": [268], "excluded_lines": [], "start_line": 267}, "": {"executed_lines": [15, 16, 17, 19, 30, 32, 33, 44, 71, 76, 85, 86, 87, 92, 95, 98, 99, 102, 103, 106, 107, 114, 128, 131, 135, 138, 145, 151, 154, 163, 168, 175, 176, 177, 182, 185, 191, 199, 205, 210, 215, 220, 225, 230, 235, 240, 249, 267], "summary": {"covered_lines": 48, "num_statements": 48, "percent_covered": 100.0, "percent_covered_display": "100", "missing_lines": 0, "excluded_lines": 7, "percent_statements_covered": 100.0, "percent_statements_covered_display": "100"}, "missing_lines": [], "excluded_lines": [35, 36, 37, 38, 39, 40, 41], "start_line": 1}}, "classes": {"User": {"executed_lines": [], "summary": {"covered_lines": 0, "num_statements": 1, "percent_covered": 0.0, "percent_covered_display": "0", "missing_lines": 1, "excluded_lines": 0, "percent_statements_covered": 0.0, "percent_statements_covered_display": "0"}, "missing_lines": [268], "excluded_lines": [], "start_line": 44}, "": {"executed_lines": [15, 16, 17, 19, 30, 32, 33, 44, 71, 76, 85, 86, 87, 92, 95, 98, 99, 102, 103, 106, 107, 114, 128, 131, 135, 138, 145, 151, 154, 163, 168, 175, 176, 177, 182, 185, 191, 199, 205, 210, 215, 220, 225, 230, 235, 240, 249, 267], "summary": {"covered_lines": 48, "num_statements": 48, "percent_covered": 100.0, "percent_covered_display": "100", "missing_lines": 0, "excluded_lines": 7, "percent_statements_covered": 100.0, "percent_statements_covered_display": "100"}, "missing_lines": [], "excluded_lines": [35, 36, 37, 38, 39, 40, 41], "start_line": 1}}}, "src/db/models/user_skill_state.py": {"executed_lines": [19, 20, 21, 23, 32, 34, 40, 43, 45, 50, 56, 63, 69, 72, 73, 74, 77, 79, 83, 88, 96, 98, 110], "summary": {"covered_lines": 23, "num_statements": 24, "percent_covered": 95.83333333333333, "percent_covered_display": "96", "missing_lines": 1, "excluded_lines": 2, "percent_statements_covered": 95.83333333333333, "percent_statements_covered_display": "96"}, "missing_lines": [111], "excluded_lines": [36, 37], "functions": {"UserSkillState.__repr__": {"executed_lines": [], "summary": {"covered_lines": 0, "num_statements": 1, "percent_covered": 0.0, "percent_covered_display": "0", "missing_lines": 1, "excluded_lines": 0, "percent_statements_covered": 0.0, "percent_statements_covered_display": "0"}, "missing_lines": [111], "excluded_lines": [], "start_line": 110}, "": {"executed_lines": [19, 20, 21, 23, 32, 34, 40, 43, 45, 50, 56, 63, 69, 72, 73, 74, 77, 79, 83, 88, 96, 98, 110], "summary": {"covered_lines": 23, "num_statements": 23, "percent_covered": 100.0, "percent_covered_display": "100", "missing_lines": 0, "excluded_lines": 2, "percent_statements_covered": 100.0, "percent_statements_covered_display": "100"}, "missing_lines": [], "excluded_lines": [36, 37], "start_line": 1}}, "classes": {"UserSkillState": {"executed_lines": [], "summary": {"covered_lines": 0, "num_statements": 1, "percent_covered": 0.0, "percent_covered_display": "0", "missing_lines": 1, "excluded_lines": 0, "percent_statements_covered": 0.0, "percent_statements_covered_display": "0"}, "missing_lines": [111], "excluded_lines": [], "start_line": 40}, "": {"executed_lines": [19, 20, 21, 23, 32, 34, 40, 43, 45, 50, 56, 63, 69, 72, 73, 74, 77, 79, 83, 88, 96, 98, 110], "summary": {"covered_lines": 23, "num_statements": 23, "percent_covered": 100.0, "percent_covered_display": "100", "missing_lines": 0, "excluded_lines": 2, "percent_statements_covered": 100.0, "percent_statements_covered_display": "100"}, "missing_lines": [], "excluded_lines": [36, 37], "start_line": 1}}}, "src/db/models/xp.py": {"executed_lines": [9, 10, 11, 13, 24, 26, 34, 60, 62, 67, 76, 78, 79, 81, 84, 85, 90, 91, 94, 99, 100, 101, 107, 109, 111, 118, 119, 126, 133, 141, 208], "summary": {"covered_lines": 31, "num_statements": 33, "percent_covered": 93.93939393939394, "percent_covered_display": "94", "missing_lines": 2, "excluded_lines": 4, "percent_statements_covered": 93.93939393939394, "percent_statements_covered_display": "94"}, "missing_lines": [209, 212], "excluded_lines": [28, 29, 30, 31], "functions": {"XpAward.__repr__": {"executed_lines": [], "summary": {"covered_lines": 0, "num_statements": 2, "percent_covered": 0.0, "percent_covered_display": "0", "missing_lines": 2, "excluded_lines": 0, "percent_statements_covered": 0.0, "percent_statements_covered_display": "0"}, "missing_lines": [209, 212], "excluded_lines": [], "start_line": 208}, "": {"executed_lines": [9, 10, 11, 13, 24, 26, 34, 60, 62, 67, 76, 78, 79, 81, 84, 85, 90, 91, 94, 99, 100, 101, 107, 109, 111, 118, 119, 126, 133, 141, 208], "summary": {"covered_lines": 31, "num_statements": 31, "percent_covered": 100.0, "percent_covered_display": "100", "missing_lines": 0, "excluded_lines": 4, "percent_statements_covered": 100.0, "percent_statements_covered_display": "100"}, "missing_lines": [], "excluded_lines": [28, 29, 30, 31], "start_line": 1}}, "classes": {"XpAward": {"executed_lines": [], "summary": {"covered_lines": 0, "num_statements": 2, "percent_covered": 0.0, "percent_covered_display": "0", "missing_lines": 2, "excluded_lines": 0, "percent_statements_covered": 0.0, "percent_statements_covered_display": "0"}, "missing_lines": [209, 212], "excluded_lines": [], "start_line": 34}, "": {"executed_lines": [9, 10, 11, 13, 24, 26, 34, 60, 62, 67, 76, 78, 79, 81, 84, 85, 90, 91, 94, 99, 100, 101, 107, 109, 111, 118, 119, 126, 133, 141, 208], "summary": {"covered_lines": 31, "num_statements": 31, "percent_covered": 100.0, "percent_covered_display": "100", "missing_lines": 0, "excluded_lines": 4, "percent_statements_covered": 100.0, "percent_statements_covered_display": "100"}, "missing_lines": [], "excluded_lines": [28, 29, 30, 31], "start_line": 1}}}, "src/db/session.py": {"executed_lines": [29, 30, 31, 32, 34, 35, 36, 38, 43, 44, 45, 48, 50, 52, 55, 56, 62, 68, 69, 70, 73, 74, 75, 76, 78, 79, 81, 82, 84, 85, 86, 87, 88, 89, 90, 91, 94, 95, 97, 98, 99, 100, 102, 103, 106, 109, 110, 116, 117, 120, 121, 122, 123, 124, 125, 131, 148, 150, 151, 152, 156, 157, 158, 161, 164, 169, 180, 193, 194, 195, 196, 197, 198, 199, 201, 207, 208, 220, 221, 222, 223, 224, 225, 226, 228, 234, 242, 244, 245, 248, 250, 253, 278, 279, 280, 283, 289, 292, 297, 298, 299, 300, 301, 302], "summary": {"covered_lines": 104, "num_statements": 107, "percent_covered": 97.19626168224299, "percent_covered_display": "97", "missing_lines": 3, "excluded_lines": 0, "percent_statements_covered": 97.19626168224299, "percent_statements_covered_display": "97"}, "missing_lines": [51, 53, 251], "excluded_lines": [], "functions": {"_ensure_sqlite_parent_dir": {"executed_lines": [50, 52, 55, 56], "summary": {"covered_lines": 4, "num_statements": 6, "percent_covered": 66.66666666666667, "percent_covered_display": "67", "missing_lines": 2, "excluded_lines": 0, "percent_statements_covered": 66.66666666666667, "percent_statements_covered_display": "67"}, "missing_lines": [51, 53], "excluded_lines": [], "start_line": 48}, "_load_db_url": {"executed_lines": [68, 69, 70, 73, 74, 75, 76, 78, 79, 81, 82, 84, 85, 86, 87, 88, 89, 90, 91, 94, 95, 97, 98, 99, 100, 102, 103, 106], "summary": {"covered_lines": 28, "num_statements": 28, "percent_covered": 100.0, "percent_covered_display": "100", "missing_lines": 0, "excluded_lines": 0, "percent_statements_covered": 100.0, "percent_statements_covered_display": "100"}, "missing_lines": [], "excluded_lines": [], "start_line": 62}, "_enforce_sqlite_fks": {"executed_lines": [120, 121, 122, 123, 124, 125], "summary": {"covered_lines": 6, "num_statements": 6, "percent_covered": 100.0, "percent_covered_display": "100", "missing_lines": 0, "excluded_lines": 0, "percent_statements_covered": 100.0, "percent_statements_covered_display": "100"}, "missing_lines": [], "excluded_lines": [], "start_line": 117}, "_build_engine": {"executed_lines": [148, 150, 151, 152, 156, 157, 158, 161], "summary": {"covered_lines": 8, "num_statements": 8, "percent_covered": 100.0, "percent_covered_display": "100", "missing_lines": 0, "excluded_lines": 0, "percent_statements_covered": 100.0, "percent_statements_covered_display": "100"}, "missing_lines": [], "excluded_lines": [], "start_line": 131}, "get_db": {"executed_lines": [193, 194, 195, 196, 197, 198, 199, 201], "summary": {"covered_lines": 8, "num_statements": 8, "percent_covered": 100.0, "percent_covered_display": "100", "missing_lines": 0, "excluded_lines": 0, "percent_statements_covered": 100.0, "percent_statements_covered_display": "100"}, "missing_lines": [], "excluded_lines": [], "start_line": 180}, "db_session": {"executed_lines": [220, 221, 222, 223, 224, 225, 226, 228], "summary": {"covered_lines": 8, "num_statements": 8, "percent_covered": 100.0, "percent_covered_display": "100", "missing_lines": 0, "excluded_lines": 0, "percent_statements_covered": 100.0, "percent_statements_covered_display": "100"}, "missing_lines": [], "excluded_lines": [], "start_line": 208}, "init_db": {"executed_lines": [242, 244, 245], "summary": {"covered_lines": 3, "num_statements": 3, "percent_covered": 100.0, "percent_covered_display": "100", "missing_lines": 0, "excluded_lines": 0, "percent_statements_covered": 100.0, "percent_statements_covered_display": "100"}, "missing_lines": [], "excluded_lines": [], "start_line": 234}, "_create_sqlite_tenant_integrity_triggers": {"executed_lines": [250, 253, 278, 279, 280], "summary": {"covered_lines": 5, "num_statements": 6, "percent_covered": 83.33333333333333, "percent_covered_display": "83", "missing_lines": 1, "excluded_lines": 0, "percent_statements_covered": 83.33333333333333, "percent_statements_covered_display": "83"}, "missing_lines": [251], "excluded_lines": [], "start_line": 248}, "drop_db": {"executed_lines": [289], "summary": {"covered_lines": 1, "num_statements": 1, "percent_covered": 100.0, "percent_covered_display": "100", "missing_lines": 0, "excluded_lines": 0, "percent_statements_covered": 100.0, "percent_statements_covered_display": "100"}, "missing_lines": [], "excluded_lines": [], "start_line": 283}, "check_connection": {"executed_lines": [297, 298, 299, 300, 301, 302], "summary": {"covered_lines": 6, "num_statements": 6, "percent_covered": 100.0, "percent_covered_display": "100", "missing_lines": 0, "excluded_lines": 0, "percent_statements_covered": 100.0, "percent_statements_covered_display": "100"}, "missing_lines": [], "excluded_lines": [], "start_line": 292}, "": {"executed_lines": [29, 30, 31, 32, 34, 35, 36, 38, 43, 44, 45, 48, 62, 109, 110, 116, 117, 131, 164, 169, 180, 207, 208, 234, 248, 283, 292], "summary": {"covered_lines": 27, "num_statements": 27, "percent_covered": 100.0, "percent_covered_display": "100", "missing_lines": 0, "excluded_lines": 0, "percent_statements_covered": 100.0, "percent_statements_covered_display": "100"}, "missing_lines": [], "excluded_lines": [], "start_line": 1}}, "classes": {"": {"executed_lines": [29, 30, 31, 32, 34, 35, 36, 38, 43, 44, 45, 48, 50, 52, 55, 56, 62, 68, 69, 70, 73, 74, 75, 76, 78, 79, 81, 82, 84, 85, 86, 87, 88, 89, 90, 91, 94, 95, 97, 98, 99, 100, 102, 103, 106, 109, 110, 116, 117, 120, 121, 122, 123, 124, 125, 131, 148, 150, 151, 152, 156, 157, 158, 161, 164, 169, 180, 193, 194, 195, 196, 197, 198, 199, 201, 207, 208, 220, 221, 222, 223, 224, 225, 226, 228, 234, 242, 244, 245, 248, 250, 253, 278, 279, 280, 283, 289, 292, 297, 298, 299, 300, 301, 302], "summary": {"covered_lines": 104, "num_statements": 107, "percent_covered": 97.19626168224299, "percent_covered_display": "97", "missing_lines": 3, "excluded_lines": 0, "percent_statements_covered": 97.19626168224299, "percent_statements_covered_display": "97"}, "missing_lines": [51, 53, 251], "excluded_lines": [], "start_line": 1}}}}, "totals": {"covered_lines": 2462, "num_statements": 3929, "percent_covered": 62.66225502672436, "percent_covered_display": "63", "missing_lines": 1467, "excluded_lines": 39, "percent_statements_covered": 62.66225502672436, "percent_statements_covered_display": "63"}}